{"meta": {"format": 3, "version": "7.13.0", "timestamp": "2026-03-01T19:21:13.856894", "branch_coverage": false, "show_contexts": false}, "files": {"plumb/__init__.py": {"executed_lines": [1, 4, 5, 8, 9, 12, 13], "summary": {"covered_lines": 4, "num_statements": 4, "percent_covered": 100.0, "percent_covered_display": "100", "missing_lines": 0, "excluded_lines": 0, "percent_statements_covered": 100.0, "percent_statements_covered_display": "100"}, "missing_lines": [], "excluded_lines": [], "functions": {"": {"executed_lines": [1, 4, 5, 8, 9, 12, 13], "summary": {"covered_lines": 4, "num_statements": 4, "percent_covered": 100.0, "percent_covered_display": "100", "missing_lines": 0, "excluded_lines": 0, "percent_statements_covered": 100.0, "percent_statements_covered_display": "100"}, "missing_lines": [], "excluded_lines": []}}, "classes": {"PlumbError": {"executed_lines": [], "summary": {"covered_lines": 0, "num_statements": 0, "percent_covered": 100.0, "percent_covered_display": "100", "missing_lines": 0, "excluded_lines": 0, "percent_statements_covered": 100.0, "percent_statements_covered_display": "100"}, "missing_lines": [], "excluded_lines": []}, "PlumbInferenceError": {"executed_lines": [], "summary": {"covered_lines": 0, "num_statements": 0, "percent_covered": 100.0, "percent_covered_display": "100", "missing_lines": 0, "excluded_lines": 0, "percent_statements_covered": 100.0, "percent_statements_covered_display": "100"}, "missing_lines": [], "excluded_lines": []}, "PlumbAuthError": {"executed_lines": [], "summary": {"covered_lines": 0, "num_statements": 0, "percent_covered": 100.0, "percent_covered_display": "100", "missing_lines": 0, "excluded_lines": 0, "percent_statements_covered": 100.0, "percent_statements_covered_display": "100"}, "missing_lines": [], "excluded_lines": []}, "": {"executed_lines": [1, 4, 5, 8, 9, 12, 13], "summary": {"covered_lines": 4, "num_statements": 4, "percent_covered": 100.0, "percent_covered_display": "100", "missing_lines": 0, "excluded_lines": 0, "percent_statements_covered": 100.0, "percent_statements_covered_display": "100"}, "missing_lines": [], "excluded_lines": []}}}, "plumb/claude_session.py": {"executed_lines": [1, 6, 8, 9, 10, 11, 12, 14, 16, 19, 24, 25, 28, 30, 31, 32, 33, 34, 37, 41, 42, 43, 44, 45, 46, 49, 54, 55, 56, 58, 59, 61, 62, 63, 65, 67, 68, 69, 72, 75, 76, 78, 79, 80, 81, 83, 84, 85, 92, 95, 99, 100, 101, 106, 107, 108, 110, 111, 112, 113, 115, 116, 117, 119, 120, 121, 124, 125, 129, 130, 133, 146, 156, 157, 158, 160, 161, 162, 164, 165, 168, 169, 170, 171, 174, 175, 177, 178], "summary": {"covered_lines": 87, "num_statements": 103, "percent_covered": 84.46601941747574, "percent_covered_display": "84", "missing_lines": 16, "excluded_lines": 0, "percent_statements_covered": 84.46601941747574, "percent_statements_covered_display": "84"}, "missing_lines": [73, 102, 103, 104, 109, 126, 127, 135, 136, 138, 139, 140, 141, 142, 143, 166], "excluded_lines": [], "functions": {"encode_project_path": {"executed_lines": [24, 25], "summary": {"covered_lines": 2, "num_statements": 2, "percent_covered": 100.0, "percent_covered_display": "100", "missing_lines": 0, "excluded_lines": 0, "percent_statements_covered": 100.0, "percent_statements_covered_display": "100"}, "missing_lines": [], "excluded_lines": []}, "find_session_dir": {"executed_lines": [30, 31, 32, 33, 34], "summary": {"covered_lines": 5, "num_statements": 5, "percent_covered": 100.0, "percent_covered_display": "100", "missing_lines": 0, "excluded_lines": 0, "percent_statements_covered": 100.0, "percent_statements_covered_display": "100"}, "missing_lines": [], "excluded_lines": []}, "list_session_files": {"executed_lines": [41, 42, 43, 44, 45, 46], "summary": {"covered_lines": 6, "num_statements": 6, "percent_covered": 100.0, "percent_covered_display": "100", "missing_lines": 0, "excluded_lines": 0, "percent_statements_covered": 100.0, "percent_statements_covered_display": "100"}, "missing_lines": [], "excluded_lines": []}, "_parse_session_entry": {"executed_lines": [54, 55, 56, 58, 59, 61, 62, 63, 65, 67, 68, 69, 72, 75, 76, 78, 79, 80, 81, 83, 84, 85, 92], "summary": {"covered_lines": 23, "num_statements": 24, "percent_covered": 95.83333333333333, "percent_covered_display": "96", "missing_lines": 1, "excluded_lines": 0, "percent_statements_covered": 95.83333333333333, "percent_statements_covered_display": "96"}, "missing_lines": [73], "excluded_lines": []}, "parse_session_file": {"executed_lines": [99, 100, 101, 106, 107, 108, 110, 111, 112, 113, 115, 116, 117, 119, 120, 121, 124, 125, 129, 130], "summary": {"covered_lines": 20, "num_statements": 26, "percent_covered": 76.92307692307692, "percent_covered_display": "77", "missing_lines": 6, "excluded_lines": 0, "percent_statements_covered": 76.92307692307692, "percent_statements_covered_display": "77"}, "missing_lines": [102, 103, 104, 109, 126, 127], "excluded_lines": []}, "_commit_sha_to_datetime": {"executed_lines": [], "summary": {"covered_lines": 0, "num_statements": 8, "percent_covered": 0.0, "percent_covered_display": "0", "missing_lines": 8, "excluded_lines": 0, "percent_statements_covered": 0.0, "percent_statements_covered_display": "0"}, "missing_lines": [135, 136, 138, 139, 140, 141, 142, 143], "excluded_lines": []}, "read_claude_sessions": {"executed_lines": [156, 157, 158, 160, 161, 162, 164, 165, 168, 169, 170, 171, 174, 177, 178], "summary": {"covered_lines": 15, "num_statements": 16, "percent_covered": 93.75, "percent_covered_display": "94", "missing_lines": 1, "excluded_lines": 0, "percent_statements_covered": 93.75, "percent_statements_covered_display": "94"}, "missing_lines": [166], "excluded_lines": []}, "read_claude_sessions.sort_key": {"executed_lines": [175], "summary": {"covered_lines": 1, "num_statements": 1, "percent_covered": 100.0, "percent_covered_display": "100", "missing_lines": 0, "excluded_lines": 0, "percent_statements_covered": 100.0, "percent_statements_covered_display": "100"}, "missing_lines": [], "excluded_lines": []}, "": {"executed_lines": [1, 6, 8, 9, 10, 11, 12, 14, 16, 19, 28, 37, 49, 95, 133, 146], "summary": {"covered_lines": 15, "num_statements": 15, "percent_covered": 100.0, "percent_covered_display": "100", "missing_lines": 0, "excluded_lines": 0, "percent_statements_covered": 100.0, "percent_statements_covered_display": "100"}, "missing_lines": [], "excluded_lines": []}}, "classes": {"": {"executed_lines": [1, 6, 8, 9, 10, 11, 12, 14, 16, 19, 24, 25, 28, 30, 31, 32, 33, 34, 37, 41, 42, 43, 44, 45, 46, 49, 54, 55, 56, 58, 59, 61, 62, 63, 65, 67, 68, 69, 72, 75, 76, 78, 79, 80, 81, 83, 84, 85, 92, 95, 99, 100, 101, 106, 107, 108, 110, 111, 112, 113, 115, 116, 117, 119, 120, 121, 124, 125, 129, 130, 133, 146, 156, 157, 158, 160, 161, 162, 164, 165, 168, 169, 170, 171, 174, 175, 177, 178], "summary": {"covered_lines": 87, "num_statements": 103, "percent_covered": 84.46601941747574, "percent_covered_display": "84", "missing_lines": 16, "excluded_lines": 0, "percent_statements_covered": 84.46601941747574, "percent_statements_covered_display": "84"}, "missing_lines": [73, 102, 103, 104, 109, 126, 127, 135, 136, 138, 139, 140, 141, 142, 143, 166], "excluded_lines": []}}}, "plumb/cli.py": {"executed_lines": [1, 3, 4, 5, 6, 7, 8, 9, 11, 12, 13, 15, 22, 23, 31, 34, 35, 37, 40, 41, 43, 44, 45, 46, 49, 52, 56, 57, 58, 59, 61, 62, 63, 64, 67, 70, 73, 74, 75, 76, 79, 84, 87, 88, 89, 90, 91, 94, 95, 96, 99, 100, 101, 102, 103, 104, 109, 112, 113, 114, 115, 119, 120, 121, 122, 123, 124, 125, 128, 130, 131, 132, 133, 134, 137, 139, 140, 141, 143, 168, 169, 171, 172, 173, 174, 176, 177, 179, 182, 183, 184, 186, 188, 189, 190, 193, 194, 196, 198, 199, 202, 203, 204, 206, 207, 208, 209, 211, 212, 213, 215, 216, 217, 219, 221, 222, 223, 224, 225, 226, 227, 228, 229, 230, 231, 232, 233, 235, 240, 241, 242, 243, 244, 245, 246, 247, 251, 252, 254, 255, 256, 257, 261, 262, 264, 266, 267, 271, 273, 274, 276, 277, 278, 279, 280, 281, 283, 284, 285, 287, 288, 289, 290, 291, 294, 295, 296, 297, 298, 299, 300, 302, 303, 304, 310, 311, 312, 313, 315, 316, 317, 318, 365, 366, 367, 368, 370, 371, 375, 376, 377, 379, 380, 381, 383, 384, 385, 386, 387, 388, 389, 390, 393, 394, 395, 397, 398, 401, 402, 403, 405, 406, 409, 410, 411, 412, 414, 415, 419, 420, 426, 430, 433, 434, 435, 436, 438, 439, 443, 444, 450, 454, 455, 458, 459, 460, 462, 463, 464, 465, 467, 470, 471, 473, 474, 478, 479, 480, 481, 488, 489, 491, 492, 493, 494, 505, 506, 507, 670, 671, 673, 674, 678, 679, 682, 683, 685, 686, 690, 691, 692, 693, 696, 699, 700, 701, 702, 703, 704, 705, 707, 710, 711, 712, 713, 714, 715, 716, 717, 720, 723, 724, 725, 726, 727, 732, 733, 734, 736, 738, 739, 740, 741, 742, 743, 744, 745, 749, 750, 752, 755, 759, 760, 761, 762, 763, 764, 765, 766, 767, 768], "summary": {"covered_lines": 321, "num_statements": 486, "percent_covered": 66.04938271604938, "percent_covered_display": "66", "missing_lines": 165, "excluded_lines": 0, "percent_statements_covered": 66.04938271604938, "percent_statements_covered_display": "66"}, "missing_lines": [106, 116, 117, 253, 321, 322, 323, 324, 327, 334, 336, 338, 339, 340, 341, 342, 344, 345, 352, 353, 354, 355, 357, 372, 373, 416, 417, 427, 428, 440, 441, 451, 452, 475, 476, 483, 484, 485, 496, 497, 498, 499, 500, 501, 502, 509, 511, 512, 513, 514, 516, 517, 518, 519, 521, 522, 523, 524, 526, 527, 528, 529, 532, 533, 534, 535, 536, 537, 538, 539, 541, 542, 543, 544, 545, 546, 547, 548, 549, 550, 551, 552, 554, 556, 557, 558, 565, 566, 567, 569, 570, 572, 573, 575, 576, 578, 579, 581, 582, 583, 584, 585, 587, 588, 589, 592, 593, 594, 595, 596, 598, 599, 605, 607, 608, 609, 612, 617, 618, 619, 621, 622, 623, 624, 625, 628, 631, 632, 633, 634, 635, 636, 637, 638, 640, 641, 643, 644, 645, 646, 647, 648, 650, 651, 652, 654, 655, 656, 657, 658, 659, 660, 661, 664, 665, 667, 675, 676, 687, 688, 718, 719, 728, 729, 747], "excluded_lines": [], "functions": {"cli": {"executed_lines": [37], "summary": {"covered_lines": 1, "num_statements": 1, "percent_covered": 100.0, "percent_covered_display": "100", "missing_lines": 0, "excluded_lines": 0, "percent_statements_covered": 100.0, "percent_statements_covered_display": "100"}, "missing_lines": [], "excluded_lines": []}, "init": {"executed_lines": [43, 44, 45, 46, 49, 52, 56, 57, 58, 59, 61, 62, 63, 64, 67, 70, 73, 74, 75, 76, 79, 84, 87, 88, 89, 90, 91, 94, 95, 96, 99, 100, 101, 102, 103, 104, 109, 112, 113, 114, 115, 119, 120, 121, 122, 123, 124, 125], "summary": {"covered_lines": 48, "num_statements": 51, "percent_covered": 94.11764705882354, "percent_covered_display": "94", "missing_lines": 3, "excluded_lines": 0, "percent_statements_covered": 94.11764705882354, "percent_statements_covered_display": "94"}, "missing_lines": [106, 116, 117], "excluded_lines": []}, "_coverage_bar": {"executed_lines": [130, 131, 132, 133, 134], "summary": {"covered_lines": 5, "num_statements": 5, "percent_covered": 100.0, "percent_covered_display": "100", "missing_lines": 0, "excluded_lines": 0, "percent_statements_covered": 100.0, "percent_statements_covered_display": "100"}, "missing_lines": [], "excluded_lines": []}, "_update_claude_md": {"executed_lines": [139, 140, 141, 143, 168, 169, 171, 172, 173, 174, 176, 177, 179], "summary": {"covered_lines": 13, "num_statements": 13, "percent_covered": 100.0, "percent_covered_display": "100", "missing_lines": 0, "excluded_lines": 0, "percent_statements_covered": 100.0, "percent_statements_covered_display": "100"}, "missing_lines": [], "excluded_lines": []}, "hook": {"executed_lines": [186, 188, 189, 190], "summary": {"covered_lines": 4, "num_statements": 4, "percent_covered": 100.0, "percent_covered_display": "100", "missing_lines": 0, "excluded_lines": 0, "percent_statements_covered": 100.0, "percent_statements_covered_display": "100"}, "missing_lines": [], "excluded_lines": []}, "diff": {"executed_lines": [196, 198, 199], "summary": {"covered_lines": 3, "num_statements": 3, "percent_covered": 100.0, "percent_covered_display": "100", "missing_lines": 0, "excluded_lines": 0, "percent_statements_covered": 100.0, "percent_statements_covered_display": "100"}, "missing_lines": [], "excluded_lines": []}, "review": {"executed_lines": [206, 207, 208, 209, 211, 212, 213, 215, 216, 217, 219, 221, 222, 223, 224, 225, 226, 227, 228, 229, 230, 231, 232, 233, 235, 240, 241, 242, 243, 244, 245, 246, 247, 251, 252, 254, 255, 256, 257, 261, 262, 264, 266, 267], "summary": {"covered_lines": 44, "num_statements": 45, "percent_covered": 97.77777777777777, "percent_covered_display": "98", "missing_lines": 1, "excluded_lines": 0, "percent_statements_covered": 97.77777777777777, "percent_statements_covered_display": "98"}, "missing_lines": [253], "excluded_lines": []}, "_run_modify": {"executed_lines": [273, 274, 276, 277, 278, 279, 280, 281, 283, 284, 285, 287, 288, 289, 290, 291, 294, 295, 296, 297, 298, 299, 300, 302, 303, 304, 310, 311, 312, 313, 315, 316, 317, 318], "summary": {"covered_lines": 34, "num_statements": 53, "percent_covered": 64.15094339622641, "percent_covered_display": "64", "missing_lines": 19, "excluded_lines": 0, "percent_statements_covered": 64.15094339622641, "percent_statements_covered_display": "64"}, "missing_lines": [321, 322, 323, 324, 327, 334, 336, 338, 339, 340, 341, 342, 344, 345, 352, 353, 354, 355, 357], "excluded_lines": []}, "approve": {"executed_lines": [370, 371, 375, 376, 377, 379, 380, 381, 383, 384, 385, 386, 387, 388, 389, 390, 393, 394, 395, 397, 398, 401, 402, 403, 405, 406], "summary": {"covered_lines": 26, "num_statements": 28, "percent_covered": 92.85714285714286, "percent_covered_display": "93", "missing_lines": 2, "excluded_lines": 0, "percent_statements_covered": 92.85714285714286, "percent_statements_covered_display": "93"}, "missing_lines": [372, 373], "excluded_lines": []}, "reject": {"executed_lines": [414, 415, 419, 420, 426, 430], "summary": {"covered_lines": 6, "num_statements": 10, "percent_covered": 60.0, "percent_covered_display": "60", "missing_lines": 4, "excluded_lines": 0, "percent_statements_covered": 60.0, "percent_statements_covered_display": "60"}, "missing_lines": [416, 417, 427, 428], "excluded_lines": []}, "edit": {"executed_lines": [438, 439, 443, 444, 450, 454, 455], "summary": {"covered_lines": 7, "num_statements": 11, "percent_covered": 63.63636363636363, "percent_covered_display": "64", "missing_lines": 4, "excluded_lines": 0, "percent_statements_covered": 63.63636363636363, "percent_statements_covered_display": "64"}, "missing_lines": [440, 441, 451, 452], "excluded_lines": []}, "modify": {"executed_lines": [462, 463, 464, 465, 467], "summary": {"covered_lines": 5, "num_statements": 5, "percent_covered": 100.0, "percent_covered_display": "100", "missing_lines": 0, "excluded_lines": 0, "percent_statements_covered": 100.0, "percent_statements_covered_display": "100"}, "missing_lines": [], "excluded_lines": []}, "sync_cmd": {"executed_lines": [473, 474, 478, 479, 480, 481], "summary": {"covered_lines": 6, "num_statements": 11, "percent_covered": 54.54545454545455, "percent_covered_display": "55", "missing_lines": 5, "excluded_lines": 0, "percent_statements_covered": 54.54545454545455, "percent_statements_covered_display": "55"}, "missing_lines": [475, 476, 483, 484, 485], "excluded_lines": []}, "parse_spec": {"executed_lines": [491, 492, 493, 494], "summary": {"covered_lines": 4, "num_statements": 11, "percent_covered": 36.36363636363637, "percent_covered_display": "36", "missing_lines": 7, "excluded_lines": 0, "percent_statements_covered": 36.36363636363637, "percent_statements_covered_display": "36"}, "missing_lines": [496, 497, 498, 499, 500, 501, 502], "excluded_lines": []}, "map_tests": {"executed_lines": [], "summary": {"covered_lines": 0, "num_statements": 111, "percent_covered": 0.0, "percent_covered_display": "0", "missing_lines": 111, "excluded_lines": 0, "percent_statements_covered": 0.0, "percent_statements_covered_display": "0"}, "missing_lines": [509, 511, 512, 513, 514, 516, 517, 518, 519, 521, 522, 523, 524, 526, 527, 528, 529, 532, 533, 534, 535, 536, 537, 538, 539, 541, 542, 543, 544, 545, 546, 547, 548, 549, 550, 551, 552, 554, 556, 557, 558, 565, 566, 567, 569, 570, 572, 573, 575, 576, 578, 579, 581, 582, 583, 584, 585, 587, 588, 589, 592, 593, 594, 595, 596, 598, 599, 605, 607, 608, 609, 612, 617, 618, 619, 621, 622, 623, 624, 625, 628, 631, 632, 633, 634, 635, 636, 637, 638, 640, 641, 643, 644, 645, 646, 647, 648, 650, 651, 652, 654, 655, 656, 657, 658, 659, 660, 661, 664, 665, 667], "excluded_lines": []}, "coverage": {"executed_lines": [673, 674, 678, 679], "summary": {"covered_lines": 4, "num_statements": 6, "percent_covered": 66.66666666666667, "percent_covered_display": "67", "missing_lines": 2, "excluded_lines": 0, "percent_statements_covered": 66.66666666666667, "percent_statements_covered_display": "67"}, "missing_lines": [675, 676], "excluded_lines": []}, "status": {"executed_lines": [685, 686, 690, 691, 692, 693, 696, 699, 700, 701, 702, 703, 704, 705, 707, 710, 711, 712, 713, 714, 715, 716, 717, 720, 723, 724, 725, 726, 727, 732, 733, 734, 736, 738, 739, 740, 741, 742, 743, 744, 745, 749, 750, 752, 755, 759, 760, 761, 762, 763, 764, 765, 766, 767, 768], "summary": {"covered_lines": 55, "num_statements": 62, "percent_covered": 88.70967741935483, "percent_covered_display": "89", "missing_lines": 7, "excluded_lines": 0, "percent_statements_covered": 88.70967741935483, "percent_statements_covered_display": "89"}, "missing_lines": [687, 688, 718, 719, 728, 729, 747], "excluded_lines": []}, "": {"executed_lines": [1, 3, 4, 5, 6, 7, 8, 9, 11, 12, 13, 15, 22, 23, 31, 34, 35, 40, 41, 128, 137, 182, 183, 184, 193, 194, 202, 203, 204, 271, 365, 366, 367, 368, 409, 410, 411, 412, 433, 434, 435, 436, 458, 459, 460, 470, 471, 488, 489, 505, 506, 507, 670, 671, 682, 683], "summary": {"covered_lines": 56, "num_statements": 56, "percent_covered": 100.0, "percent_covered_display": "100", "missing_lines": 0, "excluded_lines": 0, "percent_statements_covered": 100.0, "percent_statements_covered_display": "100"}, "missing_lines": [], "excluded_lines": []}}, "classes": {"": {"executed_lines": [1, 3, 4, 5, 6, 7, 8, 9, 11, 12, 13, 15, 22, 23, 31, 34, 35, 37, 40, 41, 43, 44, 45, 46, 49, 52, 56, 57, 58, 59, 61, 62, 63, 64, 67, 70, 73, 74, 75, 76, 79, 84, 87, 88, 89, 90, 91, 94, 95, 96, 99, 100, 101, 102, 103, 104, 109, 112, 113, 114, 115, 119, 120, 121, 122, 123, 124, 125, 128, 130, 131, 132, 133, 134, 137, 139, 140, 141, 143, 168, 169, 171, 172, 173, 174, 176, 177, 179, 182, 183, 184, 186, 188, 189, 190, 193, 194, 196, 198, 199, 202, 203, 204, 206, 207, 208, 209, 211, 212, 213, 215, 216, 217, 219, 221, 222, 223, 224, 225, 226, 227, 228, 229, 230, 231, 232, 233, 235, 240, 241, 242, 243, 244, 245, 246, 247, 251, 252, 254, 255, 256, 257, 261, 262, 264, 266, 267, 271, 273, 274, 276, 277, 278, 279, 280, 281, 283, 284, 285, 287, 288, 289, 290, 291, 294, 295, 296, 297, 298, 299, 300, 302, 303, 304, 310, 311, 312, 313, 315, 316, 317, 318, 365, 366, 367, 368, 370, 371, 375, 376, 377, 379, 380, 381, 383, 384, 385, 386, 387, 388, 389, 390, 393, 394, 395, 397, 398, 401, 402, 403, 405, 406, 409, 410, 411, 412, 414, 415, 419, 420, 426, 430, 433, 434, 435, 436, 438, 439, 443, 444, 450, 454, 455, 458, 459, 460, 462, 463, 464, 465, 467, 470, 471, 473, 474, 478, 479, 480, 481, 488, 489, 491, 492, 493, 494, 505, 506, 507, 670, 671, 673, 674, 678, 679, 682, 683, 685, 686, 690, 691, 692, 693, 696, 699, 700, 701, 702, 703, 704, 705, 707, 710, 711, 712, 713, 714, 715, 716, 717, 720, 723, 724, 725, 726, 727, 732, 733, 734, 736, 738, 739, 740, 741, 742, 743, 744, 745, 749, 750, 752, 755, 759, 760, 761, 762, 763, 764, 765, 766, 767, 768], "summary": {"covered_lines": 321, "num_statements": 486, "percent_covered": 66.04938271604938, "percent_covered_display": "66", "missing_lines": 165, "excluded_lines": 0, "percent_statements_covered": 66.04938271604938, "percent_statements_covered_display": "66"}, "missing_lines": [106, 116, 117, 253, 321, 322, 323, 324, 327, 334, 336, 338, 339, 340, 341, 342, 344, 345, 352, 353, 354, 355, 357, 372, 373, 416, 417, 427, 428, 440, 441, 451, 452, 475, 476, 483, 484, 485, 496, 497, 498, 499, 500, 501, 502, 509, 511, 512, 513, 514, 516, 517, 518, 519, 521, 522, 523, 524, 526, 527, 528, 529, 532, 533, 534, 535, 536, 537, 538, 539, 541, 542, 543, 544, 545, 546, 547, 548, 549, 550, 551, 552, 554, 556, 557, 558, 565, 566, 567, 569, 570, 572, 573, 575, 576, 578, 579, 581, 582, 583, 584, 585, 587, 588, 589, 592, 593, 594, 595, 596, 598, 599, 605, 607, 608, 609, 612, 617, 618, 619, 621, 622, 623, 624, 625, 628, 631, 632, 633, 634, 635, 636, 637, 638, 640, 641, 643, 644, 645, 646, 647, 648, 650, 651, 652, 654, 655, 656, 657, 658, 659, 660, 661, 664, 665, 667, 675, 676, 687, 688, 718, 719, 728, 729, 747], "excluded_lines": []}}}, "plumb/config.py": {"executed_lines": [1, 3, 4, 5, 6, 7, 8, 10, 13, 14, 15, 16, 17, 18, 19, 22, 24, 25, 26, 27, 28, 31, 33, 34, 35, 38, 39, 42, 44, 45, 46, 47, 48, 49, 50, 51, 54, 56, 57, 58, 59, 60, 61, 62, 63], "summary": {"covered_lines": 45, "num_statements": 49, "percent_covered": 91.83673469387755, "percent_covered_display": "92", "missing_lines": 4, "excluded_lines": 0, "percent_statements_covered": 91.83673469387755, "percent_statements_covered_display": "92"}, "missing_lines": [64, 65, 66, 67], "excluded_lines": [], "functions": {"find_repo_root": {"executed_lines": [24, 25, 26, 27, 28], "summary": {"covered_lines": 5, "num_statements": 5, "percent_covered": 100.0, "percent_covered_display": "100", "missing_lines": 0, "excluded_lines": 0, "percent_statements_covered": 100.0, "percent_statements_covered_display": "100"}, "missing_lines": [], "excluded_lines": []}, "ensure_plumb_dir": {"executed_lines": [33, 34, 35], "summary": {"covered_lines": 3, "num_statements": 3, "percent_covered": 100.0, "percent_covered_display": "100", "missing_lines": 0, "excluded_lines": 0, "percent_statements_covered": 100.0, "percent_statements_covered_display": "100"}, "missing_lines": [], "excluded_lines": []}, "config_path": {"executed_lines": [39], "summary": {"covered_lines": 1, "num_statements": 1, "percent_covered": 100.0, "percent_covered_display": "100", "missing_lines": 0, "excluded_lines": 0, "percent_statements_covered": 100.0, "percent_statements_covered_display": "100"}, "missing_lines": [], "excluded_lines": []}, "load_config": {"executed_lines": [44, 45, 46, 47, 48, 49, 50, 51], "summary": {"covered_lines": 8, "num_statements": 8, "percent_covered": 100.0, "percent_covered_display": "100", "missing_lines": 0, "excluded_lines": 0, "percent_statements_covered": 100.0, "percent_statements_covered_display": "100"}, "missing_lines": [], "excluded_lines": []}, "save_config": {"executed_lines": [56, 57, 58, 59, 60, 61, 62, 63], "summary": {"covered_lines": 8, "num_statements": 12, "percent_covered": 66.66666666666667, "percent_covered_display": "67", "missing_lines": 4, "excluded_lines": 0, "percent_statements_covered": 66.66666666666667, "percent_statements_covered_display": "67"}, "missing_lines": [64, 65, 66, 67], "excluded_lines": []}, "": {"executed_lines": [1, 3, 4, 5, 6, 7, 8, 10, 13, 14, 15, 16, 17, 18, 19, 22, 31, 38, 42, 54], "summary": {"covered_lines": 20, "num_statements": 20, "percent_covered": 100.0, "percent_covered_display": "100", "missing_lines": 0, "excluded_lines": 0, "percent_statements_covered": 100.0, "percent_statements_covered_display": "100"}, "missing_lines": [], "excluded_lines": []}}, "classes": {"PlumbConfig": {"executed_lines": [], "summary": {"covered_lines": 0, "num_statements": 0, "percent_covered": 100.0, "percent_covered_display": "100", "missing_lines": 0, "excluded_lines": 0, "percent_statements_covered": 100.0, "percent_statements_covered_display": "100"}, "missing_lines": [], "excluded_lines": []}, "": {"executed_lines": [1, 3, 4, 5, 6, 7, 8, 10, 13, 14, 15, 16, 17, 18, 19, 22, 24, 25, 26, 27, 28, 31, 33, 34, 35, 38, 39, 42, 44, 45, 46, 47, 48, 49, 50, 51, 54, 56, 57, 58, 59, 60, 61, 62, 63], "summary": {"covered_lines": 45, "num_statements": 49, "percent_covered": 91.83673469387755, "percent_covered_display": "92", "missing_lines": 4, "excluded_lines": 0, "percent_statements_covered": 91.83673469387755, "percent_statements_covered_display": "92"}, "missing_lines": [64, 65, 66, 67], "excluded_lines": []}}}, "plumb/conversation.py": {"executed_lines": [1, 3, 4, 5, 6, 7, 9, 12, 13, 14, 15, 18, 19, 20, 21, 22, 23, 25, 26, 27, 30, 31, 34, 36, 37, 38, 39, 42, 43, 48, 49, 51, 54, 58, 59, 60, 61, 63, 64, 65, 70, 71, 72, 73, 74, 75, 78, 80, 81, 83, 84, 86, 88, 91, 94, 95, 96, 97, 99, 100, 101, 103, 111, 112, 115, 117, 118, 119, 121, 122, 123, 125, 126, 127, 129, 130, 132, 133, 134, 137, 147, 148, 149, 150, 152, 154, 157, 166, 167, 170, 171, 173, 174, 175, 176, 178, 180, 181, 184, 185, 186, 187, 188, 191, 192, 195, 196, 197, 198, 199, 201, 202, 204, 214], "summary": {"covered_lines": 114, "num_statements": 119, "percent_covered": 95.7983193277311, "percent_covered_display": "96", "missing_lines": 5, "excluded_lines": 0, "percent_statements_covered": 95.7983193277311, "percent_statements_covered_display": "96"}, "missing_lines": [50, 62, 82, 87, 102], "excluded_lines": [], "functions": {"Chunk.text": {"executed_lines": [27], "summary": {"covered_lines": 1, "num_statements": 1, "percent_covered": 100.0, "percent_covered_display": "100", "missing_lines": 0, "excluded_lines": 0, "percent_statements_covered": 100.0, "percent_statements_covered_display": "100"}, "missing_lines": [], "excluded_lines": []}, "estimate_tokens": {"executed_lines": [31], "summary": {"covered_lines": 1, "num_statements": 1, "percent_covered": 100.0, "percent_covered_display": "100", "missing_lines": 0, "excluded_lines": 0, "percent_statements_covered": 100.0, "percent_statements_covered_display": "100"}, "missing_lines": [], "excluded_lines": []}, "locate_conversation_log": {"executed_lines": [36, 37, 38, 39, 42, 43, 48, 49, 51], "summary": {"covered_lines": 9, "num_statements": 10, "percent_covered": 90.0, "percent_covered_display": "90", "missing_lines": 1, "excluded_lines": 0, "percent_statements_covered": 90.0, "percent_statements_covered_display": "90"}, "missing_lines": [50], "excluded_lines": []}, "read_conversation_log": {"executed_lines": [58, 59, 60, 61, 63, 64, 65, 70, 71, 72, 73, 74, 75], "summary": {"covered_lines": 13, "num_statements": 14, "percent_covered": 92.85714285714286, "percent_covered_display": "93", "missing_lines": 1, "excluded_lines": 0, "percent_statements_covered": 92.85714285714286, "percent_statements_covered_display": "93"}, "missing_lines": [62], "excluded_lines": []}, "_looks_like_file_read": {"executed_lines": [80, 81, 83, 84, 86, 88], "summary": {"covered_lines": 6, "num_statements": 8, "percent_covered": 75.0, "percent_covered_display": "75", "missing_lines": 2, "excluded_lines": 0, "percent_statements_covered": 75.0, "percent_statements_covered_display": "75"}, "missing_lines": [82, 87], "excluded_lines": []}, "reduce_noise": {"executed_lines": [94, 95, 96, 97, 99, 100, 101, 103, 111, 112], "summary": {"covered_lines": 10, "num_statements": 11, "percent_covered": 90.9090909090909, "percent_covered_display": "91", "missing_lines": 1, "excluded_lines": 0, "percent_statements_covered": 90.9090909090909, "percent_statements_covered_display": "91"}, "missing_lines": [102], "excluded_lines": []}, "_split_at_tool_boundary": {"executed_lines": [117, 118, 119, 121, 122, 123, 125, 126, 127, 129, 130, 132, 133, 134], "summary": {"covered_lines": 14, "num_statements": 14, "percent_covered": 100.0, "percent_covered_display": "100", "missing_lines": 0, "excluded_lines": 0, "percent_statements_covered": 100.0, "percent_statements_covered_display": "100"}, "missing_lines": [], "excluded_lines": []}, "read_conversation": {"executed_lines": [147, 148, 149, 150, 152, 154], "summary": {"covered_lines": 6, "num_statements": 6, "percent_covered": 100.0, "percent_covered_display": "100", "missing_lines": 0, "excluded_lines": 0, "percent_statements_covered": 100.0, "percent_statements_covered_display": "100"}, "missing_lines": [], "excluded_lines": []}, "chunk_conversation": {"executed_lines": [166, 167, 170, 171, 173, 174, 175, 176, 178, 180, 181, 184, 185, 186, 187, 188, 191, 192, 195, 196, 197, 198, 199, 201, 202, 204, 214], "summary": {"covered_lines": 27, "num_statements": 27, "percent_covered": 100.0, "percent_covered_display": "100", "missing_lines": 0, "excluded_lines": 0, "percent_statements_covered": 100.0, "percent_statements_covered_display": "100"}, "missing_lines": [], "excluded_lines": []}, "": {"executed_lines": [1, 3, 4, 5, 6, 7, 9, 12, 13, 14, 15, 18, 19, 20, 21, 22, 23, 25, 26, 30, 34, 54, 78, 91, 115, 137, 157], "summary": {"covered_lines": 27, "num_statements": 27, "percent_covered": 100.0, "percent_covered_display": "100", "missing_lines": 0, "excluded_lines": 0, "percent_statements_covered": 100.0, "percent_statements_covered_display": "100"}, "missing_lines": [], "excluded_lines": []}}, "classes": {"ConversationTurn": {"executed_lines": [], "summary": {"covered_lines": 0, "num_statements": 0, "percent_covered": 100.0, "percent_covered_display": "100", "missing_lines": 0, "excluded_lines": 0, "percent_statements_covered": 100.0, "percent_statements_covered_display": "100"}, "missing_lines": [], "excluded_lines": []}, "Chunk": {"executed_lines": [27], "summary": {"covered_lines": 1, "num_statements": 1, "percent_covered": 100.0, "percent_covered_display": "100", "missing_lines": 0, "excluded_lines": 0, "percent_statements_covered": 100.0, "percent_statements_covered_display": "100"}, "missing_lines": [], "excluded_lines": []}, "": {"executed_lines": [1, 3, 4, 5, 6, 7, 9, 12, 13, 14, 15, 18, 19, 20, 21, 22, 23, 25, 26, 30, 31, 34, 36, 37, 38, 39, 42, 43, 48, 49, 51, 54, 58, 59, 60, 61, 63, 64, 65, 70, 71, 72, 73, 74, 75, 78, 80, 81, 83, 84, 86, 88, 91, 94, 95, 96, 97, 99, 100, 101, 103, 111, 112, 115, 117, 118, 119, 121, 122, 123, 125, 126, 127, 129, 130, 132, 133, 134, 137, 147, 148, 149, 150, 152, 154, 157, 166, 167, 170, 171, 173, 174, 175, 176, 178, 180, 181, 184, 185, 186, 187, 188, 191, 192, 195, 196, 197, 198, 199, 201, 202, 204, 214], "summary": {"covered_lines": 113, "num_statements": 118, "percent_covered": 95.76271186440678, "percent_covered_display": "96", "missing_lines": 5, "excluded_lines": 0, "percent_statements_covered": 95.76271186440678, "percent_statements_covered_display": "96"}, "missing_lines": [50, 62, 82, 87, 102], "excluded_lines": []}}}, "plumb/coverage_reporter.py": {"executed_lines": [1, 3, 4, 5, 6, 7, 8, 10, 11, 13, 15, 16, 19, 21, 22, 23, 25, 26, 28, 29, 46, 51, 54, 55, 56, 57, 58, 59, 60, 63, 70, 71, 72, 73, 74, 75, 78, 81, 82, 83, 84, 86, 87, 88, 90, 91, 92, 93, 95, 96, 99, 100, 101, 102, 103, 104, 105, 106, 108, 109, 111, 114, 116, 117, 120, 122, 124, 125, 126, 127, 129, 130, 133, 134, 137, 138, 139, 149, 150, 151, 152, 153, 154, 157, 169, 170, 171, 172, 174, 175, 176, 178, 179, 180, 181, 183, 186, 187, 188, 191, 192, 193, 194, 195, 199, 201, 204, 205, 207, 208, 210, 212, 213, 217, 218, 221, 227, 228, 232, 235, 237, 238, 240, 241, 242, 244, 245, 247, 248, 250, 251, 252, 253, 255, 256, 258, 260, 261, 262, 268, 270, 271, 272, 278, 280], "summary": {"covered_lines": 145, "num_statements": 166, "percent_covered": 87.34939759036145, "percent_covered_display": "87", "missing_lines": 21, "excluded_lines": 0, "percent_statements_covered": 87.34939759036145, "percent_statements_covered_display": "87"}, "missing_lines": [43, 44, 47, 48, 49, 50, 128, 131, 132, 135, 136, 140, 141, 145, 184, 196, 197, 214, 215, 229, 230], "excluded_lines": [], "functions": {"run_pytest_coverage": {"executed_lines": [21, 22, 23, 25, 26, 28, 29, 46, 51], "summary": {"covered_lines": 9, "num_statements": 15, "percent_covered": 60.0, "percent_covered_display": "60", "missing_lines": 6, "excluded_lines": 0, "percent_statements_covered": 60.0, "percent_statements_covered_display": "60"}, "missing_lines": [43, 44, 47, 48, 49, 50], "excluded_lines": []}, "_get_code_coverage_pct": {"executed_lines": [55, 56, 57, 58, 59, 60], "summary": {"covered_lines": 6, "num_statements": 6, "percent_covered": 100.0, "percent_covered_display": "100", "missing_lines": 0, "excluded_lines": 0, "percent_statements_covered": 100.0, "percent_statements_covered_display": "100"}, "missing_lines": [], "excluded_lines": []}, "_extract_test_req_ids": {"executed_lines": [70, 71, 72, 73, 74, 75], "summary": {"covered_lines": 6, "num_statements": 6, "percent_covered": 100.0, "percent_covered_display": "100", "missing_lines": 0, "excluded_lines": 0, "percent_statements_covered": 100.0, "percent_statements_covered_display": "100"}, "missing_lines": [], "excluded_lines": []}, "check_spec_to_test_coverage": {"executed_lines": [81, 82, 83, 84, 86, 87, 88, 90, 91, 92, 93, 95, 96, 99, 100, 101, 102, 103, 104, 105, 106, 108, 109, 111], "summary": {"covered_lines": 24, "num_statements": 24, "percent_covered": 100.0, "percent_covered_display": "100", "missing_lines": 0, "excluded_lines": 0, "percent_statements_covered": 100.0, "percent_statements_covered_display": "100"}, "missing_lines": [], "excluded_lines": []}, "_compute_cache_key": {"executed_lines": [116, 117], "summary": {"covered_lines": 2, "num_statements": 2, "percent_covered": 100.0, "percent_covered_display": "100", "missing_lines": 0, "excluded_lines": 0, "percent_statements_covered": 100.0, "percent_statements_covered_display": "100"}, "missing_lines": [], "excluded_lines": []}, "_collect_source_summaries": {"executed_lines": [122, 124, 125, 126, 127, 129, 130, 133, 134, 137, 138, 139, 149, 150, 151, 152, 153, 154], "summary": {"covered_lines": 18, "num_statements": 26, "percent_covered": 69.23076923076923, "percent_covered_display": "69", "missing_lines": 8, "excluded_lines": 0, "percent_statements_covered": 69.23076923076923, "percent_statements_covered_display": "69"}, "missing_lines": [128, 131, 132, 135, 136, 140, 141, 145], "excluded_lines": []}, "check_spec_to_code_coverage": {"executed_lines": [169, 170, 171, 172, 174, 175, 176, 178, 179, 180, 181, 183, 186, 187, 188, 191, 192, 193, 194, 195, 199, 201, 204, 205, 207, 208, 210, 212, 213, 217, 218, 221, 227, 228, 232], "summary": {"covered_lines": 35, "num_statements": 42, "percent_covered": 83.33333333333333, "percent_covered_display": "83", "missing_lines": 7, "excluded_lines": 0, "percent_statements_covered": 83.33333333333333, "percent_statements_covered_display": "83"}, "missing_lines": [184, 196, 197, 214, 215, 229, 230], "excluded_lines": []}, "print_coverage_report": {"executed_lines": [237, 238, 240, 241, 242, 244, 245, 247, 248, 250, 251, 252, 253, 255, 256, 258, 260, 261, 262, 268, 270, 271, 272, 278, 280], "summary": {"covered_lines": 25, "num_statements": 25, "percent_covered": 100.0, "percent_covered_display": "100", "missing_lines": 0, "excluded_lines": 0, "percent_statements_covered": 100.0, "percent_statements_covered_display": "100"}, "missing_lines": [], "excluded_lines": []}, "": {"executed_lines": [1, 3, 4, 5, 6, 7, 8, 10, 11, 13, 15, 16, 19, 54, 63, 78, 114, 120, 157, 235], "summary": {"covered_lines": 20, "num_statements": 20, "percent_covered": 100.0, "percent_covered_display": "100", "missing_lines": 0, "excluded_lines": 0, "percent_statements_covered": 100.0, "percent_statements_covered_display": "100"}, "missing_lines": [], "excluded_lines": []}}, "classes": {"": {"executed_lines": [1, 3, 4, 5, 6, 7, 8, 10, 11, 13, 15, 16, 19, 21, 22, 23, 25, 26, 28, 29, 46, 51, 54, 55, 56, 57, 58, 59, 60, 63, 70, 71, 72, 73, 74, 75, 78, 81, 82, 83, 84, 86, 87, 88, 90, 91, 92, 93, 95, 96, 99, 100, 101, 102, 103, 104, 105, 106, 108, 109, 111, 114, 116, 117, 120, 122, 124, 125, 126, 127, 129, 130, 133, 134, 137, 138, 139, 149, 150, 151, 152, 153, 154, 157, 169, 170, 171, 172, 174, 175, 176, 178, 179, 180, 181, 183, 186, 187, 188, 191, 192, 193, 194, 195, 199, 201, 204, 205, 207, 208, 210, 212, 213, 217, 218, 221, 227, 228, 232, 235, 237, 238, 240, 241, 242, 244, 245, 247, 248, 250, 251, 252, 253, 255, 256, 258, 260, 261, 262, 268, 270, 271, 272, 278, 280], "summary": {"covered_lines": 145, "num_statements": 166, "percent_covered": 87.34939759036145, "percent_covered_display": "87", "missing_lines": 21, "excluded_lines": 0, "percent_statements_covered": 87.34939759036145, "percent_statements_covered_display": "87"}, "missing_lines": [43, 44, 47, 48, 49, 50, 128, 131, 132, 135, 136, 140, 141, 145, 184, 196, 197, 214, 215, 229, 230], "excluded_lines": []}}}, "plumb/decision_log.py": {"executed_lines": [1, 3, 4, 5, 6, 7, 8, 9, 11, 14, 15, 16, 19, 20, 21, 22, 23, 24, 25, 26, 27, 28, 29, 30, 31, 32, 33, 34, 35, 36, 37, 38, 41, 42, 45, 46, 49, 51, 52, 53, 54, 55, 56, 57, 59, 60, 61, 62, 65, 68, 70, 71, 72, 73, 76, 78, 79, 80, 81, 82, 85, 92, 93, 94, 95, 96, 97, 98, 99, 100, 101, 102, 103, 104, 107, 113, 114, 115, 116, 117, 118, 119, 120, 121, 124, 127, 128, 129, 130, 131, 132, 133, 134, 135, 137, 138, 139, 140, 141, 144, 146, 147, 148, 149, 150, 151, 156, 159, 167, 169, 170, 173, 175, 176, 177, 178, 179, 180, 181, 182, 183, 186, 195, 196, 197, 201, 202, 203, 206, 207, 210, 211, 213, 217, 218, 220, 221, 222, 223, 224, 225, 226, 227, 228, 229, 230, 232], "summary": {"covered_lines": 147, "num_statements": 158, "percent_covered": 93.0379746835443, "percent_covered_display": "93", "missing_lines": 11, "excluded_lines": 0, "percent_statements_covered": 93.0379746835443, "percent_statements_covered_display": "93"}, "missing_lines": [58, 63, 64, 136, 142, 143, 152, 153, 154, 155, 204], "excluded_lines": [], "functions": {"generate_decision_id": {"executed_lines": [42], "summary": {"covered_lines": 1, "num_statements": 1, "percent_covered": 100.0, "percent_covered_display": "100", "missing_lines": 0, "excluded_lines": 0, "percent_statements_covered": 100.0, "percent_statements_covered_display": "100"}, "missing_lines": [], "excluded_lines": []}, "_decisions_path": {"executed_lines": [46], "summary": {"covered_lines": 1, "num_statements": 1, "percent_covered": 100.0, "percent_covered_display": "100", "missing_lines": 0, "excluded_lines": 0, "percent_statements_covered": 100.0, "percent_statements_covered_display": "100"}, "missing_lines": [], "excluded_lines": []}, "read_decisions": {"executed_lines": [51, 52, 53, 54, 55, 56, 57, 59, 60, 61, 62, 65], "summary": {"covered_lines": 12, "num_statements": 15, "percent_covered": 80.0, "percent_covered_display": "80", "missing_lines": 3, "excluded_lines": 0, "percent_statements_covered": 80.0, "percent_statements_covered_display": "80"}, "missing_lines": [58, 63, 64], "excluded_lines": []}, "append_decision": {"executed_lines": [70, 71, 72, 73], "summary": {"covered_lines": 4, "num_statements": 4, "percent_covered": 100.0, "percent_covered_display": "100", "missing_lines": 0, "excluded_lines": 0, "percent_statements_covered": 100.0, "percent_statements_covered_display": "100"}, "missing_lines": [], "excluded_lines": []}, "append_decisions": {"executed_lines": [78, 79, 80, 81, 82], "summary": {"covered_lines": 5, "num_statements": 5, "percent_covered": 100.0, "percent_covered_display": "100", "missing_lines": 0, "excluded_lines": 0, "percent_statements_covered": 100.0, "percent_statements_covered_display": "100"}, "missing_lines": [], "excluded_lines": []}, "update_decision_status": {"executed_lines": [92, 93, 94, 95, 96, 97, 98, 99, 100, 101, 102, 103, 104], "summary": {"covered_lines": 13, "num_statements": 13, "percent_covered": 100.0, "percent_covered_display": "100", "missing_lines": 0, "excluded_lines": 0, "percent_statements_covered": 100.0, "percent_statements_covered_display": "100"}, "missing_lines": [], "excluded_lines": []}, "filter_decisions": {"executed_lines": [113, 114, 115, 116, 117, 118, 119, 120, 121], "summary": {"covered_lines": 9, "num_statements": 9, "percent_covered": 100.0, "percent_covered_display": "100", "missing_lines": 0, "excluded_lines": 0, "percent_statements_covered": 100.0, "percent_statements_covered_display": "100"}, "missing_lines": [], "excluded_lines": []}, "delete_decisions_by_commit": {"executed_lines": [127, 128, 129, 130, 131, 132, 133, 134, 135, 137, 138, 139, 140, 141, 144, 146, 147, 148, 149, 150, 151, 156], "summary": {"covered_lines": 22, "num_statements": 29, "percent_covered": 75.86206896551724, "percent_covered_display": "76", "missing_lines": 7, "excluded_lines": 0, "percent_statements_covered": 75.86206896551724, "percent_statements_covered_display": "76"}, "missing_lines": [136, 142, 143, 152, 153, 154, 155], "excluded_lines": []}, "_normalize_text": {"executed_lines": [169, 170], "summary": {"covered_lines": 2, "num_statements": 2, "percent_covered": 100.0, "percent_covered_display": "100", "missing_lines": 0, "excluded_lines": 0, "percent_statements_covered": 100.0, "percent_statements_covered_display": "100"}, "missing_lines": [], "excluded_lines": []}, "_text_similarity": {"executed_lines": [175, 176, 177, 178, 179, 180, 181, 182, 183], "summary": {"covered_lines": 9, "num_statements": 9, "percent_covered": 100.0, "percent_covered_display": "100", "missing_lines": 0, "excluded_lines": 0, "percent_statements_covered": 100.0, "percent_statements_covered_display": "100"}, "missing_lines": [], "excluded_lines": []}, "deduplicate_decisions": {"executed_lines": [195, 196, 197, 201, 202, 203, 206, 207, 210, 211, 213, 217, 218, 220, 221, 222, 223, 224, 225, 226, 227, 228, 229, 230, 232], "summary": {"covered_lines": 25, "num_statements": 26, "percent_covered": 96.15384615384616, "percent_covered_display": "96", "missing_lines": 1, "excluded_lines": 0, "percent_statements_covered": 96.15384615384616, "percent_statements_covered_display": "96"}, "missing_lines": [204], "excluded_lines": []}, "": {"executed_lines": [1, 3, 4, 5, 6, 7, 8, 9, 11, 14, 15, 16, 19, 20, 21, 22, 23, 24, 25, 26, 27, 28, 29, 30, 31, 32, 33, 34, 35, 36, 37, 38, 41, 45, 49, 68, 76, 85, 107, 124, 159, 167, 173, 186], "summary": {"covered_lines": 44, "num_statements": 44, "percent_covered": 100.0, "percent_covered_display": "100", "missing_lines": 0, "excluded_lines": 0, "percent_statements_covered": 100.0, "percent_statements_covered_display": "100"}, "missing_lines": [], "excluded_lines": []}}, "classes": {"FileRef": {"executed_lines": [], "summary": {"covered_lines": 0, "num_statements": 0, "percent_covered": 100.0, "percent_covered_display": "100", "missing_lines": 0, "excluded_lines": 0, "percent_statements_covered": 100.0, "percent_statements_covered_display": "100"}, "missing_lines": [], "excluded_lines": []}, "Decision": {"executed_lines": [], "summary": {"covered_lines": 0, "num_statements": 0, "percent_covered": 100.0, "percent_covered_display": "100", "missing_lines": 0, "excluded_lines": 0, "percent_statements_covered": 100.0, "percent_statements_covered_display": "100"}, "missing_lines": [], "excluded_lines": []}, "": {"executed_lines": [1, 3, 4, 5, 6, 7, 8, 9, 11, 14, 15, 16, 19, 20, 21, 22, 23, 24, 25, 26, 27, 28, 29, 30, 31, 32, 33, 34, 35, 36, 37, 38, 41, 42, 45, 46, 49, 51, 52, 53, 54, 55, 56, 57, 59, 60, 61, 62, 65, 68, 70, 71, 72, 73, 76, 78, 79, 80, 81, 82, 85, 92, 93, 94, 95, 96, 97, 98, 99, 100, 101, 102, 103, 104, 107, 113, 114, 115, 116, 117, 118, 119, 120, 121, 124, 127, 128, 129, 130, 131, 132, 133, 134, 135, 137, 138, 139, 140, 141, 144, 146, 147, 148, 149, 150, 151, 156, 159, 167, 169, 170, 173, 175, 176, 177, 178, 179, 180, 181, 182, 183, 186, 195, 196, 197, 201, 202, 203, 206, 207, 210, 211, 213, 217, 218, 220, 221, 222, 223, 224, 225, 226, 227, 228, 229, 230, 232], "summary": {"covered_lines": 147, "num_statements": 158, "percent_covered": 93.0379746835443, "percent_covered_display": "93", "missing_lines": 11, "excluded_lines": 0, "percent_statements_covered": 93.0379746835443, "percent_statements_covered_display": "93"}, "missing_lines": [58, 63, 64, 136, 142, 143, 152, 153, 154, 155, 204], "excluded_lines": []}}}, "plumb/git_hook.py": {"executed_lines": [1, 3, 4, 5, 6, 7, 9, 11, 12, 13, 14, 19, 30, 31, 34, 36, 39, 41, 42, 43, 44, 45, 46, 51, 52, 53, 56, 57, 58, 63, 65, 66, 67, 68, 69, 70, 71, 74, 77, 79, 80, 81, 82, 83, 84, 85, 86, 87, 89, 90, 93, 107, 111, 112, 114, 119, 122, 123, 125, 126, 127, 128, 130, 131, 132, 133, 138, 139, 140, 141, 155, 158, 160, 161, 163, 164, 165, 167, 168, 176, 177, 178, 179, 180, 193, 196, 198, 199, 201, 202, 203, 204, 212, 215, 217, 218, 219, 220, 221, 222, 223, 224, 225, 226, 227, 230, 232, 250, 257, 258, 259, 260, 261, 262, 263, 264, 265, 268, 270, 271, 272, 273, 274, 276, 277, 278, 280, 283, 284, 285, 287, 290, 291, 294, 295, 298, 299, 302, 305, 308, 309, 312, 315, 318, 319, 322, 324, 327, 328, 330, 331, 333, 334, 335, 338, 339, 342, 343, 344, 348, 349, 350, 351], "summary": {"covered_lines": 163, "num_statements": 192, "percent_covered": 84.89583333333333, "percent_covered_display": "85", "missing_lines": 29, "excluded_lines": 0, "percent_statements_covered": 84.89583333333333, "percent_statements_covered_display": "85"}, "missing_lines": [59, 60, 72, 73, 95, 96, 98, 99, 100, 101, 102, 103, 104, 120, 136, 137, 173, 174, 205, 206, 207, 208, 209, 210, 211, 325, 336, 345, 346], "excluded_lines": [], "functions": {"_get_staged_diff": {"executed_lines": [31], "summary": {"covered_lines": 1, "num_statements": 1, "percent_covered": 100.0, "percent_covered_display": "100", "missing_lines": 0, "excluded_lines": 0, "percent_statements_covered": 100.0, "percent_statements_covered_display": "100"}, "missing_lines": [], "excluded_lines": []}, "_get_plumb_managed_paths": {"executed_lines": [36], "summary": {"covered_lines": 1, "num_statements": 1, "percent_covered": 100.0, "percent_covered_display": "100", "missing_lines": 0, "excluded_lines": 0, "percent_statements_covered": 100.0, "percent_statements_covered_display": "100"}, "missing_lines": [], "excluded_lines": []}, "_get_staged_diff_filtered": {"executed_lines": [41, 42, 43, 44, 45, 46, 51, 52, 53], "summary": {"covered_lines": 9, "num_statements": 9, "percent_covered": 100.0, "percent_covered_display": "100", "missing_lines": 0, "excluded_lines": 0, "percent_statements_covered": 100.0, "percent_statements_covered_display": "100"}, "missing_lines": [], "excluded_lines": []}, "_get_branch_name": {"executed_lines": [57, 58], "summary": {"covered_lines": 2, "num_statements": 4, "percent_covered": 50.0, "percent_covered_display": "50", "missing_lines": 2, "excluded_lines": 0, "percent_statements_covered": 50.0, "percent_statements_covered_display": "50"}, "missing_lines": [59, 60], "excluded_lines": []}, "_detect_amend": {"executed_lines": [65, 66, 67, 68, 69, 70, 71, 74], "summary": {"covered_lines": 8, "num_statements": 10, "percent_covered": 80.0, "percent_covered_display": "80", "missing_lines": 2, "excluded_lines": 0, "percent_statements_covered": 80.0, "percent_statements_covered_display": "80"}, "missing_lines": [72, 73], "excluded_lines": []}, "_check_broken_refs": {"executed_lines": [79, 80, 81, 82, 83, 84, 85, 86, 87, 89, 90], "summary": {"covered_lines": 11, "num_statements": 11, "percent_covered": 100.0, "percent_covered_display": "100", "missing_lines": 0, "excluded_lines": 0, "percent_statements_covered": 100.0, "percent_statements_covered_display": "100"}, "missing_lines": [], "excluded_lines": []}, "_analyze_diff": {"executed_lines": [], "summary": {"covered_lines": 0, "num_statements": 9, "percent_covered": 0.0, "percent_covered_display": "0", "missing_lines": 9, "excluded_lines": 0, "percent_statements_covered": 0.0, "percent_statements_covered_display": "0"}, "missing_lines": [95, 96, 98, 99, 100, 101, 102, 103, 104], "excluded_lines": []}, "_extract_decisions_from_conversation": {"executed_lines": [111, 112, 114, 119, 122, 123, 125, 126, 127, 128, 130, 131, 132, 133, 138, 139, 140, 141, 155], "summary": {"covered_lines": 19, "num_statements": 22, "percent_covered": 86.36363636363636, "percent_covered_display": "86", "missing_lines": 3, "excluded_lines": 0, "percent_statements_covered": 86.36363636363636, "percent_statements_covered_display": "86"}, "missing_lines": [120, 136, 137], "excluded_lines": []}, "_extract_decisions_from_diff": {"executed_lines": [160, 161, 163, 164, 165, 167, 168, 176, 177, 178, 179, 180, 193], "summary": {"covered_lines": 13, "num_statements": 15, "percent_covered": 86.66666666666667, "percent_covered_display": "87", "missing_lines": 2, "excluded_lines": 0, "percent_statements_covered": 86.66666666666667, "percent_statements_covered_display": "87"}, "missing_lines": [173, 174], "excluded_lines": []}, "_synthesize_questions": {"executed_lines": [198, 199, 201, 202, 203, 204, 212], "summary": {"covered_lines": 7, "num_statements": 14, "percent_covered": 50.0, "percent_covered_display": "50", "missing_lines": 7, "excluded_lines": 0, "percent_statements_covered": 50.0, "percent_statements_covered_display": "50"}, "missing_lines": [205, 206, 207, 208, 209, 210, 211], "excluded_lines": []}, "_format_tty_output": {"executed_lines": [217, 218, 219, 220, 221, 222, 223, 224, 225, 226, 227], "summary": {"covered_lines": 11, "num_statements": 11, "percent_covered": 100.0, "percent_covered_display": "100", "missing_lines": 0, "excluded_lines": 0, "percent_statements_covered": 100.0, "percent_statements_covered_display": "100"}, "missing_lines": [], "excluded_lines": []}, "_format_json_output": {"executed_lines": [232], "summary": {"covered_lines": 1, "num_statements": 1, "percent_covered": 100.0, "percent_covered_display": "100", "missing_lines": 0, "excluded_lines": 0, "percent_statements_covered": 100.0, "percent_statements_covered_display": "100"}, "missing_lines": [], "excluded_lines": []}, "run_hook": {"executed_lines": [257, 258, 259, 260, 261, 262, 263, 264, 265], "summary": {"covered_lines": 9, "num_statements": 9, "percent_covered": 100.0, "percent_covered_display": "100", "missing_lines": 0, "excluded_lines": 0, "percent_statements_covered": 100.0, "percent_statements_covered_display": "100"}, "missing_lines": [], "excluded_lines": []}, "_run_hook_inner": {"executed_lines": [270, 271, 272, 273, 274, 276, 277, 278, 280, 283, 284, 285, 287, 290, 291, 294, 295, 298, 299, 302, 305, 308, 309, 312, 315, 318, 319, 322, 324, 327, 328, 330, 331, 333, 334, 335, 338, 339, 342, 343, 344, 348, 349, 350, 351], "summary": {"covered_lines": 45, "num_statements": 49, "percent_covered": 91.83673469387755, "percent_covered_display": "92", "missing_lines": 4, "excluded_lines": 0, "percent_statements_covered": 91.83673469387755, "percent_statements_covered_display": "92"}, "missing_lines": [325, 336, 345, 346], "excluded_lines": []}, "": {"executed_lines": [1, 3, 4, 5, 6, 7, 9, 11, 12, 13, 14, 19, 30, 34, 39, 56, 63, 77, 93, 107, 158, 196, 215, 230, 250, 268], "summary": {"covered_lines": 26, "num_statements": 26, "percent_covered": 100.0, "percent_covered_display": "100", "missing_lines": 0, "excluded_lines": 0, "percent_statements_covered": 100.0, "percent_statements_covered_display": "100"}, "missing_lines": [], "excluded_lines": []}}, "classes": {"": {"executed_lines": [1, 3, 4, 5, 6, 7, 9, 11, 12, 13, 14, 19, 30, 31, 34, 36, 39, 41, 42, 43, 44, 45, 46, 51, 52, 53, 56, 57, 58, 63, 65, 66, 67, 68, 69, 70, 71, 74, 77, 79, 80, 81, 82, 83, 84, 85, 86, 87, 89, 90, 93, 107, 111, 112, 114, 119, 122, 123, 125, 126, 127, 128, 130, 131, 132, 133, 138, 139, 140, 141, 155, 158, 160, 161, 163, 164, 165, 167, 168, 176, 177, 178, 179, 180, 193, 196, 198, 199, 201, 202, 203, 204, 212, 215, 217, 218, 219, 220, 221, 222, 223, 224, 225, 226, 227, 230, 232, 250, 257, 258, 259, 260, 261, 262, 263, 264, 265, 268, 270, 271, 272, 273, 274, 276, 277, 278, 280, 283, 284, 285, 287, 290, 291, 294, 295, 298, 299, 302, 305, 308, 309, 312, 315, 318, 319, 322, 324, 327, 328, 330, 331, 333, 334, 335, 338, 339, 342, 343, 344, 348, 349, 350, 351], "summary": {"covered_lines": 163, "num_statements": 192, "percent_covered": 84.89583333333333, "percent_covered_display": "85", "missing_lines": 29, "excluded_lines": 0, "percent_statements_covered": 84.89583333333333, "percent_statements_covered_display": "85"}, "missing_lines": [59, 60, 72, 73, 95, 96, 98, 99, 100, 101, 102, 103, 104, 120, 136, 137, 173, 174, 205, 206, 207, 208, 209, 210, 211, 325, 336, 345, 346], "excluded_lines": []}}}, "plumb/ignore.py": {"executed_lines": [1, 2, 4, 5, 7, 23, 25, 26, 27, 28, 29, 30, 31, 34, 40, 41, 42, 43, 46, 54, 55, 56, 58, 59, 62, 63, 64], "summary": {"covered_lines": 26, "num_statements": 26, "percent_covered": 100.0, "percent_covered_display": "100", "missing_lines": 0, "excluded_lines": 0, "percent_statements_covered": 100.0, "percent_statements_covered_display": "100"}, "missing_lines": [], "excluded_lines": [], "functions": {"_parse_lines": {"executed_lines": [25, 26, 27, 28, 29, 30, 31], "summary": {"covered_lines": 7, "num_statements": 7, "percent_covered": 100.0, "percent_covered_display": "100", "missing_lines": 0, "excluded_lines": 0, "percent_statements_covered": 100.0, "percent_statements_covered_display": "100"}, "missing_lines": [], "excluded_lines": []}, "parse_plumbignore": {"executed_lines": [40, 41, 42, 43], "summary": {"covered_lines": 4, "num_statements": 4, "percent_covered": 100.0, "percent_covered_display": "100", "missing_lines": 0, "excluded_lines": 0, "percent_statements_covered": 100.0, "percent_statements_covered_display": "100"}, "missing_lines": [], "excluded_lines": []}, "is_ignored": {"executed_lines": [54, 55, 56, 58, 59, 62, 63, 64], "summary": {"covered_lines": 8, "num_statements": 8, "percent_covered": 100.0, "percent_covered_display": "100", "missing_lines": 0, "excluded_lines": 0, "percent_statements_covered": 100.0, "percent_statements_covered_display": "100"}, "missing_lines": [], "excluded_lines": []}, "": {"executed_lines": [1, 2, 4, 5, 7, 23, 34, 46], "summary": {"covered_lines": 7, "num_statements": 7, "percent_covered": 100.0, "percent_covered_display": "100", "missing_lines": 0, "excluded_lines": 0, "percent_statements_covered": 100.0, "percent_statements_covered_display": "100"}, "missing_lines": [], "excluded_lines": []}}, "classes": {"": {"executed_lines": [1, 2, 4, 5, 7, 23, 25, 26, 27, 28, 29, 30, 31, 34, 40, 41, 42, 43, 46, 54, 55, 56, 58, 59, 62, 63, 64], "summary": {"covered_lines": 26, "num_statements": 26, "percent_covered": 100.0, "percent_covered_display": "100", "missing_lines": 0, "excluded_lines": 0, "percent_statements_covered": 100.0, "percent_statements_covered_display": "100"}, "missing_lines": [], "excluded_lines": []}}}, "plumb/programs/__init__.py": {"executed_lines": [1, 3, 5, 6, 8, 10, 13, 14, 17, 22, 23, 24, 25, 26, 27, 28, 31, 34, 36, 37, 38, 45, 48, 49, 50, 51, 52, 53, 54, 55, 58, 59], "summary": {"covered_lines": 32, "num_statements": 32, "percent_covered": 100.0, "percent_covered_display": "100", "missing_lines": 0, "excluded_lines": 0, "percent_statements_covered": 100.0, "percent_statements_covered_display": "100"}, "missing_lines": [], "excluded_lines": [], "functions": {"get_lm": {"executed_lines": [14], "summary": {"covered_lines": 1, "num_statements": 1, "percent_covered": 100.0, "percent_covered_display": "100", "missing_lines": 0, "excluded_lines": 0, "percent_statements_covered": 100.0, "percent_statements_covered_display": "100"}, "missing_lines": [], "excluded_lines": []}, "configure_dspy": {"executed_lines": [22, 23, 24, 25, 26, 27, 28], "summary": {"covered_lines": 7, "num_statements": 7, "percent_covered": 100.0, "percent_covered_display": "100", "missing_lines": 0, "excluded_lines": 0, "percent_statements_covered": 100.0, "percent_statements_covered_display": "100"}, "missing_lines": [], "excluded_lines": []}, "validate_api_access": {"executed_lines": [34, 36, 37, 38], "summary": {"covered_lines": 4, "num_statements": 4, "percent_covered": 100.0, "percent_covered_display": "100", "missing_lines": 0, "excluded_lines": 0, "percent_statements_covered": 100.0, "percent_statements_covered_display": "100"}, "missing_lines": [], "excluded_lines": []}, "run_with_retries": {"executed_lines": [48, 49, 50, 51, 52, 53, 54, 55, 58, 59], "summary": {"covered_lines": 10, "num_statements": 10, "percent_covered": 100.0, "percent_covered_display": "100", "missing_lines": 0, "excluded_lines": 0, "percent_statements_covered": 100.0, "percent_statements_covered_display": "100"}, "missing_lines": [], "excluded_lines": []}, "": {"executed_lines": [1, 3, 5, 6, 8, 10, 13, 17, 31, 45], "summary": {"covered_lines": 10, "num_statements": 10, "percent_covered": 100.0, "percent_covered_display": "100", "missing_lines": 0, "excluded_lines": 0, "percent_statements_covered": 100.0, "percent_statements_covered_display": "100"}, "missing_lines": [], "excluded_lines": []}}, "classes": {"": {"executed_lines": [1, 3, 5, 6, 8, 10, 13, 14, 17, 22, 23, 24, 25, 26, 27, 28, 31, 34, 36, 37, 38, 45, 48, 49, 50, 51, 52, 53, 54, 55, 58, 59], "summary": {"covered_lines": 32, "num_statements": 32, "percent_covered": 100.0, "percent_covered_display": "100", "missing_lines": 0, "excluded_lines": 0, "percent_statements_covered": 100.0, "percent_statements_covered_display": "100"}, "missing_lines": [], "excluded_lines": []}}}, "plumb/programs/code_coverage_mapper.py": {"executed_lines": [1, 3, 4, 7, 8, 9, 10, 13, 14, 22, 25, 28, 33, 34, 35, 36, 38], "summary": {"covered_lines": 16, "num_statements": 18, "percent_covered": 88.88888888888889, "percent_covered_display": "89", "missing_lines": 2, "excluded_lines": 0, "percent_statements_covered": 88.88888888888889, "percent_statements_covered_display": "89"}, "missing_lines": [41, 45], "excluded_lines": [], "functions": {"CodeCoverageMapper.__init__": {"executed_lines": [35, 36], "summary": {"covered_lines": 2, "num_statements": 2, "percent_covered": 100.0, "percent_covered_display": "100", "missing_lines": 0, "excluded_lines": 0, "percent_statements_covered": 100.0, "percent_statements_covered_display": "100"}, "missing_lines": [], "excluded_lines": []}, "CodeCoverageMapper.forward": {"executed_lines": [], "summary": {"covered_lines": 0, "num_statements": 2, "percent_covered": 0.0, "percent_covered_display": "0", "missing_lines": 2, "excluded_lines": 0, "percent_statements_covered": 0.0, "percent_statements_covered_display": "0"}, "missing_lines": [41, 45], "excluded_lines": []}, "": {"executed_lines": [1, 3, 4, 7, 8, 9, 10, 13, 14, 22, 25, 28, 33, 34, 38], "summary": {"covered_lines": 14, "num_statements": 14, "percent_covered": 100.0, "percent_covered_display": "100", "missing_lines": 0, "excluded_lines": 0, "percent_statements_covered": 100.0, "percent_statements_covered_display": "100"}, "missing_lines": [], "excluded_lines": []}}, "classes": {"RequirementCoverage": {"executed_lines": [], "summary": {"covered_lines": 0, "num_statements": 0, "percent_covered": 100.0, "percent_covered_display": "100", "missing_lines": 0, "excluded_lines": 0, "percent_statements_covered": 100.0, "percent_statements_covered_display": "100"}, "missing_lines": [], "excluded_lines": []}, "CodeCoverageMapperSignature": {"executed_lines": [], "summary": {"covered_lines": 0, "num_statements": 0, "percent_covered": 100.0, "percent_covered_display": "100", "missing_lines": 0, "excluded_lines": 0, "percent_statements_covered": 100.0, "percent_statements_covered_display": "100"}, "missing_lines": [], "excluded_lines": []}, "CodeCoverageMapper": {"executed_lines": [35, 36], "summary": {"covered_lines": 2, "num_statements": 4, "percent_covered": 50.0, "percent_covered_display": "50", "missing_lines": 2, "excluded_lines": 0, "percent_statements_covered": 50.0, "percent_statements_covered_display": "50"}, "missing_lines": [41, 45], "excluded_lines": []}, "": {"executed_lines": [1, 3, 4, 7, 8, 9, 10, 13, 14, 22, 25, 28, 33, 34, 38], "summary": {"covered_lines": 14, "num_statements": 14, "percent_covered": 100.0, "percent_covered_display": "100", "missing_lines": 0, "excluded_lines": 0, "percent_statements_covered": 100.0, "percent_statements_covered_display": "100"}, "missing_lines": [], "excluded_lines": []}}}, "plumb/programs/code_modifier.py": {"executed_lines": [1, 3, 4, 6, 7, 10, 11, 15, 16, 17, 19, 27, 53, 59, 61, 62, 65, 66, 67, 69, 70, 71, 72], "summary": {"covered_lines": 22, "num_statements": 22, "percent_covered": 100.0, "percent_covered_display": "100", "missing_lines": 0, "excluded_lines": 0, "percent_statements_covered": 100.0, "percent_statements_covered_display": "100"}, "missing_lines": [], "excluded_lines": [], "functions": {"CodeModifier.__init__": {"executed_lines": [16, 17], "summary": {"covered_lines": 2, "num_statements": 2, "percent_covered": 100.0, "percent_covered_display": "100", "missing_lines": 0, "excluded_lines": 0, "percent_statements_covered": 100.0, "percent_statements_covered_display": "100"}, "missing_lines": [], "excluded_lines": []}, "CodeModifier.modify": {"executed_lines": [27, 53, 59], "summary": {"covered_lines": 3, "num_statements": 3, "percent_covered": 100.0, "percent_covered_display": "100", "missing_lines": 0, "excluded_lines": 0, "percent_statements_covered": 100.0, "percent_statements_covered_display": "100"}, "missing_lines": [], "excluded_lines": []}, "CodeModifier._parse_response": {"executed_lines": [65, 66, 67, 69, 70, 71, 72], "summary": {"covered_lines": 7, "num_statements": 7, "percent_covered": 100.0, "percent_covered_display": "100", "missing_lines": 0, "excluded_lines": 0, "percent_statements_covered": 100.0, "percent_statements_covered_display": "100"}, "missing_lines": [], "excluded_lines": []}, "": {"executed_lines": [1, 3, 4, 6, 7, 10, 11, 15, 19, 61, 62], "summary": {"covered_lines": 10, "num_statements": 10, "percent_covered": 100.0, "percent_covered_display": "100", "missing_lines": 0, "excluded_lines": 0, "percent_statements_covered": 100.0, "percent_statements_covered_display": "100"}, "missing_lines": [], "excluded_lines": []}}, "classes": {"CodeModifier": {"executed_lines": [16, 17, 27, 53, 59, 65, 66, 67, 69, 70, 71, 72], "summary": {"covered_lines": 12, "num_statements": 12, "percent_covered": 100.0, "percent_covered_display": "100", "missing_lines": 0, "excluded_lines": 0, "percent_statements_covered": 100.0, "percent_statements_covered_display": "100"}, "missing_lines": [], "excluded_lines": []}, "": {"executed_lines": [1, 3, 4, 6, 7, 10, 11, 15, 19, 61, 62], "summary": {"covered_lines": 10, "num_statements": 10, "percent_covered": 100.0, "percent_covered_display": "100", "missing_lines": 0, "excluded_lines": 0, "percent_statements_covered": 100.0, "percent_statements_covered_display": "100"}, "missing_lines": [], "excluded_lines": []}}}, "plumb/programs/decision_extractor.py": {"executed_lines": [1, 3, 5, 6, 9, 10, 11, 12, 13, 14, 15, 18, 19, 38, 39, 40, 45, 46, 47, 48, 50], "summary": {"covered_lines": 20, "num_statements": 22, "percent_covered": 90.9090909090909, "percent_covered_display": "91", "missing_lines": 2, "excluded_lines": 0, "percent_statements_covered": 90.9090909090909, "percent_statements_covered_display": "91"}, "missing_lines": [51, 52], "excluded_lines": [], "functions": {"DecisionExtractor.__init__": {"executed_lines": [47, 48], "summary": {"covered_lines": 2, "num_statements": 2, "percent_covered": 100.0, "percent_covered_display": "100", "missing_lines": 0, "excluded_lines": 0, "percent_statements_covered": 100.0, "percent_statements_covered_display": "100"}, "missing_lines": [], "excluded_lines": []}, "DecisionExtractor.forward": {"executed_lines": [], "summary": {"covered_lines": 0, "num_statements": 2, "percent_covered": 0.0, "percent_covered_display": "0", "missing_lines": 2, "excluded_lines": 0, "percent_statements_covered": 0.0, "percent_statements_covered_display": "0"}, "missing_lines": [51, 52], "excluded_lines": []}, "": {"executed_lines": [1, 3, 5, 6, 9, 10, 11, 12, 13, 14, 15, 18, 19, 38, 39, 40, 45, 46, 50], "summary": {"covered_lines": 18, "num_statements": 18, "percent_covered": 100.0, "percent_covered_display": "100", "missing_lines": 0, "excluded_lines": 0, "percent_statements_covered": 100.0, "percent_statements_covered_display": "100"}, "missing_lines": [], "excluded_lines": []}}, "classes": {"ExtractedDecision": {"executed_lines": [], "summary": {"covered_lines": 0, "num_statements": 0, "percent_covered": 100.0, "percent_covered_display": "100", "missing_lines": 0, "excluded_lines": 0, "percent_statements_covered": 100.0, "percent_statements_covered_display": "100"}, "missing_lines": [], "excluded_lines": []}, "DecisionExtractorSignature": {"executed_lines": [], "summary": {"covered_lines": 0, "num_statements": 0, "percent_covered": 100.0, "percent_covered_display": "100", "missing_lines": 0, "excluded_lines": 0, "percent_statements_covered": 100.0, "percent_statements_covered_display": "100"}, "missing_lines": [], "excluded_lines": []}, "DecisionExtractor": {"executed_lines": [47, 48], "summary": {"covered_lines": 2, "num_statements": 4, "percent_covered": 50.0, "percent_covered_display": "50", "missing_lines": 2, "excluded_lines": 0, "percent_statements_covered": 50.0, "percent_statements_covered_display": "50"}, "missing_lines": [51, 52], "excluded_lines": []}, "": {"executed_lines": [1, 3, 5, 6, 9, 10, 11, 12, 13, 14, 15, 18, 19, 38, 39, 40, 45, 46, 50], "summary": {"covered_lines": 18, "num_statements": 18, "percent_covered": 100.0, "percent_covered_display": "100", "missing_lines": 0, "excluded_lines": 0, "percent_statements_covered": 100.0, "percent_statements_covered_display": "100"}, "missing_lines": [], "excluded_lines": []}}}, "plumb/programs/diff_analyzer.py": {"executed_lines": [1, 3, 5, 6, 9, 10, 11, 12, 17, 18, 22, 23, 28, 29, 30, 31, 33], "summary": {"covered_lines": 16, "num_statements": 18, "percent_covered": 88.88888888888889, "percent_covered_display": "89", "missing_lines": 2, "excluded_lines": 0, "percent_statements_covered": 88.88888888888889, "percent_statements_covered_display": "89"}, "missing_lines": [34, 35], "excluded_lines": [], "functions": {"DiffAnalyzer.__init__": {"executed_lines": [30, 31], "summary": {"covered_lines": 2, "num_statements": 2, "percent_covered": 100.0, "percent_covered_display": "100", "missing_lines": 0, "excluded_lines": 0, "percent_statements_covered": 100.0, "percent_statements_covered_display": "100"}, "missing_lines": [], "excluded_lines": []}, "DiffAnalyzer.forward": {"executed_lines": [], "summary": {"covered_lines": 0, "num_statements": 2, "percent_covered": 0.0, "percent_covered_display": "0", "missing_lines": 2, "excluded_lines": 0, "percent_statements_covered": 0.0, "percent_statements_covered_display": "0"}, "missing_lines": [34, 35], "excluded_lines": []}, "": {"executed_lines": [1, 3, 5, 6, 9, 10, 11, 12, 17, 18, 22, 23, 28, 29, 33], "summary": {"covered_lines": 14, "num_statements": 14, "percent_covered": 100.0, "percent_covered_display": "100", "missing_lines": 0, "excluded_lines": 0, "percent_statements_covered": 100.0, "percent_statements_covered_display": "100"}, "missing_lines": [], "excluded_lines": []}}, "classes": {"ChangeSummary": {"executed_lines": [], "summary": {"covered_lines": 0, "num_statements": 0, "percent_covered": 100.0, "percent_covered_display": "100", "missing_lines": 0, "excluded_lines": 0, "percent_statements_covered": 100.0, "percent_statements_covered_display": "100"}, "missing_lines": [], "excluded_lines": []}, "DiffAnalyzerSignature": {"executed_lines": [], "summary": {"covered_lines": 0, "num_statements": 0, "percent_covered": 100.0, "percent_covered_display": "100", "missing_lines": 0, "excluded_lines": 0, "percent_statements_covered": 100.0, "percent_statements_covered_display": "100"}, "missing_lines": [], "excluded_lines": []}, "DiffAnalyzer": {"executed_lines": [30, 31], "summary": {"covered_lines": 2, "num_statements": 4, "percent_covered": 50.0, "percent_covered_display": "50", "missing_lines": 2, "excluded_lines": 0, "percent_statements_covered": 50.0, "percent_statements_covered_display": "50"}, "missing_lines": [34, 35], "excluded_lines": []}, "": {"executed_lines": [1, 3, 5, 6, 9, 10, 11, 12, 17, 18, 22, 23, 28, 29, 33], "summary": {"covered_lines": 14, "num_statements": 14, "percent_covered": 100.0, "percent_covered_display": "100", "missing_lines": 0, "excluded_lines": 0, "percent_statements_covered": 100.0, "percent_statements_covered_display": "100"}, "missing_lines": [], "excluded_lines": []}}}, "plumb/programs/question_synthesizer.py": {"executed_lines": [1, 3, 6, 7, 11, 12, 15, 16, 17, 18, 20], "summary": {"covered_lines": 10, "num_statements": 12, "percent_covered": 83.33333333333333, "percent_covered_display": "83", "missing_lines": 2, "excluded_lines": 0, "percent_statements_covered": 83.33333333333333, "percent_statements_covered_display": "83"}, "missing_lines": [21, 22], "excluded_lines": [], "functions": {"QuestionSynthesizer.__init__": {"executed_lines": [17, 18], "summary": {"covered_lines": 2, "num_statements": 2, "percent_covered": 100.0, "percent_covered_display": "100", "missing_lines": 0, "excluded_lines": 0, "percent_statements_covered": 100.0, "percent_statements_covered_display": "100"}, "missing_lines": [], "excluded_lines": []}, "QuestionSynthesizer.forward": {"executed_lines": [], "summary": {"covered_lines": 0, "num_statements": 2, "percent_covered": 0.0, "percent_covered_display": "0", "missing_lines": 2, "excluded_lines": 0, "percent_statements_covered": 0.0, "percent_statements_covered_display": "0"}, "missing_lines": [21, 22], "excluded_lines": []}, "": {"executed_lines": [1, 3, 6, 7, 11, 12, 15, 16, 20], "summary": {"covered_lines": 8, "num_statements": 8, "percent_covered": 100.0, "percent_covered_display": "100", "missing_lines": 0, "excluded_lines": 0, "percent_statements_covered": 100.0, "percent_statements_covered_display": "100"}, "missing_lines": [], "excluded_lines": []}}, "classes": {"QuestionSynthesizerSignature": {"executed_lines": [], "summary": {"covered_lines": 0, "num_statements": 0, "percent_covered": 100.0, "percent_covered_display": "100", "missing_lines": 0, "excluded_lines": 0, "percent_statements_covered": 100.0, "percent_statements_covered_display": "100"}, "missing_lines": [], "excluded_lines": []}, "QuestionSynthesizer": {"executed_lines": [17, 18], "summary": {"covered_lines": 2, "num_statements": 4, "percent_covered": 50.0, "percent_covered_display": "50", "missing_lines": 2, "excluded_lines": 0, "percent_statements_covered": 50.0, "percent_statements_covered_display": "50"}, "missing_lines": [21, 22], "excluded_lines": []}, "": {"executed_lines": [1, 3, 6, 7, 11, 12, 15, 16, 20], "summary": {"covered_lines": 8, "num_statements": 8, "percent_covered": 100.0, "percent_covered_display": "100", "missing_lines": 0, "excluded_lines": 0, "percent_statements_covered": 100.0, "percent_statements_covered_display": "100"}, "missing_lines": [], "excluded_lines": []}}}, "plumb/programs/requirement_parser.py": {"executed_lines": [1, 3, 4, 7, 8, 9, 12, 13, 17, 18, 23, 24, 25, 26, 28], "summary": {"covered_lines": 14, "num_statements": 16, "percent_covered": 87.5, "percent_covered_display": "88", "missing_lines": 2, "excluded_lines": 0, "percent_statements_covered": 87.5, "percent_statements_covered_display": "88"}, "missing_lines": [29, 30], "excluded_lines": [], "functions": {"RequirementParser.__init__": {"executed_lines": [25, 26], "summary": {"covered_lines": 2, "num_statements": 2, "percent_covered": 100.0, "percent_covered_display": "100", "missing_lines": 0, "excluded_lines": 0, "percent_statements_covered": 100.0, "percent_statements_covered_display": "100"}, "missing_lines": [], "excluded_lines": []}, "RequirementParser.forward": {"executed_lines": [], "summary": {"covered_lines": 0, "num_statements": 2, "percent_covered": 0.0, "percent_covered_display": "0", "missing_lines": 2, "excluded_lines": 0, "percent_statements_covered": 0.0, "percent_statements_covered_display": "0"}, "missing_lines": [29, 30], "excluded_lines": []}, "": {"executed_lines": [1, 3, 4, 7, 8, 9, 12, 13, 17, 18, 23, 24, 28], "summary": {"covered_lines": 12, "num_statements": 12, "percent_covered": 100.0, "percent_covered_display": "100", "missing_lines": 0, "excluded_lines": 0, "percent_statements_covered": 100.0, "percent_statements_covered_display": "100"}, "missing_lines": [], "excluded_lines": []}}, "classes": {"ParsedRequirement": {"executed_lines": [], "summary": {"covered_lines": 0, "num_statements": 0, "percent_covered": 100.0, "percent_covered_display": "100", "missing_lines": 0, "excluded_lines": 0, "percent_statements_covered": 100.0, "percent_statements_covered_display": "100"}, "missing_lines": [], "excluded_lines": []}, "RequirementParserSignature": {"executed_lines": [], "summary": {"covered_lines": 0, "num_statements": 0, "percent_covered": 100.0, "percent_covered_display": "100", "missing_lines": 0, "excluded_lines": 0, "percent_statements_covered": 100.0, "percent_statements_covered_display": "100"}, "missing_lines": [], "excluded_lines": []}, "RequirementParser": {"executed_lines": [25, 26], "summary": {"covered_lines": 2, "num_statements": 4, "percent_covered": 50.0, "percent_covered_display": "50", "missing_lines": 2, "excluded_lines": 0, "percent_statements_covered": 50.0, "percent_statements_covered_display": "50"}, "missing_lines": [29, 30], "excluded_lines": []}, "": {"executed_lines": [1, 3, 4, 7, 8, 9, 12, 13, 17, 18, 23, 24, 28], "summary": {"covered_lines": 12, "num_statements": 12, "percent_covered": 100.0, "percent_covered_display": "100", "missing_lines": 0, "excluded_lines": 0, "percent_statements_covered": 100.0, "percent_statements_covered_display": "100"}, "missing_lines": [], "excluded_lines": []}}}, "plumb/programs/spec_updater.py": {"executed_lines": [1, 3, 6, 7, 11, 12, 13, 14, 17, 18, 19, 20, 22, 29, 30, 34, 35, 38, 41, 42, 43, 44, 46], "summary": {"covered_lines": 21, "num_statements": 25, "percent_covered": 84.0, "percent_covered_display": "84", "missing_lines": 4, "excluded_lines": 0, "percent_statements_covered": 84.0, "percent_statements_covered_display": "84"}, "missing_lines": [23, 26, 47, 50], "excluded_lines": [], "functions": {"SpecUpdater.__init__": {"executed_lines": [19, 20], "summary": {"covered_lines": 2, "num_statements": 2, "percent_covered": 100.0, "percent_covered_display": "100", "missing_lines": 0, "excluded_lines": 0, "percent_statements_covered": 100.0, "percent_statements_covered_display": "100"}, "missing_lines": [], "excluded_lines": []}, "SpecUpdater.forward": {"executed_lines": [], "summary": {"covered_lines": 0, "num_statements": 2, "percent_covered": 0.0, "percent_covered_display": "0", "missing_lines": 2, "excluded_lines": 0, "percent_statements_covered": 0.0, "percent_statements_covered_display": "0"}, "missing_lines": [23, 26], "excluded_lines": []}, "BatchSpecUpdater.__init__": {"executed_lines": [43, 44], "summary": {"covered_lines": 2, "num_statements": 2, "percent_covered": 100.0, "percent_covered_display": "100", "missing_lines": 0, "excluded_lines": 0, "percent_statements_covered": 100.0, "percent_statements_covered_display": "100"}, "missing_lines": [], "excluded_lines": []}, "BatchSpecUpdater.forward": {"executed_lines": [], "summary": {"covered_lines": 0, "num_statements": 2, "percent_covered": 0.0, "percent_covered_display": "0", "missing_lines": 2, "excluded_lines": 0, "percent_statements_covered": 0.0, "percent_statements_covered_display": "0"}, "missing_lines": [47, 50], "excluded_lines": []}, "": {"executed_lines": [1, 3, 6, 7, 11, 12, 13, 14, 17, 18, 22, 29, 30, 34, 35, 38, 41, 42, 46], "summary": {"covered_lines": 17, "num_statements": 17, "percent_covered": 100.0, "percent_covered_display": "100", "missing_lines": 0, "excluded_lines": 0, "percent_statements_covered": 100.0, "percent_statements_covered_display": "100"}, "missing_lines": [], "excluded_lines": []}}, "classes": {"SpecUpdaterSignature": {"executed_lines": [], "summary": {"covered_lines": 0, "num_statements": 0, "percent_covered": 100.0, "percent_covered_display": "100", "missing_lines": 0, "excluded_lines": 0, "percent_statements_covered": 100.0, "percent_statements_covered_display": "100"}, "missing_lines": [], "excluded_lines": []}, "SpecUpdater": {"executed_lines": [19, 20], "summary": {"covered_lines": 2, "num_statements": 4, "percent_covered": 50.0, "percent_covered_display": "50", "missing_lines": 2, "excluded_lines": 0, "percent_statements_covered": 50.0, "percent_statements_covered_display": "50"}, "missing_lines": [23, 26], "excluded_lines": []}, "BatchSpecUpdaterSignature": {"executed_lines": [], "summary": {"covered_lines": 0, "num_statements": 0, "percent_covered": 100.0, "percent_covered_display": "100", "missing_lines": 0, "excluded_lines": 0, "percent_statements_covered": 100.0, "percent_statements_covered_display": "100"}, "missing_lines": [], "excluded_lines": []}, "BatchSpecUpdater": {"executed_lines": [43, 44], "summary": {"covered_lines": 2, "num_statements": 4, "percent_covered": 50.0, "percent_covered_display": "50", "missing_lines": 2, "excluded_lines": 0, "percent_statements_covered": 50.0, "percent_statements_covered_display": "50"}, "missing_lines": [47, 50], "excluded_lines": []}, "": {"executed_lines": [1, 3, 6, 7, 11, 12, 13, 14, 17, 18, 22, 29, 30, 34, 35, 38, 41, 42, 46], "summary": {"covered_lines": 17, "num_statements": 17, "percent_covered": 100.0, "percent_covered_display": "100", "missing_lines": 0, "excluded_lines": 0, "percent_statements_covered": 100.0, "percent_statements_covered_display": "100"}, "missing_lines": [], "excluded_lines": []}}}, "plumb/programs/test_generator.py": {"executed_lines": [1, 3, 6, 7, 24, 25, 26, 27, 30, 31, 32, 33, 35], "summary": {"covered_lines": 12, "num_statements": 14, "percent_covered": 85.71428571428571, "percent_covered_display": "86", "missing_lines": 2, "excluded_lines": 0, "percent_statements_covered": 85.71428571428571, "percent_statements_covered_display": "86"}, "missing_lines": [38, 43], "excluded_lines": [], "functions": {"TestGenerator.__init__": {"executed_lines": [32, 33], "summary": {"covered_lines": 2, "num_statements": 2, "percent_covered": 100.0, "percent_covered_display": "100", "missing_lines": 0, "excluded_lines": 0, "percent_statements_covered": 100.0, "percent_statements_covered_display": "100"}, "missing_lines": [], "excluded_lines": []}, "TestGenerator.forward": {"executed_lines": [], "summary": {"covered_lines": 0, "num_statements": 2, "percent_covered": 0.0, "percent_covered_display": "0", "missing_lines": 2, "excluded_lines": 0, "percent_statements_covered": 0.0, "percent_statements_covered_display": "0"}, "missing_lines": [38, 43], "excluded_lines": []}, "": {"executed_lines": [1, 3, 6, 7, 24, 25, 26, 27, 30, 31, 35], "summary": {"covered_lines": 10, "num_statements": 10, "percent_covered": 100.0, "percent_covered_display": "100", "missing_lines": 0, "excluded_lines": 0, "percent_statements_covered": 100.0, "percent_statements_covered_display": "100"}, "missing_lines": [], "excluded_lines": []}}, "classes": {"TestGeneratorSignature": {"executed_lines": [], "summary": {"covered_lines": 0, "num_statements": 0, "percent_covered": 100.0, "percent_covered_display": "100", "missing_lines": 0, "excluded_lines": 0, "percent_statements_covered": 100.0, "percent_statements_covered_display": "100"}, "missing_lines": [], "excluded_lines": []}, "TestGenerator": {"executed_lines": [32, 33], "summary": {"covered_lines": 2, "num_statements": 4, "percent_covered": 50.0, "percent_covered_display": "50", "missing_lines": 2, "excluded_lines": 0, "percent_statements_covered": 50.0, "percent_statements_covered_display": "50"}, "missing_lines": [38, 43], "excluded_lines": []}, "": {"executed_lines": [1, 3, 6, 7, 24, 25, 26, 27, 30, 31, 35], "summary": {"covered_lines": 10, "num_statements": 10, "percent_covered": 100.0, "percent_covered_display": "100", "missing_lines": 0, "excluded_lines": 0, "percent_statements_covered": 100.0, "percent_statements_covered_display": "100"}, "missing_lines": [], "excluded_lines": []}}}, "plumb/programs/test_mapper.py": {"executed_lines": [], "summary": {"covered_lines": 0, "num_statements": 19, "percent_covered": 0.0, "percent_covered_display": "0", "missing_lines": 19, "excluded_lines": 0, "percent_state
[...]
_covered": 100.0, "percent_statements_covered_display": "100"}, "missing_lines": [], "excluded_lines": []}, "TestCodeModifier.test_parse_response_json_block": {"executed_lines": [236, 237, 238], "summary": {"covered_lines": 3, "num_statements": 3, "percent_covered": 100.0, "percent_covered_display": "100", "missing_lines": 0, "excluded_lines": 0, "percent_statements_covered": 100.0, "percent_statements_covered_display": "100"}, "missing_lines": [], "excluded_lines": []}, "TestCodeModifier.test_parse_response_raw_json": {"executed_lines": [241, 242, 243], "summary": {"covered_lines": 3, "num_statements": 3, "percent_covered": 100.0, "percent_covered_display": "100", "missing_lines": 0, "excluded_lines": 0, "percent_statements_covered": 100.0, "percent_statements_covered_display": "100"}, "missing_lines": [], "excluded_lines": []}, "TestCodeModifier.test_parse_response_invalid": {"executed_lines": [246, 247], "summary": {"covered_lines": 2, "num_statements": 2, "percent_covered": 100.0, "percent_covered_display": "100", "missing_lines": 0, "excluded_lines": 0, "percent_statements_covered": 100.0, "percent_statements_covered_display": "100"}, "missing_lines": [], "excluded_lines": []}, "TestCodeModifier.test_modify_calls_api": {"executed_lines": [250, 251, 252, 255, 257, 258, 264, 265], "summary": {"covered_lines": 8, "num_statements": 8, "percent_covered": 100.0, "percent_covered_display": "100", "missing_lines": 0, "excluded_lines": 0, "percent_statements_covered": 100.0, "percent_statements_covered_display": "100"}, "missing_lines": [], "excluded_lines": []}, "TestCodeModifier.test_prompt_includes_all_inputs": {"executed_lines": [268, 269, 270, 271, 273, 274, 280, 281, 282, 283, 284, 285], "summary": {"covered_lines": 12, "num_statements": 12, "percent_covered": 100.0, "percent_covered_display": "100", "missing_lines": 0, "excluded_lines": 0, "percent_statements_covered": 100.0, "percent_statements_covered_display": "100"}, "missing_lines": [], "excluded_lines": []}, "": {"executed_lines": [1, 4, 5, 7, 8, 10, 11, 12, 17, 22, 26, 31, 32, 33, 36, 37, 48, 54, 59, 68, 69, 73, 88, 93, 100, 108, 109, 114, 120, 121, 127, 136, 141, 142, 146, 151, 152, 158, 159, 166, 167, 173, 174, 180, 181, 189, 190, 198, 199, 204, 205, 210, 211, 216, 217, 222, 223, 228, 229, 234, 235, 240, 245, 249, 267], "summary": {"covered_lines": 64, "num_statements": 64, "percent_covered": 100.0, "percent_covered_display": "100", "missing_lines": 0, "excluded_lines": 0, "percent_statements_covered": 100.0, "percent_statements_covered_display": "100"}, "missing_lines": [], "excluded_lines": []}}, "classes": {"TestValidateApiAccess": {"executed_lines": [41, 43, 44, 45, 46, 49, 51, 52, 55, 57, 62, 64, 65], "summary": {"covered_lines": 13, "num_statements": 13, "percent_covered": 100.0, "percent_covered_display": "100", "missing_lines": 0, "excluded_lines": 0, "percent_statements_covered": 100.0, "percent_statements_covered_display": "100"}, "missing_lines": [], "excluded_lines": []}, "TestRunWithRetries": {"executed_lines": [70, 71, 75, 77, 79, 80, 81, 82, 84, 85, 86, 90, 91, 94, 95, 97, 98, 101, 102, 104, 105], "summary": {"covered_lines": 21, "num_statements": 21, "percent_covered": 100.0, "percent_covered_display": "100", "missing_lines": 0, "excluded_lines": 0, "percent_statements_covered": 100.0, "percent_statements_covered_display": "100"}, "missing_lines": [], "excluded_lines": []}, "TestChangeSummary": {"executed_lines": [110, 111, 112, 115, 116, 117], "summary": {"covered_lines": 6, "num_statements": 6, "percent_covered": 100.0, "percent_covered_display": "100", "missing_lines": 0, "excluded_lines": 0, "percent_statements_covered": 100.0, "percent_statements_covered_display": "100"}, "missing_lines": [], "excluded_lines": []}, "TestExtractedDecision": {"executed_lines": [122, 123, 124, 125, 128, 134, 137, 138], "summary": {"covered_lines": 8, "num_statements": 8, "percent_covered": 100.0, "percent_covered_display": "100", "missing_lines": 0, "excluded_lines": 0, "percent_statements_covered": 100.0, "percent_statements_covered_display": "100"}, "missing_lines": [], "excluded_lines": []}, "TestParsedRequirement": {"executed_lines": [143, 144, 147, 148], "summary": {"covered_lines": 4, "num_statements": 4, "percent_covered": 100.0, "percent_covered_display": "100", "missing_lines": 0, "excluded_lines": 0, "percent_statements_covered": 100.0, "percent_statements_covered_display": "100"}, "missing_lines": [], "excluded_lines": []}, "TestDiffAnalyzerSignature": {"executed_lines": [153, 154, 155], "summary": {"covered_lines": 3, "num_statements": 3, "percent_covered": 100.0, "percent_covered_display": "100", "missing_lines": 0, "excluded_lines": 0, "percent_statements_covered": 100.0, "percent_statements_covered_display": "100"}, "missing_lines": [], "excluded_lines": []}, "TestDecisionExtractorSignature": {"executed_lines": [160, 161, 162, 163], "summary": {"covered_lines": 4, "num_statements": 4, "percent_covered": 100.0, "percent_covered_display": "100", "missing_lines": 0, "excluded_lines": 0, "percent_statements_covered": 100.0, "percent_statements_covered_display": "100"}, "missing_lines": [], "excluded_lines": []}, "TestQuestionSynthesizerSignature": {"executed_lines": [168, 169, 170], "summary": {"covered_lines": 3, "num_statements": 3, "percent_covered": 100.0, "percent_covered_display": "100", "missing_lines": 0, "excluded_lines": 0, "percent_statements_covered": 100.0, "percent_statements_covered_display": "100"}, "missing_lines": [], "excluded_lines": []}, "TestRequirementParserSignature": {"executed_lines": [175, 176, 177], "summary": {"covered_lines": 3, "num_statements": 3, "percent_covered": 100.0, "percent_covered_display": "100", "missing_lines": 0, "excluded_lines": 0, "percent_statements_covered": 100.0, "percent_statements_covered_display": "100"}, "missing_lines": [], "excluded_lines": []}, "TestSpecUpdaterSignature": {"executed_lines": [182, 183, 184, 185, 186], "summary": {"covered_lines": 5, "num_statements": 5, "percent_covered": 100.0, "percent_covered_display": "100", "missing_lines": 0, "excluded_lines": 0, "percent_statements_covered": 100.0, "percent_statements_covered_display": "100"}, "missing_lines": [], "excluded_lines": []}, "TestTestGeneratorSignature": {"executed_lines": [191, 192, 193, 194, 195], "summary": {"covered_lines": 5, "num_statements": 5, "percent_covered": 100.0, "percent_covered_display": "100", "missing_lines": 0, "excluded_lines": 0, "percent_statements_covered": 100.0, "percent_statements_covered_display": "100"}, "missing_lines": [], "excluded_lines": []}, "TestDiffAnalyzerModule": {"executed_lines": [200, 201], "summary": {"covered_lines": 2, "num_statements": 2, "percent_covered": 100.0, "percent_covered_display": "100", "missing_lines": 0, "excluded_lines": 0, "percent_statements_covered": 100.0, "percent_statements_covered_display": "100"}, "missing_lines": [], "excluded_lines": []}, "TestDecisionExtractorModule": {"executed_lines": [206, 207], "summary": {"covered_lines": 2, "num_statements": 2, "percent_covered": 100.0, "percent_covered_display": "100", "missing_lines": 0, "excluded_lines": 0, "percent_statements_covered": 100.0, "percent_statements_covered_display": "100"}, "missing_lines": [], "excluded_lines": []}, "TestQuestionSynthesizerModule": {"executed_lines": [212, 213], "summary": {"covered_lines": 2, "num_statements": 2, "percent_covered": 100.0, "percent_covered_display": "100", "missing_lines": 0, "excluded_lines": 0, "percent_statements_covered": 100.0, "percent_statements_covered_display": "100"}, "missing_lines": [], "excluded_lines": []}, "TestRequirementParserModule": {"executed_lines": [218, 219], "summary": {"covered_lines": 2, "num_statements": 2, "percent_covered": 100.0, "percent_covered_display": "100", "missing_lines": 0, "excluded_lines": 0, "percent_statements_covered": 100.0, "percent_statements_covered_display": "100"}, "missing_lines": [], "excluded_lines": []}, "TestSpecUpdaterModule": {"executed_lines": [224, 225], "summary": {"covered_lines": 2, "num_statements": 2, "percent_covered": 100.0, "percent_covered_display": "100", "missing_lines": 0, "excluded_lines": 0, "percent_statements_covered": 100.0, "percent_statements_covered_display": "100"}, "missing_lines": [], "excluded_lines": []}, "TestTestGeneratorModule": {"executed_lines": [230, 231], "summary": {"covered_lines": 2, "num_statements": 2, "percent_covered": 100.0, "percent_covered_display": "100", "missing_lines": 0, "excluded_lines": 0, "percent_statements_covered": 100.0, "percent_statements_covered_display": "100"}, "missing_lines": [], "excluded_lines": []}, "TestCodeModifier": {"executed_lines": [236, 237, 238, 241, 242, 243, 246, 247, 250, 251, 252, 255, 257, 258, 264, 265, 268, 269, 270, 271, 273, 274, 280, 281, 282, 283, 284, 285], "summary": {"covered_lines": 28, "num_statements": 28, "percent_covered": 100.0, "percent_covered_display": "100", "missing_lines": 0, "excluded_lines": 0, "percent_statements_covered": 100.0, "percent_statements_covered_display": "100"}, "missing_lines": [], "excluded_lines": []}, "": {"executed_lines": [1, 4, 5, 7, 8, 10, 11, 12, 17, 22, 26, 31, 32, 33, 36, 37, 48, 54, 59, 68, 69, 73, 88, 93, 100, 108, 109, 114, 120, 121, 127, 136, 141, 142, 146, 151, 152, 158, 159, 166, 167, 173, 174, 180, 181, 189, 190, 198, 199, 204, 205, 210, 211, 216, 217, 222, 223, 228, 229, 234, 235, 240, 245, 249, 267], "summary": {"covered_lines": 64, "num_statements": 64, "percent_covered": 100.0, "percent_covered_display": "100", "missing_lines": 0, "excluded_lines": 0, "percent_statements_covered": 100.0, "percent_statements_covered_display": "100"}, "missing_lines": [], "excluded_lines": []}}}, "tests/test_sync.py": {"executed_lines": [1, 2, 3, 4, 6, 7, 8, 17, 18, 20, 21, 22, 24, 25, 26, 27, 29, 30, 31, 32, 34, 35, 36, 37, 40, 41, 43, 44, 45, 47, 48, 49, 50, 51, 54, 55, 56, 57, 58, 60, 61, 62, 63, 65, 66, 67, 70, 71, 72, 73, 75, 76, 77, 79, 80, 87, 89, 90, 92, 94, 96, 98, 99, 100, 102, 103, 108, 109, 110, 112, 113, 114, 115, 116, 118, 120, 122, 123, 124, 125, 126, 129, 130, 134, 139, 141, 143, 145, 146, 147, 148, 149, 151, 153, 154, 155, 156, 167, 168, 170, 172, 174, 176, 177, 178, 180, 182, 184, 186, 188, 189, 190], "summary": {"covered_lines": 112, "num_statements": 112, "percent_covered": 100.0, "percent_covered_display": "100", "missing_lines": 0, "excluded_lines": 0, "percent_statements_covered": 100.0, "percent_statements_covered_display": "100"}, "missing_lines": [], "excluded_lines": [], "functions": {"TestGenerateRequirementId.test_format": {"executed_lines": [20, 21, 22], "summary": {"covered_lines": 3, "num_statements": 3, "percent_covered": 100.0, "percent_covered_display": "100", "missing_lines": 0, "excluded_lines": 0, "percent_statements_covered": 100.0, "percent_statements_covered_display": "100"}, "missing_lines": [], "excluded_lines": []}, "TestGenerateRequirementId.test_stability": {"executed_lines": [25, 26, 27], "summary": {"covered_lines": 3, "num_statements": 3, "percent_covered": 100.0, "percent_covered_display": "100", "missing_lines": 0, "excluded_lines": 0, "percent_statements_covered": 100.0, "percent_statements_covered_display": "100"}, "missing_lines": [], "excluded_lines": []}, "TestGenerateRequirementId.test_case_insensitive": {"executed_lines": [30, 31, 32], "summary": {"covered_lines": 3, "num_statements": 3, "percent_covered": 100.0, "percent_covered_display": "100", "missing_lines": 0, "excluded_lines": 0, "percent_statements_covered": 100.0, "percent_statements_covered_display": "100"}, "missing_lines": [], "excluded_lines": []}, "TestGenerateRequirementId.test_strips_whitespace": {"executed_lines": [35, 36, 37], "summary": {"covered_lines": 3, "num_statements": 3, "percent_covered": 100.0, "percent_covered_display": "100", "missing_lines": 0, "excluded_lines": 0, "percent_statements_covered": 100.0, "percent_statements_covered_display": "100"}, "missing_lines": [], "excluded_lines": []}, "TestAtomicWrite.test_writes_file": {"executed_lines": [43, 44, 45], "summary": {"covered_lines": 3, "num_statements": 3, "percent_covered": 100.0, "percent_covered_display": "100", "missing_lines": 0, "excluded_lines": 0, "percent_statements_covered": 100.0, "percent_statements_covered_display": "100"}, "missing_lines": [], "excluded_lines": []}, "TestAtomicWrite.test_overwrites_existing": {"executed_lines": [48, 49, 50, 51], "summary": {"covered_lines": 4, "num_statements": 4, "percent_covered": 100.0, "percent_covered_display": "100", "missing_lines": 0, "excluded_lines": 0, "percent_statements_covered": 100.0, "percent_statements_covered_display": "100"}, "missing_lines": [], "excluded_lines": []}, "TestFindSpecSection.test_single_section": {"executed_lines": [56, 57, 58], "summary": {"covered_lines": 3, "num_statements": 3, "percent_covered": 100.0, "percent_covered_display": "100", "missing_lines": 0, "excluded_lines": 0, "percent_statements_covered": 100.0, "percent_statements_covered_display": "100"}, "missing_lines": [], "excluded_lines": []}, "TestFindSpecSection.test_multiple_sections": {"executed_lines": [61, 62, 63], "summary": {"covered_lines": 3, "num_statements": 3, "percent_covered": 100.0, "percent_covered_display": "100", "missing_lines": 0, "excluded_lines": 0, "percent_statements_covered": 100.0, "percent_statements_covered_display": "100"}, "missing_lines": [], "excluded_lines": []}, "TestFindSpecSection.test_empty_content": {"executed_lines": [66, 67], "summary": {"covered_lines": 2, "num_statements": 2, "percent_covered": 100.0, "percent_covered_display": "100", "missing_lines": 0, "excluded_lines": 0, "percent_statements_covered": 100.0, "percent_statements_covered_display": "100"}, "missing_lines": [], "excluded_lines": []}, "TestSyncDecisions.test_no_config": {"executed_lines": [72, 73], "summary": {"covered_lines": 2, "num_statements": 2, "percent_covered": 100.0, "percent_covered_display": "100", "missing_lines": 0, "excluded_lines": 0, "percent_statements_covered": 100.0, "percent_statements_covered_display": "100"}, "missing_lines": [], "excluded_lines": []}, "TestSyncDecisions.test_no_decisions_to_sync": {"executed_lines": [76, 77], "summary": {"covered_lines": 2, "num_statements": 2, "percent_covered": 100.0, "percent_covered_display": "100", "missing_lines": 0, "excluded_lines": 0, "percent_statements_covered": 100.0, "percent_statements_covered_display": "100"}, "missing_lines": [], "excluded_lines": []}, "TestSyncDecisions.test_syncs_approved_decision": {"executed_lines": [80, 87, 89, 90, 92, 94, 96, 98, 99, 100], "summary": {"covered_lines": 10, "num_statements": 10, "percent_covered": 100.0, "percent_covered_display": "100", "missing_lines": 0, "excluded_lines": 0, "percent_statements_covered": 100.0, "percent_statements_covered_display": "100"}, "missing_lines": [], "excluded_lines": []}, "TestSyncDecisions.test_skips_already_synced": {"executed_lines": [103, 108, 109, 110], "summary": {"covered_lines": 4, "num_statements": 4, "percent_covered": 100.0, "percent_covered_display": "100", "missing_lines": 0, "excluded_lines": 0, "percent_statements_covered": 100.0, "percent_statements_covered_display": "100"}, "missing_lines": [], "excluded_lines": []}, "TestSyncDecisions.test_filters_by_decision_ids": {"executed_lines": [113, 114, 115, 116, 118, 120, 122, 123, 124, 125, 126], "summary": {"covered_lines": 11, "num_statements": 11, "percent_covered": 100.0, "percent_covered_display": "100", "missing_lines": 0, "excluded_lines": 0, "percent_statements_covered": 100.0, "percent_statements_covered_display": "100"}, "missing_lines": [], "excluded_lines": []}, "TestParseSpecFiles.test_parses_spec": {"executed_lines": [134, 139, 141, 143, 145, 146, 147, 148, 149], "summary": {"covered_lines": 9, "num_statements": 9, "percent_covered": 100.0, "percent_covered_display": "100", "missing_lines": 0, "excluded_lines": 0, "percent_statements_covered": 100.0, "percent_statements_covered_display": "100"}, "missing_lines": [], "excluded_lines": []}, "TestParseSpecFiles.test_preserves_created_at_for_existing_requirements": {"executed_lines": [153, 154, 155, 156, 167, 168, 170, 172, 174, 176, 177, 178], "summary": {"covered_lines": 12, "num_statements": 12, "percent_covered": 100.0, "percent_covered_display": "100", "missing_lines": 0, "excluded_lines": 0, "percent_statements_covered": 100.0, "percent_statements_covered_display": "100"}, "missing_lines": [], "excluded_lines": []}, "TestParseSpecFiles.test_new_requirement_gets_current_timestamp": {"executed_lines": [182, 184, 186, 188, 189, 190], "summary": {"covered_lines": 6, "num_statements": 6, "percent_covered": 100.0, "percent_covered_display": "100", "missing_lines": 0, "excluded_lines": 0, "percent_statements_covered": 100.0, "percent_statements_covered_display": "100"}, "missing_lines": [], "excluded_lines": []}, "": {"executed_lines": [1, 2, 3, 4, 6, 7, 8, 17, 18, 24, 29, 34, 40, 41, 47, 54, 55, 60, 65, 70, 71, 75, 79, 102, 112, 129, 130, 151, 180], "summary": {"covered_lines": 29, "num_statements": 29, "percent_covered": 100.0, "percent_covered_display": "100", "missing_lines": 0, "excluded_lines": 0, "percent_statements_covered": 100.0, "percent_statements_covered_display": "100"}, "missing_lines": [], "excluded_lines": []}}, "classes": {"TestGenerateRequirementId": {"executed_lines": [20, 21, 22, 25, 26, 27, 30, 31, 32, 35, 36, 37], "summary": {"covered_lines": 12, "num_statements": 12, "percent_covered": 100.0, "percent_covered_display": "100", "missing_lines": 0, "excluded_lines": 0, "percent_statements_covered": 100.0, "percent_statements_covered_display": "100"}, "missing_lines": [], "excluded_lines": []}, "TestAtomicWrite": {"executed_lines": [43, 44, 45, 48, 49, 50, 51], "summary": {"covered_lines": 7, "num_statements": 7, "percent_covered": 100.0, "percent_covered_display": "100", "missing_lines": 0, "excluded_lines": 0, "percent_statements_covered": 100.0, "percent_statements_covered_display": "100"}, "missing_lines": [], "excluded_lines": []}, "TestFindSpecSection": {"executed_lines": [56, 57, 58, 61, 62, 63, 66, 67], "summary": {"covered_lines": 8, "num_statements": 8, "percent_covered": 100.0, "percent_covered_display": "100", "missing_lines": 0, "excluded_lines": 0, "percent_statements_covered": 100.0, "percent_statements_covered_display": "100"}, "missing_lines": [], "excluded_lines": []}, "TestSyncDecisions": {"executed_lines": [72, 73, 76, 77, 80, 87, 89, 90, 92, 94, 96, 98, 99, 100, 103, 108, 109, 110, 113, 114, 115, 116, 118, 120, 122, 123, 124, 125, 126], "summary": {"covered_lines": 29, "num_statements": 29, "percent_covered": 100.0, "percent_covered_display": "100", "missing_lines": 0, "excluded_lines": 0, "percent_statements_covered": 100.0, "percent_statements_covered_display": "100"}, "missing_lines": [], "excluded_lines": []}, "TestParseSpecFiles": {"executed_lines": [134, 139, 141, 143, 145, 146, 147, 148, 149, 153, 154, 155, 156, 167, 168, 170, 172, 174, 176, 177, 178, 182, 184, 186, 188, 189, 190], "summary": {"covered_lines": 27, "num_statements": 27, "percent_covered": 100.0, "percent_covered_display": "100", "missing_lines": 0, "excluded_lines": 0, "percent_statements_covered": 100.0, "percent_statements_covered_display": "100"}, "missing_lines": [], "excluded_lines": []}, "": {"executed_lines": [1, 2, 3, 4, 6, 7, 8, 17, 18, 24, 29, 34, 40, 41, 47, 54, 55, 60, 65, 70, 71, 75, 79, 102, 112, 129, 130, 151, 180], "summary": {"covered_lines": 29, "num_statements": 29, "percent_covered": 100.0, "percent_covered_display": "100", "missing_lines": 0, "excluded_lines": 0, "percent_statements_covered": 100.0, "percent_statements_covered_display": "100"}, "missing_lines": [], "excluded_lines": []}}}}, "totals": {"covered_lines": 3177, "num_statements": 3520, "percent_covered": 90.25568181818181, "percent_covered_display": "90", "missing_lines": 343, "excluded_lines": 0, "percent_statements_covered": 90.25568181818181, "percent_statements_covered_display": "90"}}