{"meta": {"format": 3, "version": "7.13.0", "timestamp": "2026-03-02T08:12:18.936729", "branch_coverage": false, "show_contexts": false}, "files": {"plumb/__init__.py": {"executed_lines": [1, 4, 5, 8, 9, 12, 13], "summary": {"covered_lines": 4, "num_statements": 4, "percent_covered": 100.0, "percent_covered_display": "100", "missing_lines": 0, "excluded_lines": 0, "percent_statements_covered": 100.0, "percent_statements_covered_display": "100"}, "missing_lines": [], "excluded_lines": [], "functions": {"": {"executed_lines": [1, 4, 5, 8, 9, 12, 13], "summary": {"covered_lines": 4, "num_statements": 4, "percent_covered": 100.0, "percent_covered_display": "100", "missing_lines": 0, "excluded_lines": 0, "percent_statements_covered": 100.0, "percent_statements_covered_display": "100"}, "missing_lines": [], "excluded_lines": []}}, "classes": {"PlumbError": {"executed_lines": [], "summary": {"covered_lines": 0, "num_statements": 0, "percent_covered": 100.0, "percent_covered_display": "100", "missing_lines": 0, "excluded_lines": 0, "percent_statements_covered": 100.0, "percent_statements_covered_display": "100"}, "missing_lines": [], "excluded_lines": []}, "PlumbInferenceError": {"executed_lines": [], "summary": {"covered_lines": 0, "num_statements": 0, "percent_covered": 100.0, "percent_covered_display": "100", "missing_lines": 0, "excluded_lines": 0, "percent_statements_covered": 100.0, "percent_statements_covered_display": "100"}, "missing_lines": [], "excluded_lines": []}, "PlumbAuthError": {"executed_lines": [], "summary": {"covered_lines": 0, "num_statements": 0, "percent_covered": 100.0, "percent_covered_display": "100", "missing_lines": 0, "excluded_lines": 0, "percent_statements_covered": 100.0, "percent_statements_covered_display": "100"}, "missing_lines": [], "excluded_lines": []}, "": {"executed_lines": [1, 4, 5, 8, 9, 12, 13], "summary": {"covered_lines": 4, "num_statements": 4, "percent_covered": 100.0, "percent_covered_display": "100", "missing_lines": 0, "excluded_lines": 0, "percent_statements_covered": 100.0, "percent_statements_covered_display": "100"}, "missing_lines": [], "excluded_lines": []}}}, "plumb/claude_session.py": {"executed_lines": [1, 6, 8, 9, 10, 11, 12, 14, 16, 19, 24, 25, 28, 30, 31, 32, 33, 34, 37, 41, 42, 43, 44, 45, 46, 49, 54, 55, 56, 58, 59, 61, 62, 63, 65, 67, 68, 69, 72, 75, 76, 78, 79, 80, 81, 83, 84, 85, 92, 95, 99, 100, 101, 106, 107, 108, 110, 111, 112, 113, 115, 116, 117, 119, 120, 121, 124, 125, 129, 130, 133, 146, 158, 159, 160, 162, 165, 174, 175, 177, 178, 181, 182, 183, 184, 187, 188, 190, 191], "summary": {"covered_lines": 88, "num_statements": 108, "percent_covered": 81.48148148148148, "percent_covered_display": "81", "missing_lines": 20, "excluded_lines": 0, "percent_statements_covered": 81.48148148148148, "percent_statements_covered_display": "81"}, "missing_lines": [73, 102, 103, 104, 109, 126, 127, 135, 136, 138, 139, 140, 141, 142, 143, 166, 167, 170, 171, 179], "excluded_lines": [], "functions": {"encode_project_path": {"executed_lines": [24, 25], "summary": {"covered_lines": 2, "num_statements": 2, "percent_covered": 100.0, "percent_covered_display": "100", "missing_lines": 0, "excluded_lines": 0, "percent_statements_covered": 100.0, "percent_statements_covered_display": "100"}, "missing_lines": [], "excluded_lines": []}, "find_session_dir": {"executed_lines": [30, 31, 32, 33, 34], "summary": {"covered_lines": 5, "num_statements": 5, "percent_covered": 100.0, "percent_covered_display": "100", "missing_lines": 0, "excluded_lines": 0, "percent_statements_covered": 100.0, "percent_statements_covered_display": "100"}, "missing_lines": [], "excluded_lines": []}, "list_session_files": {"executed_lines": [41, 42, 43, 44, 45, 46], "summary": {"covered_lines": 6, "num_statements": 6, "percent_covered": 100.0, "percent_covered_display": "100", "missing_lines": 0, "excluded_lines": 0, "percent_statements_covered": 100.0, "percent_statements_covered_display": "100"}, "missing_lines": [], "excluded_lines": []}, "_parse_session_entry": {"executed_lines": [54, 55, 56, 58, 59, 61, 62, 63, 65, 67, 68, 69, 72, 75, 76, 78, 79, 80, 81, 83, 84, 85, 92], "summary": {"covered_lines": 23, "num_statements": 24, "percent_covered": 95.83333333333333, "percent_covered_display": "96", "missing_lines": 1, "excluded_lines": 0, "percent_statements_covered": 95.83333333333333, "percent_statements_covered_display": "96"}, "missing_lines": [73], "excluded_lines": []}, "parse_session_file": {"executed_lines": [99, 100, 101, 106, 107, 108, 110, 111, 112, 113, 115, 116, 117, 119, 120, 121, 124, 125, 129, 130], "summary": {"covered_lines": 20, "num_statements": 26, "percent_covered": 76.92307692307692, "percent_covered_display": "77", "missing_lines": 6, "excluded_lines": 0, "percent_statements_covered": 76.92307692307692, "percent_statements_covered_display": "77"}, "missing_lines": [102, 103, 104, 109, 126, 127], "excluded_lines": []}, "_commit_sha_to_datetime": {"executed_lines": [], "summary": {"covered_lines": 0, "num_statements": 8, "percent_covered": 0.0, "percent_covered_display": "0", "missing_lines": 8, "excluded_lines": 0, "percent_statements_covered": 0.0, "percent_statements_covered_display": "0"}, "missing_lines": [135, 136, 138, 139, 140, 141, 142, 143], "excluded_lines": []}, "read_claude_sessions": {"executed_lines": [158, 159, 160, 162, 165, 174, 175, 177, 178, 181, 182, 183, 184, 187, 190, 191], "summary": {"covered_lines": 16, "num_statements": 21, "percent_covered": 76.19047619047619, "percent_covered_display": "76", "missing_lines": 5, "excluded_lines": 0, "percent_statements_covered": 76.19047619047619, "percent_statements_covered_display": "76"}, "missing_lines": [166, 167, 170, 171, 179], "excluded_lines": []}, "read_claude_sessions.sort_key": {"executed_lines": [188], "summary": {"covered_lines": 1, "num_statements": 1, "percent_covered": 100.0, "percent_covered_display": "100", "missing_lines": 0, "excluded_lines": 0, "percent_statements_covered": 100.0, "percent_statements_covered_display": "100"}, "missing_lines": [], "excluded_lines": []}, "": {"executed_lines": [1, 6, 8, 9, 10, 11, 12, 14, 16, 19, 28, 37, 49, 95, 133, 146], "summary": {"covered_lines": 15, "num_statements": 15, "percent_covered": 100.0, "percent_covered_display": "100", "missing_lines": 0, "excluded_lines": 0, "percent_statements_covered": 100.0, "percent_statements_covered_display": "100"}, "missing_lines": [], "excluded_lines": []}}, "classes": {"": {"executed_lines": [1, 6, 8, 9, 10, 11, 12, 14, 16, 19, 24, 25, 28, 30, 31, 32, 33, 34, 37, 41, 42, 43, 44, 45, 46, 49, 54, 55, 56, 58, 59, 61, 62, 63, 65, 67, 68, 69, 72, 75, 76, 78, 79, 80, 81, 83, 84, 85, 92, 95, 99, 100, 101, 106, 107, 108, 110, 111, 112, 113, 115, 116, 117, 119, 120, 121, 124, 125, 129, 130, 133, 146, 158, 159, 160, 162, 165, 174, 175, 177, 178, 181, 182, 183, 184, 187, 188, 190, 191], "summary": {"covered_lines": 88, "num_statements": 108, "percent_covered": 81.48148148148148, "percent_covered_display": "81", "missing_lines": 20, "excluded_lines": 0, "percent_statements_covered": 81.48148148148148, "percent_statements_covered_display": "81"}, "missing_lines": [73, 102, 103, 104, 109, 126, 127, 135, 136, 138, 139, 140, 141, 142, 143, 166, 167, 170, 171, 179], "excluded_lines": []}}}, "plumb/cli.py": {"executed_lines": [1, 3, 4, 5, 6, 7, 8, 9, 11, 12, 13, 15, 22, 23, 31, 34, 35, 37, 40, 41, 43, 44, 45, 46, 49, 52, 56, 57, 58, 59, 61, 62, 63, 64, 67, 70, 73, 74, 75, 76, 79, 84, 87, 88, 89, 90, 91, 92, 93, 94, 97, 98, 99, 102, 103, 104, 105, 106, 107, 112, 115, 116, 117, 118, 122, 123, 124, 125, 126, 127, 128, 131, 133, 134, 135, 136, 137, 140, 142, 143, 144, 146, 171, 172, 174, 175, 176, 177, 179, 180, 182, 185, 186, 187, 189, 191, 192, 193, 196, 197, 205, 206, 208, 210, 211, 214, 215, 216, 218, 219, 220, 221, 223, 224, 225, 227, 228, 229, 231, 233, 234, 235, 236, 237, 238, 239, 240, 241, 242, 243, 244, 245, 247, 252, 253, 254, 255, 256, 257, 258, 259, 260, 261, 262, 266, 267, 268, 269, 270, 271, 275, 276, 278, 279, 283, 285, 286, 288, 289, 290, 291, 292, 293, 295, 296, 297, 299, 300, 301, 302, 303, 306, 307, 308, 309, 310, 311, 312, 314, 315, 316, 322, 323, 324, 325, 327, 328, 329, 330, 377, 378, 379, 380, 382, 383, 387, 388, 389, 391, 392, 393, 395, 396, 397, 398, 399, 400, 401, 402, 405, 406, 407, 409, 410, 413, 414, 415, 417, 418, 421, 422, 423, 424, 426, 427, 431, 432, 438, 442, 443, 446, 447, 448, 450, 451, 455, 456, 461, 462, 463, 465, 468, 469, 470, 471, 473, 474, 478, 479, 485, 489, 490, 493, 494, 495, 497, 498, 499, 500, 502, 505, 506, 508, 509, 513, 514, 515, 516, 518, 519, 526, 527, 529, 530, 531, 532, 543, 544, 545, 708, 709, 711, 712, 716, 717, 720, 721, 723, 724, 728, 729, 730, 731, 734, 737, 738, 739, 740, 741, 742, 743, 745, 748, 749, 750, 751, 752, 753, 754, 755, 758, 761, 762, 763, 764, 765, 770, 771, 772, 774, 776, 777, 778, 779, 780, 781, 782, 783, 787, 788, 790, 793, 797, 798, 799, 800, 801, 802, 803, 804, 805, 806], "summary": {"covered_lines": 342, "num_statements": 512, "percent_covered": 66.796875, "percent_covered_display": "67", "missing_lines": 170, "excluded_lines": 0, "percent_statements_covered": 66.796875, "percent_statements_covered_display": "67"}, "missing_lines": [109, 119, 120, 199, 201, 202, 333, 334, 335, 336, 339, 346, 348, 350, 351, 352, 353, 354, 356, 357, 364, 365, 366, 367, 369, 384, 385, 428, 429, 439, 440, 452, 453, 475, 476, 486, 487, 510, 511, 517, 521, 522, 523, 534, 535, 536, 537, 538, 539, 540, 547, 549, 550, 551, 552, 554, 555, 556, 557, 559, 560, 561, 562, 564, 565, 566, 567, 570, 571, 572, 573, 574, 575, 576, 577, 579, 580, 581, 582, 583, 584, 585, 586, 587, 588, 589, 590, 592, 594, 595, 596, 603, 604, 605, 607, 608, 610, 611, 613, 614, 616, 617, 619, 620, 621, 622, 623, 625, 626, 627, 630, 631, 632, 633, 634, 636, 637, 643, 645, 646, 647, 650, 655, 656, 657, 659, 660, 661, 662, 663, 666, 669, 670, 671, 672, 673, 674, 675, 676, 678, 679, 681, 682, 683, 684, 685, 686, 688, 689, 690, 692, 693, 694, 695, 696, 697, 698, 699, 702, 703, 705, 713, 714, 725, 726, 756, 757, 766, 767, 785], "excluded_lines": [], "functions": {"cli": {"executed_lines": [37], "summary": {"covered_lines": 1, "num_statements": 1, "percent_covered": 100.0, "percent_covered_display": "100", "missing_lines": 0, "excluded_lines": 0, "percent_statements_covered": 100.0, "percent_statements_covered_display": "100"}, "missing_lines": [], "excluded_lines": []}, "init": {"executed_lines": [43, 44, 45, 46, 49, 52, 56, 57, 58, 59, 61, 62, 63, 64, 67, 70, 73, 74, 75, 76, 79, 84, 87, 88, 89, 90, 91, 92, 93, 94, 97, 98, 99, 102, 103, 104, 105, 106, 107, 112, 115, 116, 117, 118, 122, 123, 124, 125, 126, 127, 128], "summary": {"covered_lines": 51, "num_statements": 54, "percent_covered": 94.44444444444444, "percent_covered_display": "94", "missing_lines": 3, "excluded_lines": 0, "percent_statements_covered": 94.44444444444444, "percent_statements_covered_display": "94"}, "missing_lines": [109, 119, 120], "excluded_lines": []}, "_coverage_bar": {"executed_lines": [133, 134, 135, 136, 137], "summary": {"covered_lines": 5, "num_statements": 5, "percent_covered": 100.0, "percent_covered_display": "100", "missing_lines": 0, "excluded_lines": 0, "percent_statements_covered": 100.0, "percent_statements_covered_display": "100"}, "missing_lines": [], "excluded_lines": []}, "_update_claude_md": {"executed_lines": [142, 143, 144, 146, 171, 172, 174, 175, 176, 177, 179, 180, 182], "summary": {"covered_lines": 13, "num_statements": 13, "percent_covered": 100.0, "percent_covered_display": "100", "missing_lines": 0, "excluded_lines": 0, "percent_statements_covered": 100.0, "percent_statements_covered_display": "100"}, "missing_lines": [], "excluded_lines": []}, "hook": {"executed_lines": [189, 191, 192, 193], "summary": {"covered_lines": 4, "num_statements": 4, "percent_covered": 100.0, "percent_covered_display": "100", "missing_lines": 0, "excluded_lines": 0, "percent_statements_covered": 100.0, "percent_statements_covered_display": "100"}, "missing_lines": [], "excluded_lines": []}, "post_commit": {"executed_lines": [], "summary": {"covered_lines": 0, "num_statements": 3, "percent_covered": 0.0, "percent_covered_display": "0", "missing_lines": 3, "excluded_lines": 0, "percent_statements_covered": 0.0, "percent_statements_covered_display": "0"}, "missing_lines": [199, 201, 202], "excluded_lines": []}, "diff": {"executed_lines": [208, 210, 211], "summary": {"covered_lines": 3, "num_statements": 3, "percent_covered": 100.0, "percent_covered_display": "100", "missing_lines": 0, "excluded_lines": 0, "percent_statements_covered": 100.0, "percent_statements_covered_display": "100"}, "missing_lines": [], "excluded_lines": []}, "review": {"executed_lines": [218, 219, 220, 221, 223, 224, 225, 227, 228, 229, 231, 233, 234, 235, 236, 237, 238, 239, 240, 241, 242, 243, 244, 245, 247, 252, 253, 254, 255, 256, 257, 258, 259, 260, 261, 262, 266, 267, 268, 269, 270, 271, 275, 276, 278, 279], "summary": {"covered_lines": 46, "num_statements": 46, "percent_covered": 100.0, "percent_covered_display": "100", "missing_lines": 0, "excluded_lines": 0, "percent_statements_covered": 100.0, "percent_statements_covered_display": "100"}, "missing_lines": [], "excluded_lines": []}, "_run_modify": {"executed_lines": [285, 286, 288, 289, 290, 291, 292, 293, 295, 296, 297, 299, 300, 301, 302, 303, 306, 307, 308, 309, 310, 311, 312, 314, 315, 316, 322, 323, 324, 325, 327, 328, 329, 330], "summary": {"covered_lines": 34, "num_statements": 53, "percent_covered": 64.15094339622641, "percent_covered_display": "64", "missing_lines": 19, "excluded_lines": 0, "percent_statements_covered": 64.15094339622641, "percent_statements_covered_display": "64"}, "missing_lines": [333, 334, 335, 336, 339, 346, 348, 350, 351, 352, 353, 354, 356, 357, 364, 365, 366, 367, 369], "excluded_lines": []}, "approve": {"executed_lines": [382, 383, 387, 388, 389, 391, 392, 393, 395, 396, 397, 398, 399, 400, 401, 402, 405, 406, 407, 409, 410, 413, 414, 415, 417, 418], "summary": {"covered_lines": 26, "num_statements": 28, "percent_covered": 92.85714285714286, "percent_covered_display": "93", "missing_lines": 2, "excluded_lines": 0, "percent_statements_covered": 92.85714285714286, "percent_statements_covered_display": "93"}, "missing_lines": [384, 385], "excluded_lines": []}, "reject": {"executed_lines": [426, 427, 431, 432, 438, 442, 443], "summary": {"covered_lines": 7, "num_statements": 11, "percent_covered": 63.63636363636363, "percent_covered_display": "64", "missing_lines": 4, "excluded_lines": 0, "percent_statements_covered": 63.63636363636363, "percent_statements_covered_display": "64"}, "missing_lines": [428, 429, 439, 440], "excluded_lines": []}, "ignore": {"executed_lines": [450, 451, 455, 456, 461, 462, 463, 465], "summary": {"covered_lines": 8, "num_statements": 10, "percent_covered": 80.0, "percent_covered_display": "80", "missing_lines": 2, "excluded_lines": 0, "percent_statements_covered": 80.0, "percent_statements_covered_display": "80"}, "missing_lines": [452, 453], "excluded_lines": []}, "edit": {"executed_lines": [473, 474, 478, 479, 485, 489, 490], "summary": {"covered_lines": 7, "num_statements": 11, "percent_covered": 63.63636363636363, "percent_covered_display": "64", "missing_lines": 4, "excluded_lines": 0, "percent_statements_covered": 63.63636363636363, "percent_statements_covered_display": "64"}, "missing_lines": [475, 476, 486, 487], "excluded_lines": []}, "modify": {"executed_lines": [497, 498, 499, 500, 502], "summary": {"covered_lines": 5, "num_statements": 5, "percent_covered": 100.0, "percent_covered_display": "100", "missing_lines": 0, "excluded_lines": 0, "percent_statements_covered": 100.0, "percent_statements_covered_display": "100"}, "missing_lines": [], "excluded_lines": []}, "sync_cmd": {"executed_lines": [508, 509, 513, 514, 515, 516, 518, 519], "summary": {"covered_lines": 8, "num_statements": 13, "percent_covered": 61.53846153846154, "percent_covered_display": "62", "missing_lines": 5, "excluded_lines": 0, "percent_statements_covered": 61.53846153846154, "percent_statements_covered_display": "62"}, "missing_lines": [510, 511, 521, 522, 523], "excluded_lines": []}, "sync_cmd.on_progress": {"executed_lines": [], "summary": {"covered_lines": 0, "num_statements": 1, "percent_covered": 0.0, "percent_covered_display": "0", "missing_lines": 1, "excluded_lines": 0, "percent_statements_covered": 0.0, "percent_statements_covered_display": "0"}, "missing_lines": [517], "excluded_lines": []}, "parse_spec": {"executed_lines": [529, 530, 531, 532], "summary": {"covered_lines": 4, "num_statements": 11, "percent_covered": 36.36363636363637, "percent_covered_display": "36", "missing_lines": 7, "excluded_lines": 0, "percent_statements_covered": 36.36363636363637, "percent_statements_covered_display": "36"}, "missing_lines": [534, 535, 536, 537, 538, 539, 540], "excluded_lines": []}, "map_tests": {"executed_lines": [], "summary": {"covered_lines": 0, "num_statements": 111, "percent_covered": 0.0, "percent_covered_display": "0", "missing_lines": 111, "excluded_lines": 0, "percent_statements_covered": 0.0, "percent_statements_covered_display": "0"}, "missing_lines": [547, 549, 550, 551, 552, 554, 555, 556, 557, 559, 560, 561, 562, 564, 565, 566, 567, 570, 571, 572, 573, 574, 575, 576, 577, 579, 580, 581, 582, 583, 584, 585, 586, 587, 588, 589, 590, 592, 594, 595, 596, 603, 604, 605, 607, 608, 610, 611, 613, 614, 616, 617, 619, 620, 621, 622, 623, 625, 626, 627, 630, 631, 632, 633, 634, 636, 637, 643, 645, 646, 647, 650, 655, 656, 657, 659, 660, 661, 662, 663, 666, 669, 670, 671, 672, 673, 674, 675, 676, 678, 679, 681, 682, 683, 684, 685, 686, 688, 689, 690, 692, 693, 694, 695, 696, 697, 698, 699, 702, 703, 705], "excluded_lines": []}, "coverage": {"executed_lines": [711, 712, 716, 717], "summary": {"covered_lines": 4, "num_statements": 6, "percent_covered": 66.66666666666667, "percent_covered_display": "67", "missing_lines": 2, "excluded_lines": 0, "percent_statements_covered": 66.66666666666667, "percent_statements_covered_display": "67"}, "missing_lines": [713, 714], "excluded_lines": []}, "status": {"executed_lines": [723, 724, 728, 729, 730, 731, 734, 737, 738, 739, 740, 741, 742, 743, 745, 748, 749, 750, 751, 752, 753, 754, 755, 758, 761, 762, 763, 764, 765, 770, 771, 772, 774, 776, 777, 778, 779, 780, 781, 782, 783, 787, 788, 790, 793, 797, 798, 799, 800, 801, 802, 803, 804, 805, 806], "summary": {"covered_lines": 55, "num_statements": 62, "percent_covered": 88.70967741935483, "percent_covered_display": "89", "missing_lines": 7, "excluded_lines": 0, "percent_statements_covered": 88.70967741935483, "percent_statements_covered_display": "89"}, "missing_lines": [725, 726, 756, 757, 766, 767, 785], "excluded_lines": []}, "": {"executed_lines": [1, 3, 4, 5, 6, 7, 8, 9, 11, 12, 13, 15, 22, 23, 31, 34, 35, 40, 41, 131, 140, 185, 186, 187, 196, 197, 205, 206, 214, 215, 216, 283, 377, 378, 379, 380, 421, 422, 423, 424, 446, 447, 448, 468, 469, 470, 471, 493, 494, 495, 505, 506, 526, 527, 543, 544, 545, 708, 709, 720, 721], "summary": {"covered_lines": 61, "num_statements": 61, "percent_covered": 100.0, "percent_covered_display": "100", "missing_lines": 0, "excluded_lines": 0, "percent_statements_covered": 100.0, "percent_statements_covered_display": "100"}, "missing_lines": [], "excluded_lines": []}}, "classes": {"": {"executed_lines": [1, 3, 4, 5, 6, 7, 8, 9, 11, 12, 13, 15, 22, 23, 31, 34, 35, 37, 40, 41, 43, 44, 45, 46, 49, 52, 56, 57, 58, 59, 61, 62, 63, 64, 67, 70, 73, 74, 75, 76, 79, 84, 87, 88, 89, 90, 91, 92, 93, 94, 97, 98, 99, 102, 103, 104, 105, 106, 107, 112, 115, 116, 117, 118, 122, 123, 124, 125, 126, 127, 128, 131, 133, 134, 135, 136, 137, 140, 142, 143, 144, 146, 171, 172, 174, 175, 176, 177, 179, 180, 182, 185, 186, 187, 189, 191, 192, 193, 196, 197, 205, 206, 208, 210, 211, 214, 215, 216, 218, 219, 220, 221, 223, 224, 225, 227, 228, 229, 231, 233, 234, 235, 236, 237, 238, 239, 240, 241, 242, 243, 244, 245, 247, 252, 253, 254, 255, 256, 257, 258, 259, 260, 261, 262, 266, 267, 268, 269, 270, 271, 275, 276, 278, 279, 283, 285, 286, 288, 289, 290, 291, 292, 293, 295, 296, 297, 299, 300, 301, 302, 303, 306, 307, 308, 309, 310, 311, 312, 314, 315, 316, 322, 323, 324, 325, 327, 328, 329, 330, 377, 378, 379, 380, 382, 383, 387, 388, 389, 391, 392, 393, 395, 396, 397, 398, 399, 400, 401, 402, 405, 406, 407, 409, 410, 413, 414, 415, 417, 418, 421, 422, 423, 424, 426, 427, 431, 432, 438, 442, 443, 446, 447, 448, 450, 451, 455, 456, 461, 462, 463, 465, 468, 469, 470, 471, 473, 474, 478, 479, 485, 489, 490, 493, 494, 495, 497, 498, 499, 500, 502, 505, 506, 508, 509, 513, 514, 515, 516, 518, 519, 526, 527, 529, 530, 531, 532, 543, 544, 545, 708, 709, 711, 712, 716, 717, 720, 721, 723, 724, 728, 729, 730, 731, 734, 737, 738, 739, 740, 741, 742, 743, 745, 748, 749, 750, 751, 752, 753, 754, 755, 758, 761, 762, 763, 764, 765, 770, 771, 772, 774, 776, 777, 778, 779, 780, 781, 782, 783, 787, 788, 790, 793, 797, 798, 799, 800, 801, 802, 803, 804, 805, 806], "summary": {"covered_lines": 342, "num_statements": 512, "percent_covered": 66.796875, "percent_covered_display": "67", "missing_lines": 170, "excluded_lines": 0, "percent_statements_covered": 66.796875, "percent_statements_covered_display": "67"}, "missing_lines": [109, 119, 120, 199, 201, 202, 333, 334, 335, 336, 339, 346, 348, 350, 351, 352, 353, 354, 356, 357, 364, 365, 366, 367, 369, 384, 385, 428, 429, 439, 440, 452, 453, 475, 476, 486, 487, 510, 511, 517, 521, 522, 523, 534, 535, 536, 537, 538, 539, 540, 547, 549, 550, 551, 552, 554, 555, 556, 557, 559, 560, 561, 562, 564, 565, 566, 567, 570, 571, 572, 573, 574, 575, 576, 577, 579, 580, 581, 582, 583, 584, 585, 586, 587, 588, 589, 590, 592, 594, 595, 596, 603, 604, 605, 607, 608, 610, 611, 613, 614, 616, 617, 619, 620, 621, 622, 623, 625, 626, 627, 630, 631, 632, 633, 634, 636, 637, 643, 645, 646, 647, 650, 655, 656, 657, 659, 660, 661, 662, 663, 666, 669, 670, 671, 672, 673, 674, 675, 676, 678, 679, 681, 682, 683, 684, 685, 686, 688, 689, 690, 692, 693, 694, 695, 696, 697, 698, 699, 702, 703, 705, 713, 714, 725, 726, 756, 757, 766, 767, 785], "excluded_lines": []}}}, "plumb/config.py": {"executed_lines": [1, 3, 4, 5, 6, 7, 8, 10, 13, 14, 15, 16, 17, 18, 19, 20, 21, 24, 26, 27, 28, 29, 30, 33, 35, 36, 37, 40, 41, 44, 46, 47, 48, 49, 50, 51, 52, 53, 56, 58, 59, 60, 61, 62, 63, 64, 65], "summary": {"covered_lines": 47, "num_statements": 51, "percent_covered": 92.15686274509804, "percent_covered_display": "92", "missing_lines": 4, "excluded_lines": 0, "percent_statements_covered": 92.15686274509804, "percent_statements_covered_display": "92"}, "missing_lines": [66, 67, 68, 69], "excluded_lines": [], "functions": {"find_repo_root": {"executed_lines": [26, 27, 28, 29, 30], "summary": {"covered_lines": 5, "num_statements": 5, "percent_covered": 100.0, "percent_covered_display": "100", "missing_lines": 0, "excluded_lines": 0, "percent_statements_covered": 100.0, "percent_statements_covered_display": "100"}, "missing_lines": [], "excluded_lines": []}, "ensure_plumb_dir": {"executed_lines": [35, 36, 37], "summary": {"covered_lines": 3, "num_statements": 3, "percent_covered": 100.0, "percent_covered_display": "100", "missing_lines": 0, "excluded_lines": 0, "percent_statements_covered": 100.0, "percent_statements_covered_display": "100"}, "missing_lines": [], "excluded_lines": []}, "config_path": {"executed_lines": [41], "summary": {"covered_lines": 1, "num_statements": 1, "percent_covered": 100.0, "percent_covered_display": "100", "missing_lines": 0, "excluded_lines": 0, "percent_statements_covered": 100.0, "percent_statements_covered_display": "100"}, "missing_lines": [], "excluded_lines": []}, "load_config": {"executed_lines": [46, 47, 48, 49, 50, 51, 52, 53], "summary": {"covered_lines": 8, "num_statements": 8, "percent_covered": 100.0, "percent_covered_display": "100", "missing_lines": 0, "excluded_lines": 0, "percent_statements_covered": 100.0, "percent_statements_covered_display": "100"}, "missing_lines": [], "excluded_lines": []}, "save_config": {"executed_lines": [58, 59, 60, 61, 62, 63, 64, 65], "summary": {"covered_lines": 8, "num_statements": 12, "percent_covered": 66.66666666666667, "percent_covered_display": "67", "missing_lines": 4, "excluded_lines": 0, "percent_statements_covered": 66.66666666666667, "percent_statements_covered_display": "67"}, "missing_lines": [66, 67, 68, 69], "excluded_lines": []}, "": {"executed_lines": [1, 3, 4, 5, 6, 7, 8, 10, 13, 14, 15, 16, 17, 18, 19, 20, 21, 24, 33, 40, 44, 56], "summary": {"covered_lines": 22, "num_statements": 22, "percent_covered": 100.0, "percent_covered_display": "100", "missing_lines": 0, "excluded_lines": 0, "percent_statements_covered": 100.0, "percent_statements_covered_display": "100"}, "missing_lines": [], "excluded_lines": []}}, "classes": {"PlumbConfig": {"executed_lines": [], "summary": {"covered_lines": 0, "num_statements": 0, "percent_covered": 100.0, "percent_covered_display": "100", "missing_lines": 0, "excluded_lines": 0, "percent_statements_covered": 100.0, "percent_statements_covered_display": "100"}, "missing_lines": [], "excluded_lines": []}, "": {"executed_lines": [1, 3, 4, 5, 6, 7, 8, 10, 13, 14, 15, 16, 17, 18, 19, 20, 21, 24, 26, 27, 28, 29, 30, 33, 35, 36, 37, 40, 41, 44, 46, 47, 48, 49, 50, 51, 52, 53, 56, 58, 59, 60, 61, 62, 63, 64, 65], "summary": {"covered_lines": 47, "num_statements": 51, "percent_covered": 92.15686274509804, "percent_covered_display": "92", "missing_lines": 4, "excluded_lines": 0, "percent_statements_covered": 92.15686274509804, "percent_statements_covered_display": "92"}, "missing_lines": [66, 67, 68, 69], "excluded_lines": []}}}, "plumb/conversation.py": {"executed_lines": [1, 3, 4, 5, 6, 7, 9, 12, 13, 14, 15, 18, 19, 20, 21, 22, 23, 25, 26, 27, 30, 31, 34, 36, 37, 38, 39, 42, 43, 48, 49, 51, 54, 58, 59, 60, 61, 63, 64, 65, 70, 71, 72, 73, 74, 75, 78, 80, 81, 83, 84, 86, 88, 91, 94, 95, 96, 97, 99, 100, 101, 103, 111, 112, 115, 117, 118, 119, 121, 122, 123, 125, 126, 127, 129, 130, 132, 133, 134, 137, 151, 152, 153, 154, 156, 158, 163, 172, 173, 176, 177, 179, 180, 181, 182, 184, 186, 187, 190, 191, 192, 193, 194, 197, 198, 201, 202, 203, 204, 205, 207, 208, 210, 220], "summary": {"covered_lines": 114, "num_statements": 119, "percent_covered": 95.7983193277311, "percent_covered_display": "96", "missing_lines": 5, "excluded_lines": 0, "percent_statements_covered": 95.7983193277311, "percent_statements_covered_display": "96"}, "missing_lines": [50, 62, 82, 87, 102], "excluded_lines": [], "functions": {"Chunk.text": {"executed_lines": [27], "summary": {"covered_lines": 1, "num_statements": 1, "percent_covered": 100.0, "percent_covered_display": "100", "missing_lines": 0, "excluded_lines": 0, "percent_statements_covered": 100.0, "percent_statements_covered_display": "100"}, "missing_lines": [], "excluded_lines": []}, "estimate_tokens": {"executed_lines": [31], "summary": {"covered_lines": 1, "num_statements": 1, "percent_covered": 100.0, "percent_covered_display": "100", "missing_lines": 0, "excluded_lines": 0, "percent_statements_covered": 100.0, "percent_statements_covered_display": "100"}, "missing_lines": [], "excluded_lines": []}, "locate_conversation_log": {"executed_lines": [36, 37, 38, 39, 42, 43, 48, 49, 51], "summary": {"covered_lines": 9, "num_statements": 10, "percent_covered": 90.0, "percent_covered_display": "90", "missing_lines": 1, "excluded_lines": 0, "percent_statements_covered": 90.0, "percent_statements_covered_display": "90"}, "missing_lines": [50], "excluded_lines": []}, "read_conversation_log": {"executed_lines": [58, 59, 60, 61, 63, 64, 65, 70, 71, 72, 73, 74, 75], "summary": {"covered_lines": 13, "num_statements": 14, "percent_covered": 92.85714285714286, "percent_covered_display": "93", "missing_lines": 1, "excluded_lines": 0, "percent_statements_covered": 92.85714285714286, "percent_statements_covered_display": "93"}, "missing_lines": [62], "excluded_lines": []}, "_looks_like_file_read": {"executed_lines": [80, 81, 83, 84, 86, 88], "summary": {"covered_lines": 6, "num_statements": 8, "percent_covered": 75.0, "percent_covered_display": "75", "missing_lines": 2, "excluded_lines": 0, "percent_statements_covered": 75.0, "percent_statements_covered_display": "75"}, "missing_lines": [82, 87], "excluded_lines": []}, "reduce_noise": {"executed_lines": [94, 95, 96, 97, 99, 100, 101, 103, 111, 112], "summary": {"covered_lines": 10, "num_statements": 11, "percent_covered": 90.9090909090909, "percent_covered_display": "91", "missing_lines": 1, "excluded_lines": 0, "percent_statements_covered": 90.9090909090909, "percent_statements_covered_display": "91"}, "missing_lines": [102], "excluded_lines": []}, "_split_at_tool_boundary": {"executed_lines": [117, 118, 119, 121, 122, 123, 125, 126, 127, 129, 130, 132, 133, 134], "summary": {"covered_lines": 14, "num_statements": 14, "percent_covered": 100.0, "percent_covered_display": "100", "missing_lines": 0, "excluded_lines": 0, "percent_statements_covered": 100.0, "percent_statements_covered_display": "100"}, "missing_lines": [], "excluded_lines": []}, "read_conversation": {"executed_lines": [151, 152, 153, 154, 156, 158], "summary": {"covered_lines": 6, "num_statements": 6, "percent_covered": 100.0, "percent_covered_display": "100", "missing_lines": 0, "excluded_lines": 0, "percent_statements_covered": 100.0, "percent_statements_covered_display": "100"}, "missing_lines": [], "excluded_lines": []}, "chunk_conversation": {"executed_lines": [172, 173, 176, 177, 179, 180, 181, 182, 184, 186, 187, 190, 191, 192, 193, 194, 197, 198, 201, 202, 203, 204, 205, 207, 208, 210, 220], "summary": {"covered_lines": 27, "num_statements": 27, "percent_covered": 100.0, "percent_covered_display": "100", "missing_lines": 0, "excluded_lines": 0, "percent_statements_covered": 100.0, "percent_statements_covered_display": "100"}, "missing_lines": [], "excluded_lines": []}, "": {"executed_lines": [1, 3, 4, 5, 6, 7, 9, 12, 13, 14, 15, 18, 19, 20, 21, 22, 23, 25, 26, 30, 34, 54, 78, 91, 115, 137, 163], "summary": {"covered_lines": 27, "num_statements": 27, "percent_covered": 100.0, "percent_covered_display": "100", "missing_lines": 0, "excluded_lines": 0, "percent_statements_covered": 100.0, "percent_statements_covered_display": "100"}, "missing_lines": [], "excluded_lines": []}}, "classes": {"ConversationTurn": {"executed_lines": [], "summary": {"covered_lines": 0, "num_statements": 0, "percent_covered": 100.0, "percent_covered_display": "100", "missing_lines": 0, "excluded_lines": 0, "percent_statements_covered": 100.0, "percent_statements_covered_display": "100"}, "missing_lines": [], "excluded_lines": []}, "Chunk": {"executed_lines": [27], "summary": {"covered_lines": 1, "num_statements": 1, "percent_covered": 100.0, "percent_covered_display": "100", "missing_lines": 0, "excluded_lines": 0, "percent_statements_covered": 100.0, "percent_statements_covered_display": "100"}, "missing_lines": [], "excluded_lines": []}, "": {"executed_lines": [1, 3, 4, 5, 6, 7, 9, 12, 13, 14, 15, 18, 19, 20, 21, 22, 23, 25, 26, 30, 31, 34, 36, 37, 38, 39, 42, 43, 48, 49, 51, 54, 58, 59, 60, 61, 63, 64, 65, 70, 71, 72, 73, 74, 75, 78, 80, 81, 83, 84, 86, 88, 91, 94, 95, 96, 97, 99, 100, 101, 103, 111, 112, 115, 117, 118, 119, 121, 122, 123, 125, 126, 127, 129, 130, 132, 133, 134, 137, 151, 152, 153, 154, 156, 158, 163, 172, 173, 176, 177, 179, 180, 181, 182, 184, 186, 187, 190, 191, 192, 193, 194, 197, 198, 201, 202, 203, 204, 205, 207, 208, 210, 220], "summary": {"covered_lines": 113, "num_statements": 118, "percent_covered": 95.76271186440678, "percent_covered_display": "96", "missing_lines": 5, "excluded_lines": 0, "percent_statements_covered": 95.76271186440678, "percent_statements_covered_display": "96"}, "missing_lines": [50, 62, 82, 87, 102], "excluded_lines": []}}}, "plumb/coverage_reporter.py": {"executed_lines": [1, 3, 4, 5, 6, 7, 8, 10, 11, 13, 15, 16, 19, 21, 22, 23, 25, 26, 28, 29, 46, 51, 54, 55, 56, 57, 58, 59, 60, 63, 70, 71, 72, 73, 74, 75, 78, 81, 82, 83, 84, 86, 87, 88, 90, 91, 92, 93, 95, 96, 99, 100, 101, 102, 103, 104, 105, 106, 108, 109, 111, 114, 119, 121, 122, 123, 124, 126, 127, 130, 131, 134, 135, 136, 146, 147, 148, 149, 150, 151, 154, 156, 159, 161, 167, 169, 173, 176, 180, 181, 182, 183, 184, 187, 200, 201, 202, 203, 205, 206, 207, 209, 210, 211, 212, 214, 218, 219, 220, 221, 223, 224, 225, 226, 227, 232, 233, 234, 235, 236, 238, 240, 244, 245, 246, 248, 250, 251, 255, 258, 259, 260, 261, 263, 264, 265, 266, 268, 270, 271, 274, 276, 278, 286, 289, 290, 292, 293, 295, 297, 298, 301, 302, 307, 309, 311, 312, 317, 318, 319, 328, 329, 331, 332, 334, 335, 336, 337, 340, 342, 345, 351, 352, 356, 359, 361, 362, 364, 365, 366, 368, 369, 371, 372, 374, 375, 376, 377, 379, 380, 382, 384, 385, 386, 392, 394, 395, 396, 402, 404], "summary": {"covered_lines": 200, "num_statements": 226, "percent_covered": 88.49557522123894, "percent_covered_display": "88", "missing_lines": 26, "excluded_lines": 0, "percent_statements_covered": 88.49557522123894, "percent_statements_covered_display": "88"}, "missing_lines": [43, 44, 47, 48, 49, 50, 125, 128, 129, 132, 133, 137, 138, 142, 215, 228, 229, 262, 272, 280, 281, 285, 313, 314, 353, 354], "excluded_lines": [], "functions": {"run_pytest_coverage": {"executed_lines": [21, 22, 23, 25, 26, 28, 29, 46, 51], "summary": {"covered_lines": 9, "num_statements": 15, "percent_covered": 60.0, "percent_covered_display": "60", "missing_lines": 6, "excluded_lines": 0, "percent_statements_covered": 60.0, "percent_statements_covered_display": "60"}, "missing_lines": [43, 44, 47, 48, 49, 50], "excluded_lines": []}, "_get_code_coverage_pct": {"executed_lines": [55, 56, 57, 58, 59, 60], "summary": {"covered_lines": 6, "num_statements": 6, "percent_covered": 100.0, "percent_covered_display": "100", "missing_lines": 0, "excluded_lines": 0, "percent_statements_covered": 100.0, "percent_statements_covered_display": "100"}, "missing_lines": [], "excluded_lines": []}, "_extract_test_req_ids": {"executed_lines": [70, 71, 72, 73, 74, 75], "summary": {"covered_lines": 6, "num_statements": 6, "percent_covered": 100.0, "percent_covered_display": "100", "missing_lines": 0, "excluded_lines": 0, "percent_statements_covered": 100.0, "percent_statements_covered_display": "100"}, "missing_lines": [], "excluded_lines": []}, "check_spec_to_test_coverage": {"executed_lines": [81, 82, 83, 84, 86, 87, 88, 90, 91, 92, 93, 95, 96, 99, 100, 101, 102, 103, 104, 105, 106, 108, 109, 111], "summary": {"covered_lines": 24, "num_statements": 24, "percent_covered": 100.0, "percent_covered_display": "100", "missing_lines": 0, "excluded_lines": 0, "percent_statements_covered": 100.0, "percent_statements_covered_display": "100"}, "missing_lines": [], "excluded_lines": []}, "_collect_source_summaries": {"executed_lines": [119, 121, 122, 123, 124, 126, 127, 130, 131, 134, 135, 136, 146, 147, 148, 149, 150, 151], "summary": {"covered_lines": 18, "num_statements": 26, "percent_covered": 69.23076923076923, "percent_covered_display": "69", "missing_lines": 8, "excluded_lines": 0, "percent_statements_covered": 69.23076923076923, "percent_statements_covered_display": "69"}, "missing_lines": [125, 128, 129, 132, 133, 137, 138, 142], "excluded_lines": []}, "_combine_summaries": {"executed_lines": [156], "summary": {"covered_lines": 1, "num_statements": 1, "percent_covered": 100.0, "percent_covered_display": "100", "missing_lines": 0, "excluded_lines": 0, "percent_statements_covered": 100.0, "percent_statements_covered_display": "100"}, "missing_lines": [], "excluded_lines": []}, "_compute_per_file_hashes": {"executed_lines": [161], "summary": {"covered_lines": 1, "num_statements": 1, "percent_covered": 100.0, "percent_covered_display": "100", "missing_lines": 0, "excluded_lines": 0, "percent_statements_covered": 100.0, "percent_statements_covered_display": "100"}, "missing_lines": [], "excluded_lines": []}, "_compute_requirements_hash": {"executed_lines": [169, 173], "summary": {"covered_lines": 2, "num_statements": 2, "percent_covered": 100.0, "percent_covered_display": "100", "missing_lines": 0, "excluded_lines": 0, "percent_statements_covered": 100.0, "percent_statements_covered_display": "100"}, "missing_lines": [], "excluded_lines": []}, "_extract_source_files_from_evidence": {"executed_lines": [180, 181, 182, 183, 184], "summary": {"covered_lines": 5, "num_statements": 5, "percent_covered": 100.0, "percent_covered_display": "100", "missing_lines": 0, "excluded_lines": 0, "percent_statements_covered": 100.0, "percent_statements_covered_display": "100"}, "missing_lines": [], "excluded_lines": []}, "check_spec_to_code_coverage": {"executed_lines": [200, 201, 202, 203, 205, 206, 207, 209, 210, 211, 212, 214, 218, 219, 220, 221, 223, 224, 225, 226, 227, 232, 233, 234, 235, 236, 238, 240, 244, 245, 246, 248, 250, 251, 255, 258, 259, 260, 261, 263, 264, 265, 266, 268, 270, 271, 274, 276, 278, 286, 289, 290, 292, 293, 295, 297, 298, 301, 302, 307, 309, 311, 312, 317, 318, 319, 328, 329, 331, 332, 334, 335, 336, 337, 340, 342, 345, 351, 352, 356], "summary": {"covered_lines": 80, "num_statements": 92, "percent_covered": 86.95652173913044, "percent_covered_display": "87", "missing_lines": 12, "excluded_lines": 0, "percent_statements_covered": 86.95652173913044, "percent_statements_covered_display": "87"}, "missing_lines": [215, 228, 229, 262, 272, 280, 281, 285, 313, 314, 353, 354], "excluded_lines": []}, "print_coverage_report": {"executed_lines": [361, 362, 364, 365, 366, 368, 369, 371, 372, 374, 375, 376, 377, 379, 380, 382, 384, 385, 386, 392, 394, 395, 396, 402, 404], "summary": {"covered_lines": 25, "num_statements": 25, "percent_covered": 100.0, "percent_covered_display": "100", "missing_lines": 0, "excluded_lines": 0, "percent_statements_covered": 100.0, "percent_statements_covered_display": "100"}, "missing_lines": [], "excluded_lines": []}, "": {"executed_lines": [1, 3, 4, 5, 6, 7, 8, 10, 11, 13, 15, 16, 19, 54, 63, 78, 114, 154, 159, 167, 176, 187, 359], "summary": {"covered_lines": 23, "num_statements": 23, "percent_covered": 100.0, "percent_covered_display": "100", "missing_lines": 0, "excluded_lines": 0, "percent_statements_covered": 100.0, "percent_statements_covered_display": "100"}, "missing_lines": [], "excluded_lines": []}}, "classes": {"": {"executed_lines": [1, 3, 4, 5, 6, 7, 8, 10, 11, 13, 15, 16, 19, 21, 22, 23, 25, 26, 28, 29, 46, 51, 54, 55, 56, 57, 58, 59, 60, 63, 70, 71, 72, 73, 74, 75, 78, 81, 82, 83, 84, 86, 87, 88, 90, 91, 92, 93, 95, 96, 99, 100, 101, 102, 103, 104, 105, 106, 108, 109, 111, 114, 119, 121, 122, 123, 124, 126, 127, 130, 131, 134, 135, 136, 146, 147, 148, 149, 150, 151, 154, 156, 159, 161, 167, 169, 173, 176, 180, 181, 182, 183, 184, 187, 200, 201, 202, 203, 205, 206, 207, 209, 210, 211, 212, 214, 218, 219, 220, 221, 223, 224, 225, 226, 227, 232, 233, 234, 235, 236, 238, 240, 244, 245, 246, 248, 250, 251, 255, 258, 259, 260, 261, 263, 264, 265, 266, 268, 270, 271, 274, 276, 278, 286, 289, 290, 292, 293, 295, 297, 298, 301, 302, 307, 309, 311, 312, 317, 318, 319, 328, 329, 331, 332, 334, 335, 336, 337, 340, 342, 345, 351, 352, 356, 359, 361, 362, 364, 365, 366, 368, 369, 371, 372, 374, 375, 376, 377, 379, 380, 382, 384, 385, 386, 392, 394, 395, 396, 402, 404], "summary": {"covered_lines": 200, "num_statements": 226, "percent_covered": 88.49557522123894, "percent_covered_display": "88", "missing_lines": 26, "excluded_lines": 0, "percent_statements_covered": 88.49557522123894, "percent_statements_covered_display": "88"}, "missing_lines": [43, 44, 47, 48, 49, 50, 125, 128, 129, 132, 133, 137, 138, 142, 215, 228, 229, 262, 272, 280, 281, 285, 313, 314, 353, 354], "excluded_lines": []}}}, "plumb/decision_log.py": {"executed_lines": [1, 3, 4, 5, 6, 7, 8, 9, 11, 14, 15, 16, 19, 20, 21, 22, 23, 24, 25, 26, 27, 28, 29, 30, 31, 32, 33, 34, 35, 36, 37, 38, 41, 42, 45, 46, 49, 51, 52, 53, 54, 55, 56, 57, 59, 60, 61, 62, 65, 68, 70, 71, 72, 73, 76, 78, 79, 80, 81, 82, 85, 92, 93, 94, 95, 96, 97, 98, 99, 100, 101, 102, 103, 104, 107, 113, 114, 115, 116, 117, 118, 119, 120, 121, 124, 127, 128, 129, 130, 131, 132, 133, 134, 135, 137, 138, 139, 140, 141, 144, 146, 147, 148, 149, 150, 151, 156, 159, 168, 169, 170, 171, 175, 176, 177, 180, 181, 182, 185, 186, 187, 188, 190, 191, 194, 195, 196, 197, 200, 205, 206, 208, 211, 212, 216, 217, 219, 221, 222, 223, 224, 225, 229, 232, 233, 234, 235, 236, 237, 238, 239], "summary": {"covered_lines": 151, "num_statements": 162, "percent_covered": 93.20987654320987, "percent_covered_display": "93", "missing_lines": 11, "excluded_lines": 0, "percent_statements_covered": 93.20987654320987, "percent_statements_covered_display": "93"}, "missing_lines": [58, 63, 64, 136, 142, 143, 152, 153, 154, 155, 178], "excluded_lines": [], "functions": {"generate_decision_id": {"executed_lines": [42], "summary": {"covered_lines": 1, "num_statements": 1, "percent_covered": 100.0, "percent_covered_display": "100", "missing_lines": 0, "excluded_lines": 0, "percent_statements_covered": 100.0, "percent_statements_covered_display": "100"}, "missing_lines": [], "excluded_lines": []}, "_decisions_path": {"executed_lines": [46], "summary": {"covered_lines": 1, "num_statements": 1, "percent_covered": 100.0, "percent_covered_display": "100", "missing_lines": 0, "excluded_lines": 0, "percent_statements_covered": 100.0, "percent_statements_covered_display": "100"}, "missing_lines": [], "excluded_lines": []}, "read_decisions": {"executed_lines": [51, 52, 53, 54, 55, 56, 57, 59, 60, 61, 62, 65], "summary": {"covered_lines": 12, "num_statements": 15, "percent_covered": 80.0, "percent_covered_display": "80", "missing_lines": 3, "excluded_lines": 0, "percent_statements_covered": 80.0, "percent_statements_covered_display": "80"}, "missing_lines": [58, 63, 64], "excluded_lines": []}, "append_decision": {"executed_lines": [70, 71, 72, 73], "summary": {"covered_lines": 4, "num_statements": 4, "percent_covered": 100.0, "percent_covered_display": "100", "missing_lines": 0, "excluded_lines": 0, "percent_statements_covered": 100.0, "percent_statements_covered_display": "100"}, "missing_lines": [], "excluded_lines": []}, "append_decisions": {"executed_lines": [78, 79, 80, 81, 82], "summary": {"covered_lines": 5, "num_statements": 5, "percent_covered": 100.0, "percent_covered_display": "100", "missing_lines": 0, "excluded_lines": 0, "percent_statements_covered": 100.0, "percent_statements_covered_display": "100"}, "missing_lines": [], "excluded_lines": []}, "update_decision_status": {"executed_lines": [92, 93, 94, 95, 96, 97, 98, 99, 100, 101, 102, 103, 104], "summary": {"covered_lines": 13, "num_statements": 13, "percent_covered": 100.0, "percent_covered_display": "100", "missing_lines": 0, "excluded_lines": 0, "percent_statements_covered": 100.0, "percent_statements_covered_display": "100"}, "missing_lines": [], "excluded_lines": []}, "filter_decisions": {"executed_lines": [113, 114, 115, 116, 117, 118, 119, 120, 121], "summary": {"covered_lines": 9, "num_statements": 9, "percent_covered": 100.0, "percent_covered_display": "100", "missing_lines": 0, "excluded_lines": 0, "percent_statements_covered": 100.0, "percent_statements_covered_display": "100"}, "missing_lines": [], "excluded_lines": []}, "delete_decisions_by_commit": {"executed_lines": [127, 128, 129, 130, 131, 132, 133, 134, 135, 137, 138, 139, 140, 141, 144, 146, 147, 148, 149, 150, 151, 156], "summary": {"covered_lines": 22, "num_statements": 29, "percent_covered": 75.86206896551724, "percent_covered_display": "76", "missing_lines": 7, "excluded_lines": 0, "percent_statements_covered": 75.86206896551724, "percent_statements_covered_display": "76"}, "missing_lines": [136, 142, 143, 152, 153, 154, 155], "excluded_lines": []}, "deduplicate_decisions": {"executed_lines": [168, 169, 170, 171, 175, 176, 177, 180, 181, 182, 185, 186, 187, 188, 190, 191], "summary": {"covered_lines": 16, "num_statements": 17, "percent_covered": 94.11764705882354, "percent_covered_display": "94", "missing_lines": 1, "excluded_lines": 0, "percent_statements_covered": 94.11764705882354, "percent_statements_covered_display": "94"}, "missing_lines": [178], "excluded_lines": []}, "_format_decision_line": {"executed_lines": [195, 196, 197], "summary": {"covered_lines": 3, "num_statements": 3, "percent_covered": 100.0, "percent_covered_display": "100", "missing_lines": 0, "excluded_lines": 0, "percent_statements_covered": 100.0, "percent_statements_covered_display": "100"}, "missing_lines": [], "excluded_lines": []}, "_llm_dedup": {"executed_lines": [205, 206, 208, 211, 212, 216, 217, 219, 221, 222, 223, 224, 225, 229, 232, 233, 234, 235, 236, 237, 238, 239], "summary": {"covered_lines": 22, "num_statements": 22, "percent_covered": 100.0, "percent_covered_display": "100", "missing_lines": 0, "excluded_lines": 0, "percent_statements_covered": 100.0, "percent_statements_covered_display": "100"}, "missing_lines": [], "excluded_lines": []}, "": {"executed_lines": [1, 3, 4, 5, 6, 7, 8, 9, 11, 14, 15, 16, 19, 20, 21, 22, 23, 24, 25, 26, 27, 28, 29, 30, 31, 32, 33, 34, 35, 36, 37, 38, 41, 45, 49, 68, 76, 85, 107, 124, 159, 194, 200], "summary": {"covered_lines": 43, "num_statements": 43, "percent_covered": 100.0, "percent_covered_display": "100", "missing_lines": 0, "excluded_lines": 0, "percent_statements_covered": 100.0, "percent_statements_covered_display": "100"}, "missing_lines": [], "excluded_lines": []}}, "classes": {"FileRef": {"executed_lines": [], "summary": {"covered_lines": 0, "num_statements": 0, "percent_covered": 100.0, "percent_covered_display": "100", "missing_lines": 0, "excluded_lines": 0, "percent_statements_covered": 100.0, "percent_statements_covered_display": "100"}, "missing_lines": [], "excluded_lines": []}, "Decision": {"executed_lines": [], "summary": {"covered_lines": 0, "num_statements": 0, "percent_covered": 100.0, "percent_covered_display": "100", "missing_lines": 0, "excluded_lines": 0, "percent_statements_covered": 100.0, "percent_statements_covered_display": "100"}, "missing_lines": [], "excluded_lines": []}, "": {"executed_lines": [1, 3, 4, 5, 6, 7, 8, 9, 11, 14, 15, 16, 19, 20, 21, 22, 23, 24, 25, 26, 27, 28, 29, 30, 31, 32, 33, 34, 35, 36, 37, 38, 41, 42, 45, 46, 49, 51, 52, 53, 54, 55, 56, 57, 59, 60, 61, 62, 65, 68, 70, 71, 72, 73, 76, 78, 79, 80, 81, 82, 85, 92, 93, 94, 95, 96, 97, 98, 99, 100, 101, 102, 103, 104, 107, 113, 114, 115, 116, 117, 118, 119, 120, 121, 124, 127, 128, 129, 130, 131, 132, 133, 134, 135, 137, 138, 139, 140, 141, 144, 146, 147, 148, 149, 150, 151, 156, 159, 168, 169, 170, 171, 175, 176, 177, 180, 181, 182, 185, 186, 187, 188, 190, 191, 194, 195, 196, 197, 200, 205, 206, 208, 211, 212, 216, 217, 219, 221, 222, 223, 224, 225, 229, 232, 233, 234, 235, 236, 237, 238, 239], "summary": {"covered_lines": 151, "num_statements": 162, "percent_covered": 93.20987654320987, "percent_covered_display": "93", "missing_lines": 11, "excluded_lines": 0, "percent_statements_covered": 93.20987654320987, "percent_statements_covered_display": "93"}, "missing_lines": [58, 63, 64, 136, 142, 143, 152, 153, 154, 155, 178], "excluded_lines": []}}}, "plumb/git_hook.py": {"executed_lines": [1, 3, 4, 5, 6, 7, 9, 11, 12, 13, 14, 19, 30, 31, 34, 36, 39, 41, 42, 43, 44, 45, 46, 51, 52, 53, 56, 57, 58, 63, 65, 66, 67, 68, 69, 70, 71, 74, 77, 79, 80, 81, 82, 83, 84, 85, 86, 87, 89, 90, 93, 107, 111, 112, 114, 120, 123, 124, 126, 127, 128, 129, 131, 132, 133, 134, 139, 140, 141, 142, 156, 159, 161, 162, 164, 165, 166, 168, 169, 177, 178, 179, 180, 181, 194, 197, 199, 200, 201, 203, 204, 205, 206, 207, 219, 222, 224, 225, 226, 227, 228, 229, 230, 231, 232, 233, 234, 237, 239, 257, 264, 265, 266, 267, 268, 269, 270, 271, 272, 275, 276, 278, 280, 282, 283, 284, 285, 286, 287, 288, 290, 291, 292, 293, 294, 295, 298, 299, 300, 301, 302, 303, 305, 306, 307, 309, 312, 313, 314, 315, 317, 320, 321, 322, 325, 326, 327, 330, 331, 332, 335, 336, 339, 340, 343, 344, 347, 348, 351, 352, 355, 356, 357, 358, 359, 362, 363, 364, 365, 368, 369, 371, 372, 374, 375, 376, 377, 380, 381, 384, 385, 386, 387, 391, 392, 395, 402, 403, 404, 405, 406, 407, 409, 410, 411, 413, 414, 415, 416, 417], "summary": {"covered_lines": 210, "num_statements": 244, "percent_covered": 86.06557377049181, "percent_covered_display": "86", "missing_lines": 34, "excluded_lines": 0, "percent_statements_covered": 86.06557377049181, "percent_statements_covered_display": "86"}, "missing_lines": [59, 60, 72, 73, 95, 96, 98, 99, 100, 101, 102, 103, 104, 121, 137, 138, 174, 175, 208, 209, 210, 211, 212, 214, 215, 216, 217, 218, 366, 378, 388, 389, 418, 419], "excluded_lines": [], "functions": {"_get_staged_diff": {"executed_lines": [31], "summary": {"covered_lines": 1, "num_statements": 1, "percent_covered": 100.0, "percent_covered_display": "100", "missing_lines": 0, "excluded_lines": 0, "percent_statements_covered": 100.0, "percent_statements_covered_display": "100"}, "missing_lines": [], "excluded_lines": []}, "_get_plumb_managed_paths": {"executed_lines": [36], "summary": {"covered_lines": 1, "num_statements": 1, "percent_covered": 100.0, "percent_covered_display": "100", "missing_lines": 0, "excluded_lines": 0, "percent_statements_covered": 100.0, "percent_statements_covered_display": "100"}, "missing_lines": [], "excluded_lines": []}, "_get_staged_diff_filtered": {"executed_lines": [41, 42, 43, 44, 45, 46, 51, 52, 53], "summary": {"covered_lines": 9, "num_statements": 9, "percent_covered": 100.0, "percent_covered_display": "100", "missing_lines": 0, "excluded_lines": 0, "percent_statements_covered": 100.0, "percent_statements_covered_display": "100"}, "missing_lines": [], "excluded_lines": []}, "_get_branch_name": {"executed_lines": [57, 58], "summary": {"covered_lines": 2, "num_statements": 4, "percent_covered": 50.0, "percent_covered_display": "50", "missing_lines": 2, "excluded_lines": 0, "percent_statements_covered": 50.0, "percent_statements_covered_display": "50"}, "missing_lines": [59, 60], "excluded_lines": []}, "_detect_amend": {"executed_lines": [65, 66, 67, 68, 69, 70, 71, 74], "summary": {"covered_lines": 8, "num_statements": 10, "percent_covered": 80.0, "percent_covered_display": "80", "missing_lines": 2, "excluded_lines": 0, "percent_statements_covered": 80.0, "percent_statements_covered_display": "80"}, "missing_lines": [72, 73], "excluded_lines": []}, "_check_broken_refs": {"executed_lines": [79, 80, 81, 82, 83, 84, 85, 86, 87, 89, 90], "summary": {"covered_lines": 11, "num_statements": 11, "percent_covered": 100.0, "percent_covered_display": "100", "missing_lines": 0, "excluded_lines": 0, "percent_statements_covered": 100.0, "percent_statements_covered_display": "100"}, "missing_lines": [], "excluded_lines": []}, "_analyze_diff": {"executed_lines": [], "summary": {"covered_lines": 0, "num_statements": 9, "percent_covered": 0.0, "percent_covered_display": "0", "missing_lines": 9, "excluded_lines": 0, "percent_statements_covered": 0.0, "percent_statements_covered_display": "0"}, "missing_lines": [95, 96, 98, 99, 100, 101, 102, 103, 104], "excluded_lines": []}, "_extract_decisions_from_conversation": {"executed_lines": [111, 112, 114, 120, 123, 124, 126, 127, 128, 129, 131, 132, 133, 134, 139, 140, 141, 142, 156], "summary": {"covered_lines": 19, "num_statements": 22, "percent_covered": 86.36363636363636, "percent_covered_display": "86", "missing_lines": 3, "excluded_lines": 0, "percent_statements_covered": 86.36363636363636, "percent_statements_covered_display": "86"}, "missing_lines": [121, 137, 138], "excluded_lines": []}, "_extract_decisions_from_diff": {"executed_lines": [161, 162, 164, 165, 166, 168, 169, 177, 178, 179, 180, 181, 194], "summary": {"covered_lines": 13, "num_statements": 15, "percent_covered": 86.66666666666667, "percent_covered_display": "87", "missing_lines": 2, "excluded_lines": 0, "percent_statements_covered": 86.66666666666667, "percent_statements_covered_display": "87"}, "missing_lines": [174, 175], "excluded_lines": []}, "_synthesize_questions": {"executed_lines": [199, 200, 201, 203, 204, 205, 206, 207, 219], "summary": {"covered_lines": 9, "num_statements": 19, "percent_covered": 47.36842105263158, "percent_covered_display": "47", "missing_lines": 10, "excluded_lines": 0, "percent_statements_covered": 47.36842105263158, "percent_statements_covered_display": "47"}, "missing_lines": [208, 209, 210, 211, 212, 214, 215, 216, 217, 218], "excluded_lines": []}, "_format_tty_output": {"executed_lines": [224, 225, 226, 227, 228, 229, 230, 231, 232, 233, 234], "summary": {"covered_lines": 11, "num_statements": 11, "percent_covered": 100.0, "percent_covered_display": "100", "missing_lines": 0, "excluded_lines": 0, "percent_statements_covered": 100.0, "percent_statements_covered_display": "100"}, "missing_lines": [], "excluded_lines": []}, "_format_json_output": {"executed_lines": [239], "summary": {"covered_lines": 1, "num_statements": 1, "percent_covered": 100.0, "percent_covered_display": "100", "missing_lines": 0, "excluded_lines": 0, "percent_statements_covered": 100.0, "percent_statements_covered_display": "100"}, "missing_lines": [], "excluded_lines": []}, "run_hook": {"executed_lines": [264, 265, 266, 267, 268, 269, 270, 271, 272], "summary": {"covered_lines": 9, "num_statements": 9, "percent_covered": 100.0, "percent_covered_display": "100", "missing_lines": 0, "excluded_lines": 0, "percent_statements_covered": 100.0, "percent_statements_covered_display": "100"}, "missing_lines": [], "excluded_lines": []}, "_run_hook_inner": {"executed_lines": [276, 278, 280, 290, 298, 299, 300, 301, 302, 303, 305, 306, 307, 309, 312, 313, 314, 315, 317, 320, 321, 322, 325, 326, 327, 330, 331, 332, 335, 336, 339, 340, 343, 344, 347, 348, 351, 352, 355, 356, 357, 358, 359, 362, 363, 364, 365, 368, 369, 371, 372, 374, 375, 376, 377, 380, 381, 384, 385, 386, 387, 391, 392], "summary": {"covered_lines": 63, "num_statements": 67, "percent_covered": 94.02985074626865, "percent_covered_display": "94", "missing_lines": 4, "excluded_lines": 0, "percent_statements_covered": 94.02985074626865, "percent_statements_covered_display": "94"}, "missing_lines": [366, 378, 388, 389], "excluded_lines": []}, "_run_hook_inner._timed": {"executed_lines": [282, 283, 286, 288], "summary": {"covered_lines": 4, "num_statements": 4, "percent_covered": 100.0, "percent_covered_display": "100", "missing_lines": 0, "excluded_lines": 0, "percent_statements_covered": 100.0, "percent_statements_covered_display": "100"}, "missing_lines": [], "excluded_lines": []}, "_run_hook_inner._timed._Timer.__enter__": {"executed_lines": [284, 285], "summary": {"covered_lines": 2, "num_statements": 2, "percent_covered": 100.0, "percent_covered_display": "100", "missing_lines": 0, "excluded_lines": 0, "percent_statements_covered": 100.0, "percent_statements_covered_display": "100"}, "missing_lines": [], "excluded_lines": []}, "_run_hook_inner._timed._Timer.__exit__": {"executed_lines": [287], "summary": {"covered_lines": 1, "num_statements": 1, "percent_covered": 100.0, "percent_covered_display": "100", "missing_lines": 0, "excluded_lines": 0, "percent_statements_covered": 100.0, "percent_statements_covered_display": "100"}, "missing_lines": [], "excluded_lines": []}, "_run_hook_inner._print_timings": {"executed_lines": [291, 292, 293, 294, 295], "summary": {"covered_lines": 5, "num_statements": 5, "percent_covered": 100.0, "percent_covered_display": "100", "missing_lines": 0, "excluded_lines": 0, "percent_statements_covered": 100.0, "percent_statements_covered_display": "100"}, "missing_lines": [], "excluded_lines": []}, "run_post_commit": {"executed_lines": [402, 403, 404, 405, 406, 407, 409, 410, 411, 413, 414, 415, 416, 417], "summary": {"covered_lines": 14, "num_statements": 16, "percent_covered": 87.5, "percent_covered_display": "88", "missing_lines": 2, "excluded_lines": 0, "percent_statements_covered": 87.5, "percent_statements_covered_display": "88"}, "missing_lines": [418, 419], "excluded_lines": []}, "": {"executed_lines": [1, 3, 4, 5, 6, 7, 9, 11, 12, 13, 14, 19, 30, 34, 39, 56, 63, 77, 93, 107, 159, 197, 222, 237, 257, 275, 395], "summary": {"covered_lines": 27, "num_statements": 27, "percent_covered": 100.0, "percent_covered_display": "100", "missing_lines": 0, "excluded_lines": 0, "percent_statements_covered": 100.0, "percent_statements_covered_display": "100"}, "missing_lines": [], "excluded_lines": []}}, "classes": {"_run_hook_inner._timed._Timer": {"executed_lines": [284, 285, 287], "summary": {"covered_lines": 3, "num_statements": 3, "percent_covered": 100.0, "percent_covered_display": "100", "missing_lines": 0, "excluded_lines": 0, "percent_statements_covered": 100.0, "percent_statements_covered_display": "100"}, "missing_lines": [], "excluded_lines": []}, "": {"executed_lines": [1, 3, 4, 5, 6, 7, 9, 11, 12, 13, 14, 19, 30, 31, 34, 36, 39, 41, 42, 43, 44, 45, 46, 51, 52, 53, 56, 57, 58, 63, 65, 66, 67, 68, 69, 70, 71, 74, 77, 79, 80, 81, 82, 83, 84, 85, 86, 87, 89, 90, 93, 107, 111, 112, 114, 120, 123, 124, 126, 127, 128, 129, 131, 132, 133, 134, 139, 140, 141, 142, 156, 159, 161, 162, 164, 165, 166, 168, 169, 177, 178, 179, 180, 181, 194, 197, 199, 200, 201, 203, 204, 205, 206, 207, 219, 222, 224, 225, 226, 227, 228, 229, 230, 231, 232, 233, 234, 237, 239, 257, 264, 265, 266, 267, 268, 269, 270, 271, 272, 275, 276, 278, 280, 282, 283, 286, 288, 290, 291, 292, 293, 294, 295, 298, 299, 300, 301, 302, 303, 305, 306, 307, 309, 312, 313, 314, 315, 317, 320, 321, 322, 325, 326, 327, 330, 331, 332, 335, 336, 339, 340, 343, 344, 347, 348, 351, 352, 355, 356, 357, 358, 359, 362, 363, 364, 365, 368, 369, 371, 372, 374, 375, 376, 377, 380, 381, 384, 385, 386, 387, 391, 392, 395, 402, 403, 404, 405, 406, 407, 409, 410, 411, 413, 414, 415, 416, 417], "summary": {"covered_lines": 207, "num_statements": 241, "percent_covered": 85.89211618257261, "percent_covered_display": "86", "missing_lines": 34, "excluded_lines": 0, "percent_statements_covered": 85.89211618257261, "percent_statements_covered_display": "86"}, "missing_lines": [59, 60, 72, 73, 95, 96, 98, 99, 100, 101, 102, 103, 104, 121, 137, 138, 174, 175, 208, 209, 210, 211, 212, 214, 215, 216, 217, 218, 366, 378, 388, 389, 418, 419], "excluded_lines": []}}}, "plumb/ignore.py": {"executed_lines": [1, 2, 4, 5, 7, 23, 25, 26, 27, 28, 29, 30, 31, 34, 40, 41, 42, 43, 46, 54, 55, 56, 58, 59, 62, 63, 64], "summary": {"covered_lines": 26, "num_statements": 26, "percent_covered": 100.0, "percent_covered_display": "100", "missing_lines": 0, "excluded_lines": 0, "percent_statements_covered": 100.0, "percent_statements_covered_display": "100"}, "missing_lines": [], "excluded_lines": [], "functions": {"_parse_lines": {"executed_lines": [25, 26, 27, 28, 29, 30, 31], "summary": {"covered_lines": 7, "num_statements": 7, "percent_covered": 100.0, "percent_covered_display": "100", "missing_lines": 0, "excluded_lines": 0, "percent_statements_covered": 100.0, "percent_statements_covered_display": "100"}, "missing_lines": [], "excluded_lines": []}, "parse_plumbignore": {"executed_lines": [40, 41, 42, 43], "summary": {"covered_lines": 4, "num_statements": 4, "percent_covered": 100.0, "percent_covered_display": "100", "missing_lines": 0, "excluded_lines": 0, "percent_statements_covered": 100.0, "percent_statements_covered_display": "100"}, "missing_lines": [], "excluded_lines": []}, "is_ignored": {"executed_lines": [54, 55, 56, 58, 59, 62, 63, 64], "summary": {"covered_lines": 8, "num_statements": 8, "percent_covered": 100.0, "percent_covered_display": "100", "missing_lines": 0, "excluded_lines": 0, "percent_statements_covered": 100.0, "percent_statements_covered_display": "100"}, "missing_lines": [], "excluded_lines": []}, "": {"executed_lines": [1, 2, 4, 5, 7, 23, 34, 46], "summary": {"covered_lines": 7, "num_statements": 7, "percent_covered": 100.0, "percent_covered_display": "100", "missing_lines": 0, "excluded_lines": 0, "percent_statements_covered": 100.0, "percent_statements_covered_display": "100"}, "missing_lines": [], "excluded_lines": []}}, "classes": {"": {"executed_lines": [1, 2, 4, 5, 7, 23, 25, 26, 27, 28, 29, 30, 31, 34, 40, 41, 42, 43, 46, 54, 55, 56, 58, 59, 62, 63, 64], "summary": {"covered_lines": 26, "num_statements": 26, "percent_covered": 100.0, "percent_covered_display": "100", "missing_lines": 0, "excluded_lines": 0, "percent_statements_covered": 100.0, "percent_statements_covered_display": "100"}, "missing_lines": [], "excluded_lines": []}}}, "plumb/programs/__init__.py": {"executed_lines": [1, 3, 4, 6, 7, 9, 11, 14, 15, 18, 23, 24, 25, 26, 27, 28, 29, 32, 35, 37, 38, 39, 46, 48, 50, 51, 52, 53, 54, 55, 56, 57, 58, 59, 60, 61, 63, 64, 67, 70, 71, 72, 73, 74, 75, 76, 77, 80, 81], "summary": {"covered_lines": 49, "num_statements": 50, "percent_covered": 98.0, "percent_covered_display": "98", "missing_lines": 1, "excluded_lines": 0, "percent_statements_covered": 98.0, "percent_statements_covered_display": "98"}, "missing_lines": [62], "excluded_lines": [], "functions": {"get_lm": {"executed_lines": [15], "summary": {"covered_lines": 1, "num_statements": 1, "percent_covered": 100.0, "percent_covered_display": "100", "missing_lines": 0, "excluded_lines": 0, "percent_statements_covered": 100.0, "percent_statements_covered_display": "100"}, "missing_lines": [], "excluded_lines": []}, "configure_dspy": {"executed_lines": [23, 24, 25, 26, 27, 28, 29], "summary": {"covered_lines": 7, "num_statements": 7, "percent_covered": 100.0, "percent_covered_display": "100", "missing_lines": 0, "excluded_lines": 0, "percent_statements_covered": 100.0, "percent_statements_covered_display": "100"}, "missing_lines": [], "excluded_lines": []}, "validate_api_access": {"executed_lines": [35, 37, 38, 39], "summary": {"covered_lines": 4, "num_statements": 4, "percent_covered": 100.0, "percent_covered_display": "100", "missing_lines": 0, "excluded_lines": 0, "percent_statements_covered": 100.0, "percent_statements_covered_display": "100"}, "missing_lines": [], "excluded_lines": []}, "get_program_lm": {"executed_lines": [48, 50, 51, 52, 53, 54, 55, 56, 57, 58, 59, 60, 61, 63, 64], "summary": {"covered_lines": 15, "num_statements": 16, "percent_covered": 93.75, "percent_covered_display": "94", "missing_lines": 1, "excluded_lines": 0, "percent_statements_covered": 93.75, "percent_statements_covered_display": "94"}, "missing_lines": [62], "excluded_lines": []}, "run_with_retries": {"executed_lines": [70, 71, 72, 73, 74, 75, 76, 77, 80, 81], "summary": {"covered_lines": 10, "num_statements": 10, "percent_covered": 100.0, "percent_covered_display": "100", "missing_lines": 0, "excluded_lines": 0, "percent_statements_covered": 100.0, "percent_statements_covered_display": "100"}, "missing_lines": [], "excluded_lines": []}, "": {"executed_lines": [1, 3, 4, 6, 7, 9, 11, 14, 18, 32, 46, 67], "summary": {"covered_lines": 12, "num_statements": 12, "percent_covered": 100.0, "percent_covered_display": "100", "missing_lines": 0, "excluded_lines": 0, "percent_statements_covered": 100.0, "percent_statements_covered_display": "100"}, "missing_lines": [], "excluded_lines": []}}, "classes": {"": {"executed_lines": [1, 3, 4, 6, 7, 9, 11, 14, 15, 18, 23, 24, 25, 26, 27, 28, 29, 32, 35, 37, 38, 39, 46, 48, 50, 51, 52, 53, 54, 55, 56, 57, 58, 59, 60, 61, 63, 64, 67, 70, 71, 72, 73, 74, 75, 76, 77, 80, 81], "summary": {"covered_lines": 49, "num_statements": 50, "percent_covered": 98.0, "percent_covered_display": "98", "missing_lines": 1, "excluded_lines": 0, "percent_statements_covered": 98.0, "percent_statements_covered_display": "98"}, "missing_lines": [62], "excluded_lines": []}}}, "plumb/programs/code_coverage_mapper.py": {"executed_lines": [1, 3, 4, 7, 8, 9, 10, 13, 14, 22, 25, 28, 33, 34, 35, 36, 38], "summary": {"covered_lines": 16, "num_statements": 18, "percent_covered": 88.88888888888889, "percent_covered_display": "89", "missing_lines": 2, "excluded_lines": 0, "percent_statements_covered": 88.88888888888889, "percent_statements_covered_display": "89"}, "missing_lines": [41, 45], "excluded_lines": [], "functions": {"CodeCoverageMapper.__init__": {"executed_lines": [35, 36], "summary": {"covered_lines": 2, "num_statements": 2, "percent_covered": 100.0, "percent_covered_display": "100", "missing_lines": 0, "excluded_lines": 0, "percent_statements_covered": 100.0, "percent_statements_covered_display": "100"}, "missing_lines": [], "excluded_lines": []}, "CodeCoverageMapper.forward": {"executed_lines": [], "summary": {"covered_lines": 0, "num_statements": 2, "percent_covered": 0.0, "percent_covered_display": "0", "missing_lines": 2, "excluded_lines": 0, "percent_statements_covered": 0.0, "percent_statements_covered_display": "0"}, "missing_lines": [41, 45], "excluded_lines": []}, "": {"executed_lines": [1, 3, 4, 7, 8, 9, 10, 13, 14, 22, 25, 28, 33, 34, 38], "summary": {"covered_lines": 14, "num_statements": 14, "percent_covered": 100.0, "percent_covered_display": "100", "missing_lines": 0, "excluded_lines": 0, "percent_statements_covered": 100.0, "percent_statements_covered_display": "100"}, "missing_lines": [], "excluded_lines": []}}, "classes": {"RequirementCoverage": {"executed_lines": [], "summary": {"covered_lines": 0, "num_statements": 0, "percent_covered": 100.0, "percent_covered_display": "100", "missing_lines": 0, "excluded_lines": 0, "percent_statements_covered": 100.0, "percent_statements_covered_display": "100"}, "missing_lines": [], "excluded_lines": []}, "CodeCoverageMapperSignature": {"executed_lines": [], "summary": {"covered_lines": 0, "num_statements": 0, "percent_covered": 100.0, "percent_covered_display": "100", "missing_lines": 0, "excluded_lines": 0, "percent_statements_covered": 100.0, "percent_statements_covered_display": "100"}, "missing_lines": [], "excluded_lines": []}, "CodeCoverageMapper": {"executed_lines": [35, 36], "summary": {"covered_lines": 2, "num_statements": 4, "percent_covered": 50.0, "percent_covered_display": "50", "missing_lines": 2, "excluded_lines": 0, "percent_statements_covered": 50.0, "percent_statements_covered_display": "50"}, "missing_lines": [41, 45], "excluded_lines": []}, "": {"executed_lines": [1, 3, 4, 7, 8, 9, 10, 13, 14, 22, 25, 28, 33, 34, 38], "summary": {"covered_lines": 14, "num_statements": 14, "percent_covered": 100.0, "percent_covered_display": "100", "missing_lines": 0, "excluded_lines": 0, "percent_statements_covered": 100.0, "percent_statements_covered_display": "100"}, "missing_lines": [], "excluded_lines": []}}}, "plumb/programs/code_modifier.py": {"executed_lines": [1, 3, 4, 6, 7, 10, 11, 15, 16, 17, 19, 27, 53, 59, 61, 62, 65, 66, 67, 69, 70, 71, 72], "summary": {"covered_lines": 22, "num_statements": 22, "percent_covered": 100.0, "percent_covered_display": "100", "missing_lines": 0, "excluded_lines": 0, "percent_statements_covered": 100.0, "percent_statements_covered_display": "100"}, "missing_lines": [], "excluded_lines": [], "functions": {"CodeModifier.__init__": {"executed_lines": [16, 17], "summary": {"covered_lines": 2, "num_statements": 2, "percent_covered": 100.0, "percent_covered_display": "100", "missing_lines": 0, "excluded_lines": 0, "percent_statements_covered": 100.0, "percent_statements_covered_display": "100"}, "missing_lines": [], "excluded_lines": []}, "CodeModifier.modify": {"executed_lines": [27, 53, 59], "summary": {"covered_lines": 3, "num_statements": 3, "percent_covered": 100.0, "percent_covered_display": "100", "missing_lines": 0, "excluded_lines": 0, "percent_statements_covered": 100.0, "percent_statements_covered_display": "100"}, "missing_lines": [], "excluded_lines": []}, "CodeModifier._parse_response": {"executed_lines": [65, 66, 67, 69, 70, 71, 72], "summary": {"covered_lines": 7, "num_statements": 7, "percent_covered": 100.0, "percent_covered_display": "100", "missing_lines": 0, "excluded_lines": 0, "percent_statements_covered": 100.0, "percent_statements_covered_display": "100"}, "missing_lines": [], "excluded_lines": []}, "": {"executed_lines": [1, 3, 4, 6, 7, 10, 11, 15, 19, 61, 62], "summary": {"covered_lines": 10, "num_statements": 10, "percent_covered": 100.0, "percent_covered_display": "100", "missing_lines": 0, "excluded_lines": 0, "percent_statements_covered": 100.0, "percent_statements_covered_display": "100"}, "missing_lines": [], "excluded_lines": []}}, "classes": {"CodeModifier": {"executed_lines": [16, 17, 27, 53, 59, 65, 66, 67, 69, 70, 71, 72], "summary": {"covered_lines": 12, "num_statements": 12, "percent_covered": 100.0, "percent_covered_display": "100", "missing_lines": 0, "excluded_lines": 0, "percent_statements_covered": 100.0, "percent_statements_covered_display": "100"}, "missing_lines": [], "excluded_lines": []}, "": {"executed_lines": [1, 3, 4, 6, 7, 10, 11, 15, 19, 61, 62], "summary": {"covered_lines": 10, "num_statements": 10, "percent_covered": 100.0, "percent_covered_display": "100", "missing_lines": 0, "excluded_lines": 0, "percent_statements_covered": 100.0, "percent_statements_covered_display": "100"}, "missing_lines": [], "excluded_lines": []}}}, "plumb/programs/decision_deduplicator.py": {"executed_lines": [1, 3, 6, 7, 15, 18, 21, 26, 27, 28, 29, 31, 32, 33], "summary": {"covered_lines": 13, "num_statements": 13, "percent_covered": 100.0, "percent_covered_display": "100", "missing_lines": 0, "excluded_lines": 0, "percent_statements_covered": 100.0, "percent_statements_covered_display": "100"}, "missing_lines": [], "excluded_lines": [], "functions": {"DecisionDeduplicator.__init__": {"executed_lines": [28, 29], "summary": {"covered_lines": 2, "num_statements": 2, "percent_covered": 100.0, "percent_covered_display": "100", "missing_lines": 0, "excluded_lines": 0, "percent_statements_covered": 100.0, "percent_statements_covered_display": "100"}, "missing_lines": [], "excluded_lines": []}, "DecisionDeduplicator.forward": {"executed_lines": [32, 33], "summary": {"covered_lines": 2, "num_statements": 2, "percent_covered": 100.0, "percent_covered_display": "100", "missing_lines": 0, "excluded_lines": 0, "percent_statements_covered": 100.0, "percent_statements_covered_display": "100"}, "missing_lines": [], "excluded_lines": []}, "": {"executed_lines": [1, 3, 6, 7, 15, 18, 21, 26, 27, 31], "summary": {"covered_lines": 9, "num_statements": 9, "percent_covered": 100.0, "percent_covered_display": "100", "missing_lines": 0, "excluded_lines": 0, "percent_statements_covered": 100.0, "percent_statements_covered_display": "100"}, "missing_lines": [], "excluded_lines": []}}, "classes": {"DecisionDeduplicatorSignature": {"executed_lines": [], "summary": {"covered_lines": 0, "num_statements": 0, "percent_covered": 100.0, "percent_covered_display": "100", "missing_lines": 0, "excluded_lines": 0, "percent_statements_covered": 100.0, "percent_statements_covered_display": "100"}, "missing_lines": [], "excluded_lines": []}, "DecisionDeduplicator": {"executed_lines": [28, 29, 32, 33], "summary": {"covered_lines": 4, "num_statements": 4, "percent_covered": 100.0, "percent_covered_display": "100", "missing_lines": 0, "excluded_lines": 0, "percent_statements_covered": 100.0, "percent_statements_covered_display": "100"}, "missing_lines": [], "excluded_lines": []}, "": {"executed_lines": [1, 3, 6, 7, 15, 18, 21, 26, 27, 31], "summary": {"covered_lines": 9, "num_statements": 9, "percent_covered": 100.0, "percent_covered_display": "100", "missing_lines": 0, "excluded_lines": 0, "percent_statements_covered": 100.0, "percent_statements_covered_display": "100"}, "missing_lines": [], "excluded_lines": []}}}, "plumb/programs/decision_extractor.py": {"executed_lines": [1, 3, 5, 6, 9, 10, 11, 12, 13, 14, 15, 18, 19, 49, 50, 51, 56, 57, 58, 59, 61], "summary": {"covered_lines": 20, "num_statements": 22, "percent_covered": 90.9090909090909, "percent_covered_display": "91", "missing_lines": 2, "excluded_lines": 0, "percent_statements_covered": 90.9090909090909, "percent_statements_covered_display": "91"}, "missing_lines": [62, 63], "excluded_lines": [], "functions": {"DecisionExtractor.__init__": {"executed_lines": [58, 59], "summary": {"covered_lines": 2, "num_statements": 2, "percent_covered": 100.0, "percent_covered_display": "100", "missing_lines": 0, "excluded_lines": 0, "percent_statements_covered": 100.0, "percent_statements_covered_display": "100"}, "missing_lines": [], "excluded_lines": []}, "DecisionExtractor.forward": {"executed_lines": [], "summary": {"covered_lines": 0, "num_statements": 2, "percent_covered": 0.0, "percent_covered_display": "0", "missing_lines": 2, "excluded_lines": 0, "percent_statements_covered": 0.0, "percent_statements_covered_display": "0"}, "missing_lines": [62, 63], "excluded_lines": []}, "": {"executed_lines": [1, 3, 5, 6, 9, 10, 11, 12, 13, 14, 15, 18, 19, 49, 50, 51, 56, 57, 61], "summary": {"covered_lines": 18, "num_statements": 18, "percent_covered": 100.0, "percent_covered_display": "100", "missing_lines": 0, "excluded_lines": 0, "percent_statements_covered": 100.0, "percent_statements_covered_display": "100"}, "missing_lines": [], "excluded_lines": []}}, "classes": {"ExtractedDecision": {"executed_lines": [], "summary": {"covered_lines": 0, "num_statements": 0, "percent_covered": 100.0, "percent_covered_display": "100", "missing_lines": 0, "excluded_lines": 0, "percent_statements_covered": 100.0, "percent_statements_covered_display": "100"}, "missing_lines": [], "excluded_lines": []}, "DecisionExtractorSignature": {"executed_lines": [], "summary": {"covered_lines": 0, "num_statements": 0, "percent_covered": 100.0, "percent_covered_display": "100", "missing_lines": 0, "excluded_lines": 0, "percent_statements_covered": 100.0, "percent_statements_covered_display": "100"}, "missing_lines": [], "excluded_lines": []}, "DecisionExtractor": {"executed_lines": [58, 59], "summary": {"covered_lines": 2, "num_statements": 4, "percent_covered": 50.0, "percent_covered_display": "50", "missing_lines": 2, "excluded_lines": 0, "percent_statements_covered": 50.0, "percent_statements_covered_display": "50"}, "missing_lines": [62, 63], "excluded_lines": []}, "": {"executed_lines": [1, 3, 5, 6, 9, 10, 11, 12, 13, 14, 15, 18, 19, 49, 50, 51, 56, 57, 61], "summary": {"covered_lines": 18, "num_statements": 18, "percent_covered": 100.0, "percent_covered_display": "100", "missing_lines": 0, "excluded_lines": 0, "percent_statements_covered": 100.0, "percent_statements_covered_display": "100"}, "missing_lines": [], "excluded_lines": []}}}, "plumb/programs/diff_analyzer.py": {"executed_lines": [1, 3, 5, 6, 9, 10, 11, 12, 17, 18, 22, 23, 28, 29, 30, 31, 33], "summary": {"covered_lines": 16, "num_statements": 18, "percent_covered": 88.88888888888889, "percent_covered_display": "89", "missing_lines": 2, "excluded_lines": 0, "percent_statements_covered": 88.88888888888889, "percent_statements_covered_display": "89"}, "missing_lines": [34, 35], "excluded_lines": [], "functions": {"DiffAnalyzer.__init__": {"executed_lines": [30, 31], "summary": {"covered_lines": 2, "num_statements": 2, "percent_covered": 100.0, "percent_covered_display": "100", "missing_lines": 0, "excluded_lines": 0, "percent_statements_covered": 100.0, "percent_statements_covered_display": "100"}, "missing_lines": [], "excluded_lines": []}, "DiffAnalyzer.forward": {"executed_lines": [], "summary": {"covered_lines": 0, "num_statements": 2, "percent_covered": 0.0, "percent_covered_display": "0", "missing_lines": 2, "excluded_lines": 0, "percent_statements_covered": 0.0, "percent_statements_covered_display": "0"}, "missing_lines": [34, 35], "excluded_lines": []}, "": {"executed_lines": [1, 3, 5, 6, 9, 10, 11, 12, 17, 18, 22, 23, 28, 29, 33], "summary": {"covered_lines": 14, "num_statements": 14, "percent_covered": 100.0, "percent_covered_display": "100", "missing_lines": 0, "excluded_lines": 0, "percent_statements_covered": 100.0, "percent_statements_covered_display": "100"}, "missing_lines": [], "excluded_lines": []}}, "classes": {"ChangeSummary": {"executed_lines": [], "summary": {"covered_lines": 0, "num_statements": 0, "percent_covered": 100.0, "percent_covered_display": "100", "missing_lines": 0, "excluded_lines": 0, "percent_statements_covered": 100.0, "percent_statements_covered_display": "100"}, "missing_lines": [], "excluded_lines": []}, "DiffAnalyzerSignature": {"executed_lines": [], "summary": {"covered_lines": 0, "num_statements": 0, "percent_covered": 100.0, "percent_covered_display": "100", "missing_lines": 0, "excluded_lines": 0, "percent_statements_covered": 100.0, "percent_statements_covered_display": "100"}, "missing_lines": [], "excluded_lines": []}, "DiffAnalyzer": {"executed_lines": [30, 31], "summary": {"covered_lines": 2, "num_statements": 4, "percent_covered": 50.0, "percent_covered_display": "50", "missing_lines": 2, "excluded_lines": 0, "percent_statements_covered": 50.0, "percent_statements_covered_display": "50"}, "missing_lines": [34, 35], "excluded_lines": []}, "": {"executed_lines": [1, 3, 5, 6, 9, 10, 11, 12, 17, 18, 22, 23, 28, 29, 33], "summary": {"covered_lines": 14, "num_statements": 14, "percent_covered": 100.0, "percent_covered_display": "100", "missing_lines": 0, "excluded_lines": 0, "percent_statements_covered": 100.0, "percent_statements_covered_display": "100"}, "missing_lines": [], "excluded_lines": []}}}, "plumb/programs/question_synthesizer.py": {"executed_lines": [1, 3, 6, 7, 11, 12, 15, 16, 17, 18, 20], "summary": {"covered_lines": 10, "num_statements": 12, "percent_covered": 83.33333333333333, "percent_covered_display": "83", "missing_lines": 2, "excluded_lines": 0, "percent_statements_covered": 83.33333333333333, "percent_statements_covered_display": "83"}, "missing_lines": [21, 22], "excluded_lines": [], "functions": {"QuestionSynthesizer.__init__": {"executed_lines": [17, 18], "summary": {"covered_lines": 2, "num_statements": 2, "percent_covered": 100.0, "percent_covered_display": "100", "missing_lines": 0, "excluded_lines": 0, "percent_statements_covered": 100.0, "percent_statements_covered_display": "100"}, "missing_lines": [], "excluded_lines": []}, "QuestionSynthesizer.forward": {"executed_lines": [], "summary": {"covered_lines": 0, "num_statements": 2, "percent_covered": 0.0, "percent_covered_display": "0", "missing_lines": 2, "excluded_lines": 0, "percent_statements_covered": 0.0, "percent_statements_covered_display": "0"}, "missing_lines": [21, 22], "excluded_lines": []}, "": {"executed_lines": [1, 3, 6, 7, 11, 12, 15, 16, 20], "summary": {"covered_lines": 8, "num_statements": 8, "percent_covered": 100.0, "percent_covered_display": "100", "missing_lines": 0, "excluded_lines": 0, "percent_statements_covered": 100.0, "percent_statements_covered_display": "100"}, "missing_lines": [], "excluded_lines": []}}, "classes": {"QuestionSynthesizerSignature": {"executed_lines": [], "summary": {"covered_lines": 0, "num_statements": 0, "percent_covered": 100.0, "percent_covered_display": "100", "missing_lines": 0, "excluded_lines": 0, "percent_statements_covered": 100.0, "percent_statements_covered_display": "100"}, "missing_lines": [], "excluded_lines": []}, "QuestionSynthesizer": {"executed_lines": [17, 18], "summary": {"covered_lines": 2, "num_statements": 4, "percent_covered": 50.0, "percent_covered_display": "50", "missing_lines": 2, "excluded_lines": 0, "percent_statements_covered": 50.0, "percent_statements_covered_display": "50"}, "missing_lines": [21, 22], "excluded_lines": []}, "": {"executed_lines": [1, 3, 6, 7, 11, 12, 15, 16, 20], "summary": {"covered_lines": 8, "num_statements": 8, "percent_covered": 100.0, "percent_covered_display": "100", "missing_lines": 0, "excluded_lines": 0, "percent_statements_covered": 100.0, "percent_statements_covered_display": "100"}, "missing_lines": [], "excluded_lines": []}}}, "plumb/programs/requirement_parser.py": {"executed_lines": [1, 3, 4, 7, 8, 9, 12, 13, 17, 18, 23, 24, 25, 26, 28], "summary": {"covered_lines": 14, "num_statements"
[...]
ines": []}, "TestGetProgramLm.test_returns_lm_when_override_exists": {"executed_lines": [323, 324, 330, 331, 332, 333, 334], "summary": {"covered_lines": 7, "num_statements": 7, "percent_covered": 100.0, "percent_covered_display": "100", "missing_lines": 0, "excluded_lines": 0, "percent_statements_covered": 100.0, "percent_statements_covered_display": "100"}, "missing_lines": [], "excluded_lines": []}, "TestGetProgramLm.test_returns_none_when_no_repo_root": {"executed_lines": [338, 339, 340], "summary": {"covered_lines": 3, "num_statements": 3, "percent_covered": 100.0, "percent_covered_display": "100", "missing_lines": 0, "excluded_lines": 0, "percent_statements_covered": 100.0, "percent_statements_covered_display": "100"}, "missing_lines": [], "excluded_lines": []}, "": {"executed_lines": [1, 4, 5, 7, 8, 10, 11, 12, 13, 18, 23, 27, 32, 33, 37, 38, 41, 42, 53, 59, 64, 73, 74, 78, 93, 98, 105, 113, 114, 119, 125, 126, 132, 141, 146, 147, 151, 156, 157, 163, 164, 171, 172, 178, 179, 185, 186, 194, 195, 203, 204, 209, 210, 215, 216, 221, 222, 227, 228, 233, 234, 239, 240, 247, 248, 253, 254, 259, 264, 268, 286, 307, 308, 313, 321, 336], "summary": {"covered_lines": 75, "num_statements": 75, "percent_covered": 100.0, "percent_covered_display": "100", "missing_lines": 0, "excluded_lines": 0, "percent_statements_covered": 100.0, "percent_statements_covered_display": "100"}, "missing_lines": [], "excluded_lines": []}}, "classes": {"TestValidateApiAccess": {"executed_lines": [46, 48, 49, 50, 51, 54, 56, 57, 60, 62, 67, 69, 70], "summary": {"covered_lines": 13, "num_statements": 13, "percent_covered": 100.0, "percent_covered_display": "100", "missing_lines": 0, "excluded_lines": 0, "percent_statements_covered": 100.0, "percent_statements_covered_display": "100"}, "missing_lines": [], "excluded_lines": []}, "TestRunWithRetries": {"executed_lines": [75, 76, 80, 82, 84, 85, 86, 87, 89, 90, 91, 95, 96, 99, 100, 102, 103, 106, 107, 109, 110], "summary": {"covered_lines": 21, "num_statements": 21, "percent_covered": 100.0, "percent_covered_display": "100", "missing_lines": 0, "excluded_lines": 0, "percent_statements_covered": 100.0, "percent_statements_covered_display": "100"}, "missing_lines": [], "excluded_lines": []}, "TestChangeSummary": {"executed_lines": [115, 116, 117, 120, 121, 122], "summary": {"covered_lines": 6, "num_statements": 6, "percent_covered": 100.0, "percent_covered_display": "100", "missing_lines": 0, "excluded_lines": 0, "percent_statements_covered": 100.0, "percent_statements_covered_display": "100"}, "missing_lines": [], "excluded_lines": []}, "TestExtractedDecision": {"executed_lines": [127, 128, 129, 130, 133, 139, 142, 143], "summary": {"covered_lines": 8, "num_statements": 8, "percent_covered": 100.0, "percent_covered_display": "100", "missing_lines": 0, "excluded_lines": 0, "percent_statements_covered": 100.0, "percent_statements_covered_display": "100"}, "missing_lines": [], "excluded_lines": []}, "TestParsedRequirement": {"executed_lines": [148, 149, 152, 153], "summary": {"covered_lines": 4, "num_statements": 4, "percent_covered": 100.0, "percent_covered_display": "100", "missing_lines": 0, "excluded_lines": 0, "percent_statements_covered": 100.0, "percent_statements_covered_display": "100"}, "missing_lines": [], "excluded_lines": []}, "TestDiffAnalyzerSignature": {"executed_lines": [158, 159, 160], "summary": {"covered_lines": 3, "num_statements": 3, "percent_covered": 100.0, "percent_covered_display": "100", "missing_lines": 0, "excluded_lines": 0, "percent_statements_covered": 100.0, "percent_statements_covered_display": "100"}, "missing_lines": [], "excluded_lines": []}, "TestDecisionExtractorSignature": {"executed_lines": [165, 166, 167, 168], "summary": {"covered_lines": 4, "num_statements": 4, "percent_covered": 100.0, "percent_covered_display": "100", "missing_lines": 0, "excluded_lines": 0, "percent_statements_covered": 100.0, "percent_statements_covered_display": "100"}, "missing_lines": [], "excluded_lines": []}, "TestQuestionSynthesizerSignature": {"executed_lines": [173, 174, 175], "summary": {"covered_lines": 3, "num_statements": 3, "percent_covered": 100.0, "percent_covered_display": "100", "missing_lines": 0, "excluded_lines": 0, "percent_statements_covered": 100.0, "percent_statements_covered_display": "100"}, "missing_lines": [], "excluded_lines": []}, "TestRequirementParserSignature": {"executed_lines": [180, 181, 182], "summary": {"covered_lines": 3, "num_statements": 3, "percent_covered": 100.0, "percent_covered_display": "100", "missing_lines": 0, "excluded_lines": 0, "percent_statements_covered": 100.0, "percent_statements_covered_display": "100"}, "missing_lines": [], "excluded_lines": []}, "TestSpecUpdaterSignature": {"executed_lines": [187, 188, 189, 190, 191], "summary": {"covered_lines": 5, "num_statements": 5, "percent_covered": 100.0, "percent_covered_display": "100", "missing_lines": 0, "excluded_lines": 0, "percent_statements_covered": 100.0, "percent_statements_covered_display": "100"}, "missing_lines": [], "excluded_lines": []}, "TestTestGeneratorSignature": {"executed_lines": [196, 197, 198, 199, 200], "summary": {"covered_lines": 5, "num_statements": 5, "percent_covered": 100.0, "percent_covered_display": "100", "missing_lines": 0, "excluded_lines": 0, "percent_statements_covered": 100.0, "percent_statements_covered_display": "100"}, "missing_lines": [], "excluded_lines": []}, "TestDiffAnalyzerModule": {"executed_lines": [205, 206], "summary": {"covered_lines": 2, "num_statements": 2, "percent_covered": 100.0, "percent_covered_display": "100", "missing_lines": 0, "excluded_lines": 0, "percent_statements_covered": 100.0, "percent_statements_covered_display": "100"}, "missing_lines": [], "excluded_lines": []}, "TestDecisionExtractorModule": {"executed_lines": [211, 212], "summary": {"covered_lines": 2, "num_statements": 2, "percent_covered": 100.0, "percent_covered_display": "100", "missing_lines": 0, "excluded_lines": 0, "percent_statements_covered": 100.0, "percent_statements_covered_display": "100"}, "missing_lines": [], "excluded_lines": []}, "TestQuestionSynthesizerModule": {"executed_lines": [217, 218], "summary": {"covered_lines": 2, "num_statements": 2, "percent_covered": 100.0, "percent_covered_display": "100", "missing_lines": 0, "excluded_lines": 0, "percent_statements_covered": 100.0, "percent_statements_covered_display": "100"}, "missing_lines": [], "excluded_lines": []}, "TestRequirementParserModule": {"executed_lines": [223, 224], "summary": {"covered_lines": 2, "num_statements": 2, "percent_covered": 100.0, "percent_covered_display": "100", "missing_lines": 0, "excluded_lines": 0, "percent_statements_covered": 100.0, "percent_statements_covered_display": "100"}, "missing_lines": [], "excluded_lines": []}, "TestSpecUpdaterModule": {"executed_lines": [229, 230], "summary": {"covered_lines": 2, "num_statements": 2, "percent_covered": 100.0, "percent_covered_display": "100", "missing_lines": 0, "excluded_lines": 0, "percent_statements_covered": 100.0, "percent_statements_covered_display": "100"}, "missing_lines": [], "excluded_lines": []}, "TestTestGeneratorModule": {"executed_lines": [235, 236], "summary": {"covered_lines": 2, "num_statements": 2, "percent_covered": 100.0, "percent_covered_display": "100", "missing_lines": 0, "excluded_lines": 0, "percent_statements_covered": 100.0, "percent_statements_covered_display": "100"}, "missing_lines": [], "excluded_lines": []}, "TestDecisionDeduplicatorSignature": {"executed_lines": [241, 242, 243, 244], "summary": {"covered_lines": 4, "num_statements": 4, "percent_covered": 100.0, "percent_covered_display": "100", "missing_lines": 0, "excluded_lines": 0, "percent_statements_covered": 100.0, "percent_statements_covered_display": "100"}, "missing_lines": [], "excluded_lines": []}, "TestDecisionDeduplicatorModule": {"executed_lines": [249, 250], "summary": {"covered_lines": 2, "num_statements": 2, "percent_covered": 100.0, "percent_covered_display": "100", "missing_lines": 0, "excluded_lines": 0, "percent_statements_covered": 100.0, "percent_statements_covered_display": "100"}, "missing_lines": [], "excluded_lines": []}, "TestCodeModifier": {"executed_lines": [255, 256, 257, 260, 261, 262, 265, 266, 269, 270, 271, 274, 276, 277, 283, 284, 287, 288, 289, 290, 292, 293, 299, 300, 301, 302, 303, 304], "summary": {"covered_lines": 28, "num_statements": 28, "percent_covered": 100.0, "percent_covered_display": "100", "missing_lines": 0, "excluded_lines": 0, "percent_statements_covered": 100.0, "percent_statements_covered_display": "100"}, "missing_lines": [], "excluded_lines": []}, "TestGetProgramLm": {"executed_lines": [310, 311, 315, 316, 317, 318, 319, 323, 324, 330, 331, 332, 333, 334, 338, 339, 340], "summary": {"covered_lines": 17, "num_statements": 17, "percent_covered": 100.0, "percent_covered_display": "100", "missing_lines": 0, "excluded_lines": 0, "percent_statements_covered": 100.0, "percent_statements_covered_display": "100"}, "missing_lines": [], "excluded_lines": []}, "": {"executed_lines": [1, 4, 5, 7, 8, 10, 11, 12, 13, 18, 23, 27, 32, 33, 37, 38, 41, 42, 53, 59, 64, 73, 74, 78, 93, 98, 105, 113, 114, 119, 125, 126, 132, 141, 146, 147, 151, 156, 157, 163, 164, 171, 172, 178, 179, 185, 186, 194, 195, 203, 204, 209, 210, 215, 216, 221, 222, 227, 228, 233, 234, 239, 240, 247, 248, 253, 254, 259, 264, 268, 286, 307, 308, 313, 321, 336], "summary": {"covered_lines": 75, "num_statements": 75, "percent_covered": 100.0, "percent_covered_display": "100", "missing_lines": 0, "excluded_lines": 0, "percent_statements_covered": 100.0, "percent_statements_covered_display": "100"}, "missing_lines": [], "excluded_lines": []}}}, "tests/test_sync.py": {"executed_lines": [1, 2, 3, 4, 6, 7, 8, 17, 18, 20, 21, 22, 24, 25, 26, 27, 29, 30, 31, 32, 34, 35, 36, 37, 40, 41, 43, 44, 45, 47, 48, 49, 50, 51, 54, 55, 56, 57, 58, 60, 61, 62, 63, 65, 66, 67, 70, 71, 72, 73, 75, 76, 77, 79, 80, 87, 89, 90, 92, 94, 96, 98, 99, 100, 102, 103, 108, 109, 110, 112, 113, 114, 115, 116, 118, 120, 122, 123, 124, 125, 126, 129, 130, 134, 139, 141, 143, 145, 146, 147, 148, 149, 151, 153, 154, 155, 156, 167, 168, 170, 172, 174, 176, 177, 178, 180, 182, 184, 186, 188, 189, 190], "summary": {"covered_lines": 112, "num_statements": 112, "percent_covered": 100.0, "percent_covered_display": "100", "missing_lines": 0, "excluded_lines": 0, "percent_statements_covered": 100.0, "percent_statements_covered_display": "100"}, "missing_lines": [], "excluded_lines": [], "functions": {"TestGenerateRequirementId.test_format": {"executed_lines": [20, 21, 22], "summary": {"covered_lines": 3, "num_statements": 3, "percent_covered": 100.0, "percent_covered_display": "100", "missing_lines": 0, "excluded_lines": 0, "percent_statements_covered": 100.0, "percent_statements_covered_display": "100"}, "missing_lines": [], "excluded_lines": []}, "TestGenerateRequirementId.test_stability": {"executed_lines": [25, 26, 27], "summary": {"covered_lines": 3, "num_statements": 3, "percent_covered": 100.0, "percent_covered_display": "100", "missing_lines": 0, "excluded_lines": 0, "percent_statements_covered": 100.0, "percent_statements_covered_display": "100"}, "missing_lines": [], "excluded_lines": []}, "TestGenerateRequirementId.test_case_insensitive": {"executed_lines": [30, 31, 32], "summary": {"covered_lines": 3, "num_statements": 3, "percent_covered": 100.0, "percent_covered_display": "100", "missing_lines": 0, "excluded_lines": 0, "percent_statements_covered": 100.0, "percent_statements_covered_display": "100"}, "missing_lines": [], "excluded_lines": []}, "TestGenerateRequirementId.test_strips_whitespace": {"executed_lines": [35, 36, 37], "summary": {"covered_lines": 3, "num_statements": 3, "percent_covered": 100.0, "percent_covered_display": "100", "missing_lines": 0, "excluded_lines": 0, "percent_statements_covered": 100.0, "percent_statements_covered_display": "100"}, "missing_lines": [], "excluded_lines": []}, "TestAtomicWrite.test_writes_file": {"executed_lines": [43, 44, 45], "summary": {"covered_lines": 3, "num_statements": 3, "percent_covered": 100.0, "percent_covered_display": "100", "missing_lines": 0, "excluded_lines": 0, "percent_statements_covered": 100.0, "percent_statements_covered_display": "100"}, "missing_lines": [], "excluded_lines": []}, "TestAtomicWrite.test_overwrites_existing": {"executed_lines": [48, 49, 50, 51], "summary": {"covered_lines": 4, "num_statements": 4, "percent_covered": 100.0, "percent_covered_display": "100", "missing_lines": 0, "excluded_lines": 0, "percent_statements_covered": 100.0, "percent_statements_covered_display": "100"}, "missing_lines": [], "excluded_lines": []}, "TestFindSpecSection.test_single_section": {"executed_lines": [56, 57, 58], "summary": {"covered_lines": 3, "num_statements": 3, "percent_covered": 100.0, "percent_covered_display": "100", "missing_lines": 0, "excluded_lines": 0, "percent_statements_covered": 100.0, "percent_statements_covered_display": "100"}, "missing_lines": [], "excluded_lines": []}, "TestFindSpecSection.test_multiple_sections": {"executed_lines": [61, 62, 63], "summary": {"covered_lines": 3, "num_statements": 3, "percent_covered": 100.0, "percent_covered_display": "100", "missing_lines": 0, "excluded_lines": 0, "percent_statements_covered": 100.0, "percent_statements_covered_display": "100"}, "missing_lines": [], "excluded_lines": []}, "TestFindSpecSection.test_empty_content": {"executed_lines": [66, 67], "summary": {"covered_lines": 2, "num_statements": 2, "percent_covered": 100.0, "percent_covered_display": "100", "missing_lines": 0, "excluded_lines": 0, "percent_statements_covered": 100.0, "percent_statements_covered_display": "100"}, "missing_lines": [], "excluded_lines": []}, "TestSyncDecisions.test_no_config": {"executed_lines": [72, 73], "summary": {"covered_lines": 2, "num_statements": 2, "percent_covered": 100.0, "percent_covered_display": "100", "missing_lines": 0, "excluded_lines": 0, "percent_statements_covered": 100.0, "percent_statements_covered_display": "100"}, "missing_lines": [], "excluded_lines": []}, "TestSyncDecisions.test_no_decisions_to_sync": {"executed_lines": [76, 77], "summary": {"covered_lines": 2, "num_statements": 2, "percent_covered": 100.0, "percent_covered_display": "100", "missing_lines": 0, "excluded_lines": 0, "percent_statements_covered": 100.0, "percent_statements_covered_display": "100"}, "missing_lines": [], "excluded_lines": []}, "TestSyncDecisions.test_syncs_approved_decision": {"executed_lines": [80, 87, 89, 90, 92, 94, 96, 98, 99, 100], "summary": {"covered_lines": 10, "num_statements": 10, "percent_covered": 100.0, "percent_covered_display": "100", "missing_lines": 0, "excluded_lines": 0, "percent_statements_covered": 100.0, "percent_statements_covered_display": "100"}, "missing_lines": [], "excluded_lines": []}, "TestSyncDecisions.test_skips_already_synced": {"executed_lines": [103, 108, 109, 110], "summary": {"covered_lines": 4, "num_statements": 4, "percent_covered": 100.0, "percent_covered_display": "100", "missing_lines": 0, "excluded_lines": 0, "percent_statements_covered": 100.0, "percent_statements_covered_display": "100"}, "missing_lines": [], "excluded_lines": []}, "TestSyncDecisions.test_filters_by_decision_ids": {"executed_lines": [113, 114, 115, 116, 118, 120, 122, 123, 124, 125, 126], "summary": {"covered_lines": 11, "num_statements": 11, "percent_covered": 100.0, "percent_covered_display": "100", "missing_lines": 0, "excluded_lines": 0, "percent_statements_covered": 100.0, "percent_statements_covered_display": "100"}, "missing_lines": [], "excluded_lines": []}, "TestParseSpecFiles.test_parses_spec": {"executed_lines": [134, 139, 141, 143, 145, 146, 147, 148, 149], "summary": {"covered_lines": 9, "num_statements": 9, "percent_covered": 100.0, "percent_covered_display": "100", "missing_lines": 0, "excluded_lines": 0, "percent_statements_covered": 100.0, "percent_statements_covered_display": "100"}, "missing_lines": [], "excluded_lines": []}, "TestParseSpecFiles.test_preserves_created_at_for_existing_requirements": {"executed_lines": [153, 154, 155, 156, 167, 168, 170, 172, 174, 176, 177, 178], "summary": {"covered_lines": 12, "num_statements": 12, "percent_covered": 100.0, "percent_covered_display": "100", "missing_lines": 0, "excluded_lines": 0, "percent_statements_covered": 100.0, "percent_statements_covered_display": "100"}, "missing_lines": [], "excluded_lines": []}, "TestParseSpecFiles.test_new_requirement_gets_current_timestamp": {"executed_lines": [182, 184, 186, 188, 189, 190], "summary": {"covered_lines": 6, "num_statements": 6, "percent_covered": 100.0, "percent_covered_display": "100", "missing_lines": 0, "excluded_lines": 0, "percent_statements_covered": 100.0, "percent_statements_covered_display": "100"}, "missing_lines": [], "excluded_lines": []}, "": {"executed_lines": [1, 2, 3, 4, 6, 7, 8, 17, 18, 24, 29, 34, 40, 41, 47, 54, 55, 60, 65, 70, 71, 75, 79, 102, 112, 129, 130, 151, 180], "summary": {"covered_lines": 29, "num_statements": 29, "percent_covered": 100.0, "percent_covered_display": "100", "missing_lines": 0, "excluded_lines": 0, "percent_statements_covered": 100.0, "percent_statements_covered_display": "100"}, "missing_lines": [], "excluded_lines": []}}, "classes": {"TestGenerateRequirementId": {"executed_lines": [20, 21, 22, 25, 26, 27, 30, 31, 32, 35, 36, 37], "summary": {"covered_lines": 12, "num_statements": 12, "percent_covered": 100.0, "percent_covered_display": "100", "missing_lines": 0, "excluded_lines": 0, "percent_statements_covered": 100.0, "percent_statements_covered_display": "100"}, "missing_lines": [], "excluded_lines": []}, "TestAtomicWrite": {"executed_lines": [43, 44, 45, 48, 49, 50, 51], "summary": {"covered_lines": 7, "num_statements": 7, "percent_covered": 100.0, "percent_covered_display": "100", "missing_lines": 0, "excluded_lines": 0, "percent_statements_covered": 100.0, "percent_statements_covered_display": "100"}, "missing_lines": [], "excluded_lines": []}, "TestFindSpecSection": {"executed_lines": [56, 57, 58, 61, 62, 63, 66, 67], "summary": {"covered_lines": 8, "num_statements": 8, "percent_covered": 100.0, "percent_covered_display": "100", "missing_lines": 0, "excluded_lines": 0, "percent_statements_covered": 100.0, "percent_statements_covered_display": "100"}, "missing_lines": [], "excluded_lines": []}, "TestSyncDecisions": {"executed_lines": [72, 73, 76, 77, 80, 87, 89, 90, 92, 94, 96, 98, 99, 100, 103, 108, 109, 110, 113, 114, 115, 116, 118, 120, 122, 123, 124, 125, 126], "summary": {"covered_lines": 29, "num_statements": 29, "percent_covered": 100.0, "percent_covered_display": "100", "missing_lines": 0, "excluded_lines": 0, "percent_statements_covered": 100.0, "percent_statements_covered_display": "100"}, "missing_lines": [], "excluded_lines": []}, "TestParseSpecFiles": {"executed_lines": [134, 139, 141, 143, 145, 146, 147, 148, 149, 153, 154, 155, 156, 167, 168, 170, 172, 174, 176, 177, 178, 182, 184, 186, 188, 189, 190], "summary": {"covered_lines": 27, "num_statements": 27, "percent_covered": 100.0, "percent_covered_display": "100", "missing_lines": 0, "excluded_lines": 0, "percent_statements_covered": 100.0, "percent_statements_covered_display": "100"}, "missing_lines": [], "excluded_lines": []}, "": {"executed_lines": [1, 2, 3, 4, 6, 7, 8, 17, 18, 24, 29, 34, 40, 41, 47, 54, 55, 60, 65, 70, 71, 75, 79, 102, 112, 129, 130, 151, 180], "summary": {"covered_lines": 29, "num_statements": 29, "percent_covered": 100.0, "percent_covered_display": "100", "missing_lines": 0, "excluded_lines": 0, "percent_statements_covered": 100.0, "percent_statements_covered_display": "100"}, "missing_lines": [], "excluded_lines": []}}}}, "totals": {"covered_lines": 3549, "num_statements": 3922, "percent_covered": 90.48954614992351, "percent_covered_display": "90", "missing_lines": 373, "excluded_lines": 0, "percent_statements_covered": 90.48954614992351, "percent_statements_covered_display": "90"}}